<?xml version="1.0" encoding="UTF-8"?>
<!-- Generated by org.testng.reporters.JUnitXMLReporter -->
<testsuite ignored="0" hostname="EGY-Elzaraa" failures="1" tests="1" name="Mobile Tests" time="42.906" errors="0" timestamp="2025-01-16T15:58:00 EET">
  <testcase classname="mobileTests.FillTheFormUsingFrameWork" name="fillTheFormTest" time="22.32">
    <failure type="java.lang.AssertionError" message="expected [country] but found [Egypt]">
      <![CDATA[java.lang.AssertionError: expected [country] but found [Egypt]
at mobileTests.FillTheFormUsingFrameWork.fillTheFormTest(FillTheFormUsingFrameWork.java:28)
at java.base/java.util.ArrayList.forEach(ArrayList.java:1596)
at java.base/java.util.concurrent.FutureTask.run(FutureTask.java:317)
at java.base/java.util.concurrent.ThreadPoolExecutor.runWorker(ThreadPoolExecutor.java:1144)
at java.base/java.util.concurrent.ThreadPoolExecutor$Worker.run(ThreadPoolExecutor.java:642)
at java.base/java.lang.Thread.run(Thread.java:1583)
... Removed 21 stack frames]]>
    </failure>
  </testcase> <!-- fillTheFormTest -->
</testsuite> <!-- Mobile Tests -->
