<?xml version="1.0" encoding="UTF-8"?>
<!-- Generated by org.testng.reporters.JUnitXMLReporter -->
<testsuite ignored="0" hostname="E1604992" failures="1" tests="1" name="Mobile Tests" time="40.275" errors="0" timestamp="2025-12-23T16:09:54 EET">
  <testcase classname="mobileTests.FillTheFormUsingFrameWork" name="fillTheFormTest" time="21.188">
    <failure type="java.lang.AssertionError" message="expected [Female] but found [true]">
      <![CDATA[java.lang.AssertionError: expected [Female] but found [true]
at mobileTests.FillTheFormUsingFrameWork.fillTheFormTest(FillTheFormUsingFrameWork.java:32)
at java.base/java.util.ArrayList.forEach(ArrayList.java:1604)
at java.base/java.util.concurrent.FutureTask.run(FutureTask.java:328)
at java.base/java.util.concurrent.ThreadPoolExecutor.runWorker(ThreadPoolExecutor.java:1095)
at java.base/java.util.concurrent.ThreadPoolExecutor$Worker.run(ThreadPoolExecutor.java:619)
at java.base/java.lang.Thread.run(Thread.java:1447)
... Removed 21 stack frames]]>
    </failure>
  </testcase> <!-- fillTheFormTest -->
</testsuite> <!-- Mobile Tests -->
