<?xml version="1.0" encoding="UTF-8"?>
<testsuite xmlns:xsi="http://www.w3.org/2001/XMLSchema-instance" xsi:noNamespaceSchemaLocation="https://maven.apache.org/surefire/maven-surefire-plugin/xsd/surefire-test-report-3.0.xsd" version="3.0" name="TestSuite" time="40.454" tests="1" errors="0" skipped="0" failures="1">
  <properties>
[...]
</properties>
  <testcase name="fillTheFormTest" classname="mobileTests.FillTheFormUsingFrameWork" time="21.189">
    <failure message="expected [Female] but found [true]" type="java.lang.AssertionError"><![CDATA[java.lang.AssertionError: expected [Female] but found [true]
	at org.testng.Assert.fail(Assert.java:111)
	at org.testng.Assert.failNotEquals(Assert.java:1578)
	at org.testng.Assert.assertEqualsImpl(Assert.java:150)
	at org.testng.Assert.assertEquals(Assert.java:132)
	at org.testng.Assert.assertEquals(Assert.java:656)
	at org.testng.Assert.assertEquals(Assert.java:666)
	at mobileTests.FillTheFormUsingFrameWork.fillTheFormTest(FillTheFormUsingFrameWork.java:32)
	at java.base/jdk.internal.reflect.DirectMethodHandleAccessor.invoke(DirectMethodHandleAccessor.java:104)
	at java.base/java.lang.reflect.Method.invoke(Method.java:565)
	at org.testng.internal.invokers.MethodInvocationHelper.invokeMethod(MethodInvocationHelper.java:141)
	at org.testng.internal.invokers.TestInvoker.invokeMethod(TestInvoker.java:686)
	at org.testng.internal.invokers.TestInvoker.invokeTestMethod(TestInvoker.java:230)
	at org.testng.internal.invokers.MethodRunner.runInSequence(MethodRunner.java:63)
	at org.testng.internal.invokers.TestInvoker$MethodInvocationAgent.invoke(TestInvoker.java:992)
	at org.testng.internal.invokers.TestInvoker.invokeTestMethods(TestInvoker.java:203)
	at org.testng.internal.invokers.TestMethodWorker.invokeTestMethods(TestMethodWorker.java:154)
	at org.testng.internal.invokers.TestMethodWorker.run(TestMethodWorker.java:134)
	at java.base/java.util.ArrayList.forEach(ArrayList.java:1604)
	at org.testng.TestRunner.privateRun(TestRunner.java:739)
	at org.testng.TestRunner.run(TestRunner.java:614)
	at org.testng.SuiteRunner.runTest(SuiteRunner.java:421)
	at org.testng.SuiteRunner$SuiteWorker.run(SuiteRunner.java:463)
	at org.testng.internal.thread.ThreadUtil.lambda$execute$0(ThreadUtil.java:64)
	at java.base/java.util.concurrent.FutureTask.run(FutureTask.java:328)
	at java.base/java.util.concurrent.ThreadPoolExecutor.runWorker(ThreadPoolExecutor.java:1095)
	at java.base/java.util.concurrent.ThreadPoolExecutor$Worker.run(ThreadPoolExecutor.java:619)
	at java.base/java.lang.Thread.run(Thread.java:1447)
]]></failure>
    <system-out><![CDATA[✔ Local AVD detected: Phone16
🚀 Starting emulator: Phone16
&amp#27;[38;5;112m[Appium]&amp#27;[0m Welcome to Appium v3.0.0-rc.2
&amp#27;[38;5;112m[Appium]&amp#27;[0m Non-default server args:
&amp#27;[38;5;112m[Appium]&amp#27;[0m { address: &amp#27;[32m'127.0.0.1'&amp#27;[39m, port: &amp#27;[33m4724&amp#27;[39m }
&amp#27;[38;5;112m[Appium]&amp#27;[0m The autodetected Appium home path: /Users/alzahraa.mahmoud/.appium
&amp#27;[38;5;112m[Appium]&amp#27;[0m Attempting to load driver uiautomator2...
&amp#27;[38;5;112m[Appium]&amp#27;[0m Attempting to load driver xcuitest...
&amp#27;[38;5;112m[Appium]&amp#27;[0m Requiring driver at /Users/alzahraa.mahmoud/.appium/node_modules/appium-uiautomator2-driver/build/index.js
&amp#27;[38;5;112m[Appium]&amp#27;[0m Requiring driver at /Users/alzahraa.mahmoud/.appium/node_modules/appium-xcuitest-driver/build/index.js
&amp#27;[38;5;112m[Appium]&amp#27;[0m AndroidUiautomator2Driver has been successfully loaded in 0.641s
&amp#27;[38;5;112m[Appium]&amp#27;[0m XCUITestDriver has been successfully loaded in 1.372s
&amp#27;[38;5;112m[Appium]&amp#27;[0m Appium REST http interface listener started on http://127.0.0.1:4724
&amp#27;[38;5;112m[Appium]&amp#27;[0m Available drivers:
&amp#27;[38;5;112m[Appium]&amp#27;[0m   - uiautomator2@5.0.5 (automationName 'UiAutomator2')
&amp#27;[38;5;112m[Appium]&amp#27;[0m   - xcuitest@10.2.2 (automationName 'XCUITest')
&amp#27;[38;5;112m[Appium]&amp#27;[0m No plugins have been installed. Use the "appium plugin" command to install the one(s) you want to use.
&amp#27;[38;5;86m[HTTP]&amp#27;[0m &amp#27;[37m-->&amp#27;[39m &amp#27;[37mGET&amp#27;[39m &amp#27;[37m/status&amp#27;[39m &amp#27;[90m&amp#27;[39m
&amp#27;[38;5;161m[AppiumDriver@ef71]&amp#27;[0m Calling AppiumDriver.getStatus() with args: []
&amp#27;[38;5;161m[AppiumDriver@ef71]&amp#27;[0m Responding to client with driver.getStatus() result: {"ready":true,"message":"The server is ready to accept new connections","build":{"version":"3.0.0-rc.2"}}
&amp#27;[38;5;86m[HTTP]&amp#27;[0m &amp#27;[37m<-- GET /status &amp#27;[39m&amp#27;[32m200&amp#27;[39m &amp#27;[90m2 ms - 115&amp#27;[39m &amp#27;[90m&amp#27;[39m
http://127.0.0.1:4724
&amp#27;[38;5;86m[HTTP]&amp#27;[0m Request idempotency key: 980198da-23b8-4c3b-a029-ddc68bceb552
&amp#27;[38;5;86m[HTTP]&amp#27;[0m &amp#27;[37m-->&amp#27;[39m &amp#27;[37mPOST&amp#27;[39m &amp#27;[37m/session&amp#27;[39m &amp#27;[90m{"capabilities":{"firstMatch":[{}],"alwaysMatch":{"appium:app":"/Users/alzahraa.mahmoud/Downloads/E-commerceAPPByAppium/E-commerceAppTestByAppium/src/test/resources/Utils/General-Store.apk","appium:automationName":"UIAutomator2","platformName":"android"}}}&amp#27;[39m
&amp#27;[38;5;161m[AppiumDriver@ef71]&amp#27;[0m Calling AppiumDriver.createSession() with args: [{"firstMatch":[{}],"alwaysMatch":{"appium:app":"/Users/alzahraa.mahmoud/Downloads/E-commerceAPPByAppium/E-commerceAppTestByAppium/src/test/resources/Utils/General-Store.apk","appium:automationName":"UIAutomator2","platformName":"android"}},{"firstMatch":[{}],"alwaysMatch":{"appium:app":"/Users/alzahraa.mahmoud/Downloads/E-commerceAPPByAppium/E-commerceAppTestByAppium/src/test/resources/Utils/General-Store.apk","appium:automationName":"UIAutomator2","platformName":"android"}},{"firstMatch":[{}],"alwaysMatch":{"appium:app":"/Users/alzahraa.mahmoud/Downloads/E-commerceAPPByAppium/E-commerceAppTestByAppium/src/test/resources/Utils/General-Store.apk","appium:automationName":"UIAutomator2","platformName":"android"}}]
&amp#27;[38;5;161m[AppiumDriver@ef71]&amp#27;[0m Event 'newSessionRequested' logged at 1766498967126 (16:09:27 GMT+0200 (Eastern European Standard Time))
&amp#27;[38;5;112m[Appium]&amp#27;[0m Attempting to find matching driver for automationName 'UIAutomator2' and platformName 'android'
&amp#27;[38;5;112m[Appium]&amp#27;[0m The 'uiautomator2' driver was installed and matched caps.
&amp#27;[38;5;112m[Appium]&amp#27;[0m Will require it at /Users/alzahraa.mahmoud/.appium/node_modules/appium-uiautomator2-driver
&amp#27;[38;5;112m[Appium]&amp#27;[0m Requiring driver at /Users/alzahraa.mahmoud/.appium/node_modules/appium-uiautomator2-driver/build/index.js
&amp#27;[38;5;161m[AppiumDriver@ef71]&amp#27;[0m Appium v3.0.0-rc.2 creating new AndroidUiautomator2Driver (v5.0.5) session
&amp#27;[38;5;161m[AppiumDriver@ef71]&amp#27;[0m Checking BaseDriver versions for Appium and AndroidUiautomator2Driver
&amp#27;[38;5;161m[AppiumDriver@ef71]&amp#27;[0m Appium's BaseDriver version is 10.1.0
&amp#27;[38;5;161m[AppiumDriver@ef71]&amp#27;[0m AndroidUiautomator2Driver's BaseDriver version is 10.1.0
&amp#27;[38;5;-145m[AndroidUiautomator2Driver@62db]&amp#27;[0m 
&amp#27;[38;5;-145m[AndroidUiautomator2Driver@62db]&amp#27;[0m Creating session with W3C capabilities: {
  "alwaysMatch": {
    "platformName": "android",
    "appium:app": "/Users/alzahraa.mahmoud/Downloads/E-commerceAPPByAppium/E-commerceAppTestByAppium/src/test/resources/Utils/General-Store.apk",
    "appium:automationName": "UIAutomator2"
  },
  "firstMatch": [
    {}
  ]
}
&amp#27;[38;5;145m[cba012df]&amp#27;[0m&amp#27;[38;5;-145m[AndroidUiautomator2Driver@62db]&amp#27;[0m Session created with session id: cba012df-a0df-4e0f-9b3e-ccba6011c453
&amp#27;[38;5;145m[cba012df]&amp#27;[0m&amp#27;[38;5;229m[ADB]&amp#27;[0m Found 2 'build-tools' folders under '/Users/alzahraa.mahmoud/Library/Android/sdk' (newest first):
&amp#27;[38;5;145m[cba012df]&amp#27;[0m&amp#27;[38;5;229m[ADB]&amp#27;[0m     /Users/alzahraa.mahmoud/Library/Android/sdk/build-tools/36.0.0
&amp#27;[38;5;145m[cba012df]&amp#27;[0m&amp#27;[38;5;229m[ADB]&amp#27;[0m     /Users/alzahraa.mahmoud/Library/Android/sdk/build-tools/35.0.1
&amp#27;[38;5;145m[cba012df]&amp#27;[0m&amp#27;[38;5;229m[ADB]&amp#27;[0m Using 'adb' from '/Users/alzahraa.mahmoud/Library/Android/sdk/platform-tools/adb'
&amp#27;[38;5;145m[cba012df]&amp#27;[0m&amp#27;[38;5;229m[ADB]&amp#27;[0m Running '/Users/alzahraa.mahmoud/Library/Android/sdk/platform-tools/adb -P 5037 start-server'
&amp#27;[38;5;145m[cba012df]&amp#27;[0m&amp#27;[38;5;-145m[AndroidUiautomator2Driver@62db]&amp#27;[0m Retrieving device list
&amp#27;[38;5;145m[cba012df]&amp#27;[0m&amp#27;[38;5;229m[ADB]&amp#27;[0m Trying to find connected Android devices
&amp#27;[38;5;145m[cba012df]&amp#27;[0m&amp#27;[38;5;229m[ADB]&amp#27;[0m Getting connected devices
&amp#27;[38;5;145m[cba012df]&amp#27;[0m&amp#27;[38;5;229m[ADB]&amp#27;[0m Connected devices: [{"udid":"emulator-5554","state":"device"}]
&amp#27;[38;5;145m[cba012df]&amp#27;[0m&amp#27;[38;5;-145m[AndroidUiautomator2Driver@62db]&amp#27;[0m Using device: emulator-5554
&amp#27;[38;5;145m[cba012df]&amp#27;[0m&amp#27;[38;5;229m[ADB]&amp#27;[0m Using 'adb' from '/Users/alzahraa.mahmoud/Library/Android/sdk/platform-tools/adb'
&amp#27;[38;5;145m[cba012df]&amp#27;[0m&amp#27;[38;5;229m[ADB]&amp#27;[0m Running '/Users/alzahraa.mahmoud/Library/Android/sdk/platform-tools/adb -P 5037 start-server'
&amp#27;[38;5;145m[cba012df]&amp#27;[0m&amp#27;[38;5;229m[ADB]&amp#27;[0m Setting device id to emulator-5554
&amp#27;[38;5;145m[cba012df]&amp#27;[0m&amp#27;[38;5;123m[BaseDriver]&amp#27;[0m Using local app '/Users/alzahraa.mahmoud/Downloads/E-commerceAPPByAppium/E-commerceAppTestByAppium/src/test/resources/Utils/General-Store.apk'
&amp#27;[38;5;145m[cba012df]&amp#27;[0m&amp#27;[38;5;-145m[AndroidUiautomator2Driver@62db]&amp#27;[0m Checking whether app is actually present
&amp#27;[38;5;145m[cba012df]&amp#27;[0m&amp#27;[38;5;229m[ADB]&amp#27;[0m Running '/Users/alzahraa.mahmoud/Library/Android/sdk/platform-tools/adb -P 5037 -s emulator-5554 shell getprop ro.build.version.sdk'
&amp#27;[38;5;145m[cba012df]&amp#27;[0m&amp#27;[38;5;229m[ADB]&amp#27;[0m Current device property 'ro.build.version.sdk': 36
&amp#27;[38;5;145m[cba012df]&amp#27;[0m&amp#27;[38;5;229m[ADB]&amp#27;[0m Getting device platform version
&amp#27;[38;5;145m[cba012df]&amp#27;[0m&amp#27;[38;5;229m[ADB]&amp#27;[0m Running '/Users/alzahraa.mahmoud/Library/Android/sdk/platform-tools/adb -P 5037 -s emulator-5554 shell getprop ro.build.version.release'
&amp#27;[38;5;145m[cba012df]&amp#27;[0m&amp#27;[38;5;229m[ADB]&amp#27;[0m Current device property 'ro.build.version.release': 16
&amp#27;[38;5;145m[cba012df]&amp#27;[0m&amp#27;[38;5;229m[ADB]&amp#27;[0m Device API level: 36
&amp#27;[38;5;145m[cba012df]&amp#27;[0m&amp#27;[38;5;-145m[AndroidUiautomator2Driver@62db]&amp#27;[0m Relaxing hidden api policy
&amp#27;[38;5;145m[cba012df]&amp#27;[0m&amp#27;[38;5;229m[ADB]&amp#27;[0m Running '/Users/alzahraa.mahmoud/Library/Android/sdk/platform-tools/adb -P 5037 -s emulator-5554 shell 'settings put global hidden_api_policy_pre_p_apps 1;settings put global hidden_api_policy_p_apps 1;settings put global hidden_api_policy 1''
&amp#27;[38;5;145m[cba012df]&amp#27;[0m&amp#27;[38;5;-145m[AndroidUiautomator2Driver@62db]&amp#27;[0m Parsing package and activity from the 'General-Store.apk' file manifest
&amp#27;[38;5;145m[cba012df]&amp#27;[0m&amp#27;[38;5;229m[ADB]&amp#27;[0m Running '/Users/alzahraa.mahmoud/Library/Android/sdk/platform-tools/adb -P 5037 -s emulator-5554 wait-for-device'
&amp#27;[38;5;145m[cba012df]&amp#27;[0m&amp#27;[38;5;229m[ADB]&amp#27;[0m Using 'aapt2' from '/Users/alzahraa.mahmoud/Library/Android/sdk/build-tools/36.0.0/aapt2'
&amp#27;[38;5;145m[cba012df]&amp#27;[0m&amp#27;[38;5;229m[ADB]&amp#27;[0m Reading package manifest: '/Users/alzahraa.mahmoud/Library/Android/sdk/build-tools/36.0.0/aapt2 dump badging /Users/alzahraa.mahmoud/Downloads/E-commerceAPPByAppium/E-commerceAppTestByAppium/src/test/resources/Utils/General-Store.apk'
&amp#27;[38;5;145m[cba012df]&amp#27;[0m&amp#27;[38;5;229m[ADB]&amp#27;[0m Running '/Users/alzahraa.mahmoud/Library/Android/sdk/platform-tools/adb -P 5037 -s emulator-5554 shell echo ping'
&amp#27;[38;5;145m[cba012df]&amp#27;[0m&amp#27;[38;5;-145m[AndroidUiautomator2Driver@62db]&amp#27;[0m Pushing settings apk to the device...
&amp#27;[38;5;145m[cba012df]&amp#27;[0m&amp#27;[38;5;229m[ADB]&amp#27;[0m Getting package info for 'io.appium.settings'
&amp#27;[38;5;145m[cba012df]&amp#27;[0m&amp#27;[38;5;229m[ADB]&amp#27;[0m Running '/Users/alzahraa.mahmoud/Library/Android/sdk/platform-tools/adb -P 5037 -s emulator-5554 shell dumpsys package io.appium.settings'
&amp#27;[38;5;145m[cba012df]&amp#27;[0m&amp#27;[38;5;229m[ADB]&amp#27;[0m Package name: 'com.androidsample.generalstore'
&amp#27;[38;5;145m[cba012df]&amp#27;[0m&amp#27;[38;5;229m[ADB]&amp#27;[0m Main activity name: 'com.androidsample.generalstore.SplashActivity'
&amp#27;[38;5;145m[cba012df]&amp#27;[0m&amp#27;[38;5;-145m[AndroidUiautomator2Driver@62db]&amp#27;[0m Resolved launch package -> activity: com.androidsample.generalstore -> com.androidsample.generalstore.SplashActivity
&amp#27;[38;5;145m[cba012df]&amp#27;[0m&amp#27;[38;5;-145m[AndroidUiautomator2Driver@62db]&amp#27;[0m Resolved wait package -> activity: com.androidsample.generalstore -> com.androidsample.generalstore.SplashActivity
&amp#27;[38;5;145m[cba012df]&amp#27;[0m&amp#27;[38;5;229m[ADB]&amp#27;[0m Reading package manifest: '/Users/alzahraa.mahmoud/Library/Android/sdk/build-tools/36.0.0/aapt2 dump badging /Users/alzahraa.mahmoud/.appium/node_modules/appium-uiautomator2-driver/node_modules/io.appium.settings/apks/settings_apk-debug.apk'
&amp#27;[38;5;145m[cba012df]&amp#27;[0m&amp#27;[38;5;229m[ADB]&amp#27;[0m The version name of the installed 'io.appium.settings' is greater or equal to the application version name ('6.0.6' >= '6.0.6')
&amp#27;[38;5;145m[cba012df]&amp#27;[0m&amp#27;[38;5;229m[ADB]&amp#27;[0m There is no need to install/upgrade '/Users/alzahraa.mahmoud/.appium/node_modules/appium-uiautomator2-driver/node_modules/io.appium.settings/apks/settings_apk-debug.apk'
&amp#27;[38;5;145m[cba012df]&amp#27;[0m&amp#27;[38;5;229m[ADB]&amp#27;[0m Running '/Users/alzahraa.mahmoud/Library/Android/sdk/platform-tools/adb -P 5037 -s emulator-5554 shell dumpsys activity services io.appium.settings'
&amp#27;[38;5;145m[cba012df]&amp#27;[0m&amp#27;[38;5;229m[ADB]&amp#27;[0m Running '/Users/alzahraa.mahmoud/Library/Android/sdk/platform-tools/adb -P 5037 -s emulator-5554 shell cmd notification allow_listener io.appium.settings/.NLService'
&amp#27;[38;5;145m[cba012df]&amp#27;[0m&amp#27;[38;5;229m[ADB]&amp#27;[0m Running '/Users/alzahraa.mahmoud/Library/Android/sdk/platform-tools/adb -P 5037 -s emulator-5554 shell appops set io.appium.settings PROJECT_MEDIA allow'
&amp#27;[38;5;145m[cba012df]&amp#27;[0m&amp#27;[38;5;229m[ADB]&amp#27;[0m Running '/Users/alzahraa.mahmoud/Library/Android/sdk/platform-tools/adb -P 5037 -s emulator-5554 shell dumpsys activity services io.appium.settings'
&amp#27;[38;5;145m[cba012df]&amp#27;[0m&amp#27;[38;5;78m[SettingsApp]&amp#27;[0m Starting Appium Settings app
&amp#27;[38;5;145m[cba012df]&amp#27;[0m&amp#27;[38;5;229m[ADB]&amp#27;[0m Running '/Users/alzahraa.mahmoud/Library/Android/sdk/platform-tools/adb -P 5037 -s emulator-5554 shell am start-activity -n io.appium.settings/.Settings -a android.intent.action.MAIN -c android.intent.category.LAUNCHER'
&amp#27;[38;5;145m[cba012df]&amp#27;[0m&amp#27;[38;5;229m[ADB]&amp#27;[0m Running '/Users/alzahraa.mahmoud/Library/Android/sdk/platform-tools/adb -P 5037 -s emulator-5554 shell dumpsys activity services io.appium.settings'
&amp#27;[38;5;145m[cba012df]&amp#27;[0m&amp#27;[38;5;229m[ADB]&amp#27;[0m Running '/Users/alzahraa.mahmoud/Library/Android/sdk/platform-tools/adb -P 5037 -s emulator-5554 shell dumpsys activity services io.appium.settings'
&amp#27;[38;5;145m[cba012df]&amp#27;[0m&amp#27;[38;5;160m[Logcat]&amp#27;[0m Starting logs capture with command: /Users/alzahraa.mahmoud/Library/Android/sdk/platform-tools/adb -P 5037 -s emulator-5554 logcat -v threadtime
&amp#27;[38;5;145m[cba012df]&amp#27;[0m&amp#27;[38;5;-145m[AndroidUiautomator2Driver@62db]&amp#27;[0m Forwarding UiAutomator2 Server port 6790 to local port 8200
&amp#27;[38;5;145m[cba012df]&amp#27;[0m&amp#27;[38;5;229m[ADB]&amp#27;[0m Forwarding system: 8200 to device: 6790
&amp#27;[38;5;145m[cba012df]&amp#27;[0m&amp#27;[38;5;229m[ADB]&amp#27;[0m Running '/Users/alzahraa.mahmoud/Library/Android/sdk/platform-tools/adb -P 5037 -s emulator-5554 forward tcp:8200 tcp:6790'
&amp#27;[38;5;145m[cba012df]&amp#27;[0m&amp#27;[38;5;-145m[AndroidUiautomator2Driver@62db]&amp#27;[0m UIA2Proxy options: {"server":"127.0.0.1","port":8200,"keepAlive":true,"scheme":"http","base":"","reqBasePath":"","sessionId":null,"timeout":240000}
&amp#27;[38;5;145m[cba012df]&amp#27;[0m&amp#27;[38;5;229m[ADB]&amp#27;[0m Getting package info for 'io.appium.uiautomator2.server'
&amp#27;[38;5;145m[cba012df]&amp#27;[0m&amp#27;[38;5;229m[ADB]&amp#27;[0m Running '/Users/alzahraa.mahmoud/Library/Android/sdk/platform-tools/adb -P 5037 -s emulator-5554 shell dumpsys package io.appium.uiautomator2.server'
&amp#27;[38;5;145m[cba012df]&amp#27;[0m&amp#27;[38;5;229m[ADB]&amp#27;[0m Getting install status for io.appium.uiautomator2.server.test
&amp#27;[38;5;145m[cba012df]&amp#27;[0m&amp#27;[38;5;229m[ADB]&amp#27;[0m Checking app cert for /Users/alzahraa.mahmoud/Downloads/E-commerceAPPByAppium/E-commerceAppTestByAppium/src/test/resources/Utils/General-Store.apk
&amp#27;[38;5;145m[cba012df]&amp#27;[0m&amp#27;[38;5;229m[ADB]&amp#27;[0m Running '/Users/alzahraa.mahmoud/Library/Android/sdk/platform-tools/adb -P 5037 -s emulator-5554 shell cmd package list packages'
&amp#27;[38;5;145m[cba012df]&amp#27;[0m&amp#27;[38;5;229m[ADB]&amp#27;[0m Using 'apksigner.jar' from '/Users/alzahraa.mahmoud/Library/Android/sdk/build-tools/36.0.0/lib/apksigner.jar'
&amp#27;[38;5;145m[cba012df]&amp#27;[0m&amp#27;[38;5;229m[ADB]&amp#27;[0m Starting apksigner: /Library/Java/JavaVirtualMachines/jdk-24.jdk/Contents/Home/bin/java -Xmx1024M -Xss1m -jar /Users/alzahraa.mahmoud/Library/Android/sdk/build-tools/36.0.0/lib/apksigner.jar verify --print-certs /Users/alzahraa.mahmoud/Downloads/E-commerceAPPByAppium/E-commerceAppTestByAppium/src/test/resources/Utils/General-Store.apk
&amp#27;[38;5;145m[cba012df]&amp#27;[0m&amp#27;[38;5;229m[ADB]&amp#27;[0m Reading package manifest: '/Users/alzahraa.mahmoud/Library/Android/sdk/build-tools/36.0.0/aapt2 dump badging /Users/alzahraa.mahmoud/.appium/node_modules/appium-uiautomator2-driver/node_modules/appium-uiautomator2-server/apks/appium-uiautomator2-server-v8.1.1.apk'
&amp#27;[38;5;145m[cba012df]&amp#27;[0m&amp#27;[38;5;229m[ADB]&amp#27;[0m 'io.appium.uiautomator2.server.test' is installed
&amp#27;[38;5;145m[cba012df]&amp#27;[0m&amp#27;[38;5;229m[ADB]&amp#27;[0m The version name of the installed 'io.appium.uiautomator2.server' is greater or equal to the application version name ('8.1.1' >= '8.1.1')
&amp#27;[38;5;145m[cba012df]&amp#27;[0m&amp#27;[38;5;-145m[AndroidUiautomator2Driver@62db]&amp#27;[0m Server packages status: [{"installState":"sameVersionInstalled","appPath":"/Users/alzahraa.mahmoud/.appium/node_modules/appium-uiautomator2-driver/node_modules/appium-uiautomator2-server/apks/appium-uiautomator2-server-v8.1.1.apk","appId":"io.appium.uiautomator2.server"},{"installState":"sameVersionInstalled","appPath":"/Users/alzahraa.mahmoud/.appium/node_modules/appium-uiautomator2-driver/node_modules/appium-uiautomator2-server/apks/appium-uiautomator2-server-debug-androidTest.apk","appId":"io.appium.uiautomator2.server.test"}]
&amp#27;[38;5;145m[cba012df]&amp#27;[0m&amp#27;[38;5;-145m[AndroidUiautomator2Driver@62db]&amp#27;[0m Server packages are not going to be (re)installed
&amp#27;[38;5;145m[cba012df]&amp#27;[0m&amp#27;[38;5;-145m[AndroidUiautomator2Driver@62db]&amp#27;[0m Waiting up to 30000ms for services to be available
&amp#27;[38;5;145m[cba012df]&amp#27;[0m&amp#27;[38;5;229m[ADB]&amp#27;[0m Running '/Users/alzahraa.mahmoud/Library/Android/sdk/platform-tools/adb -P 5037 -s emulator-5554 shell pm list instrumentation'
&amp#27;[38;5;145m[cba012df]&amp#27;[0m&amp#27;[38;5;-145m[AndroidUiautomator2Driver@62db]&amp#27;[0m Instrumentation target 'io.appium.uiautomator2.server.test/androidx.test.runner.AndroidJUnitRunner' is available
&amp#27;[38;5;145m[cba012df]&amp#27;[0m&amp#27;[38;5;229m[ADB]&amp#27;[0m Adding packages ["io.appium.settings","io.appium.uiautomator2.server","io.appium.uiautomator2.server.test"] to Doze whitelist
&amp#27;[38;5;145m[cba012df]&amp#27;[0m&amp#27;[38;5;229m[ADB]&amp#27;[0m Got the following command chunks to execute: [["dumpsys","deviceidle","whitelist","+io.appium.settings",";","dumpsys","deviceidle","whitelist","+io.appium.uiautomator2.server",";","dumpsys","deviceidle","whitelist","+io.appium.uiautomator2.server.test",";"]]
&amp#27;[38;5;145m[cba012df]&amp#27;[0m&amp#27;[38;5;229m[ADB]&amp#27;[0m Running '/Users/alzahraa.mahmoud/Library/Android/sdk/platform-tools/adb -P 5037 -s emulator-5554 shell dumpsys deviceidle whitelist +io.appium.settings ; dumpsys deviceidle whitelist +io.appium.uiautomator2.server ; dumpsys deviceidle whitelist +io.appium.uiautomator2.server.test ;'
&amp#27;[38;5;145m[cba012df]&amp#27;[0m&amp#27;[38;5;229m[ADB]&amp#27;[0m apksigner stdout: Signer #1 certificate DN: C=US, O=Android, CN=Android Debug
Signer #1 certificate SHA-256 digest: f5f5931c019be6bff8a26255f76ae9ef8a8e631d2a702ec10e91110231549eef
Signer #1 certificate SHA-1 digest: b250161db8b5d0a1bd39154c9fd749bdad79c1a3
Signer #1 certificate MD5 digest: 7a5550323d84472ca25a0861c63e0a6c

&amp#27;[38;5;145m[cba012df]&amp#27;[0m&amp#27;[38;5;229m[ADB]&amp#27;[0m apksigner stderr: WARNING: A restricted method in java.lang.System has been called
WARNING: java.lang.System::loadLibrary has been called by org.conscrypt.NativeLibraryUtil in an unnamed module (file:/Users/alzahraa.mahmoud/Library/Android/sdk/build-tools/36.0.0/lib/apksigner.jar)
WARNING: Use --enable-native-access=ALL-UNNAMED to avoid a warning for callers in this module
WARNING: Restricted methods will be blocked in a future release unless native access is enabled


&amp#27;[38;5;145m[cba012df]&amp#27;[0m&amp#27;[38;5;229m[ADB]&amp#27;[0m '/Users/alzahraa.mahmoud/Downloads/E-commerceAPPByAppium/E-commerceAppTestByAppium/src/test/resources/Utils/General-Store.apk' is signed with a non-default certificate
&amp#27;[38;5;145m[cba012df]&amp#27;[0m&amp#27;[38;5;229m[ADB]&amp#27;[0m Getting package info for 'com.androidsample.generalstore'
&amp#27;[38;5;145m[cba012df]&amp#27;[0m&amp#27;[38;5;229m[ADB]&amp#27;[0m Running '/Users/alzahraa.mahmoud/Library/Android/sdk/platform-tools/adb -P 5037 -s emulator-5554 shell dumpsys package com.androidsample.generalstore'
&amp#27;[38;5;145m[cba012df]&amp#27;[0m&amp#27;[38;5;229m[ADB]&amp#27;[0m Reading package manifest: '/Users/alzahraa.mahmoud/Library/Android/sdk/build-tools/36.0.0/aapt2 dump badging /Users/alzahraa.mahmoud/Downloads/E-commerceAPPByAppium/E-commerceAppTestByAppium/src/test/resources/Utils/General-Store.apk'
&amp#27;[38;5;145m[cba012df]&amp#27;[0m&amp#27;[38;5;229m[ADB]&amp#27;[0m The version name of the installed 'com.androidsample.generalstore' is equal to application version name (1 === 1)
&amp#27;[38;5;145m[cba012df]&amp#27;[0m&amp#27;[38;5;229m[ADB]&amp#27;[0m There is no need to install/upgrade '/Users/alzahraa.mahmoud/Downloads/E-commerceAPPByAppium/E-commerceAppTestByAppium/src/test/resources/Utils/General-Store.apk'
&amp#27;[38;5;145m[cba012df]&amp#27;[0m&amp#27;[38;5;-145m[AndroidUiautomator2Driver@62db]&amp#27;[0m Performing fast reset on 'com.androidsample.generalstore'
&amp#27;[38;5;145m[cba012df]&amp#27;[0m&amp#27;[38;5;229m[ADB]&amp#27;[0m Getting install status for com.androidsample.generalstore
&amp#27;[38;5;145m[cba012df]&amp#27;[0m&amp#27;[38;5;229m[ADB]&amp#27;[0m Running '/Users/alzahraa.mahmoud/Library/Android/sdk/platform-tools/adb -P 5037 -s emulator-5554 shell cmd package list packages'
&amp#27;[38;5;145m[cba012df]&amp#27;[0m&amp#27;[38;5;229m[ADB]&amp#27;[0m 'com.androidsample.generalstore' is not installed
&amp#27;[38;5;145m[cba012df]&amp#27;[0m&amp#27;[38;5;-145m[AndroidUiautomator2Driver@62db]&amp#27;[0m Running full reset on 'com.androidsample.generalstore' (reinstall)
&amp#27;[38;5;145m[cba012df]&amp#27;[0m&amp#27;[38;5;229m[ADB]&amp#27;[0m Running '/Users/alzahraa.mahmoud/Library/Android/sdk/platform-tools/adb -P 5037 -s emulator-5554 help'
&amp#27;[38;5;145m[cba012df]&amp#27;[0m&amp#27;[38;5;229m[ADB]&amp#27;[0m Running '/Users/alzahraa.mahmoud/Library/Android/sdk/platform-tools/adb -P 5037 -s emulator-5554 features'
&amp#27;[38;5;145m[cba012df]&amp#27;[0m&amp#27;[38;5;229m[ADB]&amp#27;[0m The application at '/Users/alzahraa.mahmoud/Downloads/E-commerceAPPByAppium/E-commerceAppTestByAppium/src/test/resources/Utils/General-Store.apk' will not be cached, because the device under test has confirmed the support of streamed installs
&amp#27;[38;5;145m[cba012df]&amp#27;[0m&amp#27;[38;5;229m[ADB]&amp#27;[0m Running '/Users/alzahraa.mahmoud/Library/Android/sdk/platform-tools/adb -P 5037 -s emulator-5554 install -r /Users/alzahraa.mahmoud/Downloads/E-commerceAPPByAppium/E-commerceAppTestByAppium/src/test/resources/Utils/General-Store.apk'
&amp#27;[38;5;145m[cba012df]&amp#27;[0m&amp#27;[38;5;229m[ADB]&amp#27;[0m The installation of 'General-Store.apk' took 456ms
&amp#27;[38;5;145m[cba012df]&amp#27;[0m&amp#27;[38;5;229m[ADB]&amp#27;[0m Install command stdout: Performing Streamed Install
Success
&amp#27;[38;5;145m[cba012df]&amp#27;[0m&amp#27;[38;5;-145m[AndroidUiautomator2Driver@62db]&amp#27;[0m Performing shallow cleanup of automation leftovers
&amp#27;[38;5;145m[cba012df]&amp#27;[0m&amp#27;[38;5;-145m[AndroidUiautomator2Driver@62db]&amp#27;[0m No obsolete sessions have been detected (socket hang up)
&amp#27;[38;5;145m[cba012df]&amp#27;[0m&amp#27;[38;5;229m[ADB]&amp#27;[0m Running '/Users/alzahraa.mahmoud/Library/Android/sdk/platform-tools/adb -P 5037 -s emulator-5554 shell am force-stop io.appium.uiautomator2.server'
&amp#27;[38;5;145m[cba012df]&amp#27;[0m&amp#27;[38;5;229m[ADB]&amp#27;[0m Running '/Users/alzahraa.mahmoud/Library/Android/sdk/platform-tools/adb -P 5037 -s emulator-5554 shell am force-stop io.appium.uiautomator2.server.test'
&amp#27;[38;5;145m[cba012df]&amp#27;[0m&amp#27;[38;5;-145m[AndroidUiautomator2Driver@62db]&amp#27;[0m Starting UIAutomator2 server 8.1.1
&amp#27;[38;5;145m[cba012df]&amp#27;[0m&amp#27;[38;5;-145m[AndroidUiautomator2Driver@62db]&amp#27;[0m Using UIAutomator2 server from '/Users/alzahraa.mahmoud/.appium/node_modules/appium-uiautomator2-driver/node_modules/appium-uiautomator2-server/apks/appium-uiautomator2-server-v8.1.1.apk' and test from '/Users/alzahraa.mahmoud/.appium/node_modules/appium-uiautomator2-driver/node_modules/appium-uiautomator2-server/apks/appium-uiautomator2-server-debug-androidTest.apk'
&amp#27;[38;5;145m[cba012df]&amp#27;[0m&amp#27;[38;5;-145m[AndroidUiautomator2Driver@62db]&amp#27;[0m Waiting up to 30000ms for UiAutomator2 to be online...
&amp#27;[38;5;145m[cba012df]&amp#27;[0m&amp#27;[38;5;229m[ADB]&amp#27;[0m Creating ADB subprocess with args: ["-P","5037","-s","emulator-5554","shell","am","instrument","-w","-e","disableAnalytics","true","io.appium.uiautomator2.server.test/androidx.test.runner.AndroidJUnitRunner"]
&amp#27;[38;5;145m[cba012df]&amp#27;[0m&amp#27;[38;5;-145m[AndroidUiautomator2Driver@62db]&amp#27;[0m Matched '/status' to command name 'getStatus'
&amp#27;[38;5;145m[cba012df]&amp#27;[0m&amp#27;[38;5;-145m[AndroidUiautomator2Driver@62db]&amp#27;[0m Proxying [GET /status] to [GET http://127.0.0.1:8200/status] with no body
&amp#27;[38;5;145m[cba012df]&amp#27;[0m&amp#27;[38;5;-145m[AndroidUiautomator2Driver@62db]&amp#27;[0m socket hang up
&amp#27;[38;5;145m[cba012df]&amp#27;[0m&amp#27;[38;5;-145m[AndroidUiautomator2Driver@62db]&amp#27;[0m Matched '/status' to command name 'getStatus'
&amp#27;[38;5;145m[cba012df]&amp#27;[0m&amp#27;[38;5;-145m[AndroidUiautomator2Driver@62db]&amp#27;[0m Proxying [GET /status] to [GET http://127.0.0.1:8200/status] with no body
&amp#27;[38;5;145m[cba012df]&amp#27;[0m&amp#27;[38;5;-145m[AndroidUiautomator2Driver@62db]&amp#27;[0m socket hang up
&amp#27;[38;5;145m[cba012df]&amp#27;[0m&amp#27;[38;5;-145m[AndroidUiautomator2Driver@62db]&amp#27;[0m [Instrumentation] 
&amp#27;[38;5;145m[cba012df]&amp#27;[0m&amp#27;[38;5;-145m[AndroidUiautomator2Driver@62db]&amp#27;[0m Matched '/status' to command name 'getStatus'
&amp#27;[38;5;145m[cba012df]&amp#27;[0m&amp#27;[38;5;-145m[AndroidUiautomator2Driver@62db]&amp#27;[0m Proxying [GET /status] to [GET http://127.0.0.1:8200/status] with no body
&amp#27;[38;5;145m[cba012df]&amp#27;[0m&amp#27;[38;5;-145m[AndroidUiautomator2Driver@62db]&amp#27;[0m Got response with status 200: {"sessionId":"None","value":{"build":{"version":"8.1.1","versionCode":223},"message":"UiAutomator2 Server is ready to accept commands","ready":true}}
&amp#27;[38;5;145m[cba012df]&amp#27;[0m&amp#27;[38;5;-145m[AndroidUiautomator2Driver@62db]&amp#27;[0m The initialization of the instrumentation process took 2066ms
&amp#27;[38;5;145m[cba012df]&amp#27;[0m&amp#27;[38;5;-145m[AndroidUiautomator2Driver@62db]&amp#27;[0m Matched '/session' to command name 'createSession'
&amp#27;[38;5;145m[cba012df]&amp#27;[0m&amp#27;[38;5;-145m[AndroidUiautomator2Driver@62db]&amp#27;[0m Proxying [POST /session] to [POST http://127.0.0.1:8200/session] with body: {"capabilities":{"firstMatch":[{"platformName":"android","app":"/Users/alzahraa.mahmoud/Downloads/E-commerceAPPByAppium/E-commerceAppTestByAppium/src/test/resources/Utils/General-Store.apk","automationName":"UIAutomator2","platform":"LINUX","webStorageEnabled":false,"takesScreenshot":true,"javascriptEnabled":true,"databaseEnabled":false,"networkConnectionEnabled":true,"locationContextEnabled":false,"warnings":{},"desired":{"platformName":"android","app":"/Users/alzahraa.mahmoud/Downloads/E-commerceAPPByAppium/E-commerceAppTestByAppium/src/test/resources/Utils/General-Store.apk","automationName":"UIAutomator2"},"deviceName":"emulator-5554","deviceUDID":"emulator-5554","appPackage":"com.androidsample.generalstore","appActivity":"com.androidsample.generalstore.SplashActivity"}],"alwaysMatch":{}}}
&amp#27;[38;5;145m[cba012df]&amp#27;[0m&amp#27;[38;5;-145m[AndroidUiautomator2Driver@62db]&amp#27;[0m Got response with status 200: {"sessionId":"310c3366-96e3-429c-9599-52a7fa6c80a7","value":{"capabilities":{"firstMatch":[{"platformName":"android","app":"/Users/alzahraa.mahmoud/Downloads/E-commerceAPPByAppium/E-commerceAppTestByAppium/src/test/resources/Utils/General-Store.apk","automationName":"UIAutomator2","platform":"LINUX","webStorageEnabled":false,"takesScreenshot":true,"javascriptEnabled":true,"databaseEnabled":false,"networkConnectionEnabled":true,"locationContextEnabled":false,"warnings":{},"desired":{"platformName":"android","app":"/Users/alzahraa.mahmoud/Downloads/E-commerceAPPByAppium/E-commerceAppTestByAppium/src/test/resources/Utils/General-Store.apk","automationName":"UIAutomator2"},"deviceName":"emulator-5554","deviceUDID":"emulator-5554","appPackage":"com.androidsample.generalstore","appActivity":"com.androidsample.generalstore.SplashActivity"}],"alwaysMatch":{}},"sessionId":"310c3366-96e3-429c-9599-52a7fa6c80a7"}}
&amp#27;[38;5;145m[cba012df]&amp#27;[0m&amp#27;[38;5;-145m[AndroidUiautomator2Driver@62db]&amp#27;[0m Determined the downstream protocol as 'W3C'
&amp#27;[38;5;145m[cba012df]&amp#27;[0m&amp#27;[38;5;-145m[AndroidUiautomator2Driver@62db]&amp#27;[0m Proxying [GET /appium/device/pixel_ratio] to [GET http://127.0.0.1:8200/session/310c3366-96e3-429c-9599-52a7fa6c80a7/appium/device/pixel_ratio] with no body
&amp#27;[38;5;145m[cba012df]&amp#27;[0m&amp#27;[38;5;-145m[AndroidUiautomator2Driver@62db]&amp#27;[0m Proxying [GET /appium/device/system_bars] to [GET http://127.0.0.1:8200/session/310c3366-96e3-429c-9599-52a7fa6c80a7/appium/device/system_bars] with no body
&amp#27;[38;5;145m[cba012df]&amp#27;[0m&amp#27;[38;5;-145m[AndroidUiautomator2Driver@62db]&amp#27;[0m Proxying [GET /window/current/size] to [GET http://127.0.0.1:8200/session/310c3366-96e3-429c-9599-52a7fa6c80a7/window/current/size] with no body
&amp#27;[38;5;145m[cba012df]&amp#27;[0m&amp#27;[38;5;-145m[AndroidUiautomator2Driver@62db]&amp#27;[0m Proxying [GET /appium/device/info] to [GET http://127.0.0.1:8200/session/310c3366-96e3-429c-9599-52a7fa6c80a7/appium/device/info] with no body
&amp#27;[38;5;145m[cba012df]&amp#27;[0m&amp#27;[38;5;229m[ADB]&amp#27;[0m Running '/Users/alzahraa.mahmoud/Library/Android/sdk/platform-tools/adb -P 5037 -s emulator-5554 shell dumpsys window'
&amp#27;[38;5;145m[cba012df]&amp#27;[0m&amp#27;[38;5;229m[ADB]&amp#27;[0m Running '/Users/alzahraa.mahmoud/Library/Android/sdk/platform-tools/adb -P 5037 -s emulator-5554 shell dumpsys power'
&amp#27;[38;5;145m[cba012df]&amp#27;[0m&amp#27;[38;5;-145m[AndroidUiautomator2Driver@62db]&amp#27;[0m Got response with status 200: {"sessionId":"310c3366-96e3-429c-9599-52a7fa6c80a7","value":2.625}
&amp#27;[38;5;145m[cba012df]&amp#27;[0m&amp#27;[38;5;-145m[AndroidUiautomator2Driver@62db]&amp#27;[0m Got response with status 200: {"sessionId":"310c3366-96e3-429c-9599-52a7fa6c80a7","value":{"height":2400,"width":1080}}
&amp#27;[38;5;145m[cba012df]&amp#27;[0m&amp#27;[38;5;-145m[AndroidUiautomator2Driver@62db]&amp#27;[0m Got response with status 200: {"sessionId":"310c3366-96e3-429c-9599-52a7fa6c80a7","value":{"statusBar":63}}
&amp#27;[38;5;145m[cba012df]&amp#27;[0m&amp#27;[38;5;-145m[AndroidUiautomator2Driver@62db]&amp#27;[0m Got response with status 200: {"sessionId":"310c3366-96e3-429c-9599-52a7fa6c80a7","value":{"androidId":"c26bd86e150deece","apiVersion":"36","bluetooth":{"state":"ON"},"brand":"google","carrierName":"T-Mobile","displayDensity":420,"locale":"en_US","manufacturer":"Google","model":"sdk_gphone64_arm64","networks":[{"capabilities":{"SSID":null,"linkDownBandwidthKbps":30000,"linkUpstreamBandwidthKbps":12000,"networkCapabilities":"NET_CAPABILITY_NOT_METERED,NET_CAPABILITY_INTERNET,NET_CAPABILITY_NOT_RESTRICTED,NET_CAPABILITY_TRUSTED,NET_CAPABILITY_NOT_VPN,NET_CAPABILITY_VALIDATED,NET_CAPABILITY_NOT_ROAMING,NET_CAPABILITY_FOREGROUND,NET_CAPABILITY_NOT_CONGESTED,NET_CAPABILITY_NOT_SUSPENDED","signalStrength":-50,"transportTypes":"TRANSPORT_WIFI"},"detailedState":"CONNECTED","extraInfo":"","isAvailable":true,"isConnected":true,"isFailover":false,"isRoaming":false,"state":"CONNECTED","subtype":-1,"subtypeName":"","type":1,"typeName":"WIFI"},{"capabilities":{"SSID":null,"linkDownBandwidthKbps":14,"linkUpstreamBandwidthKbps":14,"networkCapabilities...
&amp#27;[38;5;145m[cba012df]&amp#27;[0m&amp#27;[38;5;-145m[AndroidUiautomator2Driver@62db]&amp#27;[0m Screen already unlocked, doing nothing
&amp#27;[38;5;145m[cba012df]&amp#27;[0m&amp#27;[38;5;-145m[AndroidUiautomator2Driver@62db]&amp#27;[0m Starting 'com.androidsample.generalstore/com.androidsample.generalstore.SplashActivity' and waiting for 'com.androidsample.generalstore/com.androidsample.generalstore.SplashActivity'
&amp#27;[38;5;145m[cba012df]&amp#27;[0m&amp#27;[38;5;229m[ADB]&amp#27;[0m Running '/Users/alzahraa.mahmoud/Library/Android/sdk/platform-tools/adb -P 5037 -s emulator-5554 shell am start-activity -W -n com.androidsample.generalstore/com.androidsample.generalstore.SplashActivity -S -a android.intent.action.MAIN -c android.intent.category.LAUNCHER -f 0x10200000'
&amp#27;[38;5;145m[cba012df]&amp#27;[0m&amp#27;[38;5;229m[ADB]&amp#27;[0m Expected package names to be focused within 20000ms: 'com.androidsample.generalstore'
&amp#27;[38;5;145m[cba012df]&amp#27;[0m&amp#27;[38;5;229m[ADB]&amp#27;[0m Expected activity name patterns to be focused within 20000ms: '/^com\.androidsample\.generalstore\.SplashActivity$/'
&amp#27;[38;5;145m[cba012df]&amp#27;[0m&amp#27;[38;5;229m[ADB]&amp#27;[0m Getting focused package and activity
&amp#27;[38;5;145m[cba012df]&amp#27;[0m&amp#27;[38;5;229m[ADB]&amp#27;[0m Running '/Users/alzahraa.mahmoud/Library/Android/sdk/platform-tools/adb -P 5037 -s emulator-5554 shell dumpsys window displays'
&amp#27;[38;5;145m[cba012df]&amp#27;[0m&amp#27;[38;5;229m[ADB]&amp#27;[0m Focused package: com.androidsample.generalstore
&amp#27;[38;5;145m[cba012df]&amp#27;[0m&amp#27;[38;5;229m[ADB]&amp#27;[0m Focused fully qualified activity name: com.androidsample.generalstore.SplashActivity
&amp#27;[38;5;145m[cba012df]&amp#27;[0m&amp#27;[38;5;161m[AppiumDriver@ef71]&amp#27;[0m New AndroidUiautomator2Driver session created successfully, session cba012df-a0df-4e0f-9b3e-ccba6011c453 added to master session list
&amp#27;[38;5;145m[cba012df]&amp#27;[0m&amp#27;[38;5;161m[AppiumDriver@ef71]&amp#27;[0m Event 'newSessionStarted' logged at 1766498972095 (16:09:32 GMT+0200 (Eastern European Standard Time))
&amp#27;[38;5;145m[cba012df]&amp#27;[0m&amp#27;[38;5;-145m[AndroidUiautomator2Driver@62db]&amp#27;[0m Cached the protocol value 'W3C' for the new session cba012df-a0df-4e0f-9b3e-ccba6011c453
&amp#27;[38;5;145m[cba012df]&amp#27;[0m&amp#27;[38;5;-145m[AndroidUiautomator2Driver@62db]&amp#27;[0m Responding to client with driver.createSession() result: {"capabilities":{"platformName":"android","app":"/Users/alzahraa.mahmoud/Downloads/E-commerceAPPByAppium/E-commerceAppTestByAppium/src/test/resources/Utils/General-Store.apk","automationName":"UIAutomator2","platform":"LINUX","webStorageEnabled":false,"takesScreenshot":true,"javascriptEnabled":true,"databaseEnabled":false,"networkConnectionEnabled":true,"locationContextEnabled":false,"warnings":{},"desired":{"platformName":"android","app":"/Users/alzahraa.mahmoud/Downloads/E-commerceAPPByAppium/E-commerceAppTestByAppium/src/test/resources/Utils/General-Store.apk","automationName":"UIAutomator2"},"deviceName":"emulator-5554","deviceUDID":"emulator-5554","appPackage":"com.androidsample.generalstore","appActivity":"com.androidsample.generalstore.SplashActivity","pixelRatio":"2.625","statBarHeight":63,"viewportRect":{"left":0,"top":63,"width":1080,"height":2337},"deviceApiLevel":36,"platformVersion":"16","deviceManufacturer":"Google","deviceModel":"sdk_gphone64_arm64","deviceScreenSize":"1080x2400","deviceScre...
&amp#27;[38;5;145m[cba012df]&amp#27;[0m&amp#27;[38;5;86m[HTTP]&amp#27;[0m &amp#27;[37m<-- POST /session &amp#27;[39m&amp#27;[32m200&amp#27;[39m &amp#27;[90m4968 ms - 1098&amp#27;[39m &amp#27;[90m&amp#27;[39m
✔ Local AVD detected: Phone16
&amp#27;[38;5;145m[cba012df]&amp#27;[0m&amp#27;[38;5;86m[HTTP]&amp#27;[0m &amp#27;[37m-->&amp#27;[39m &amp#27;[37mPOST&amp#27;[39m &amp#27;[37m/session/cba012df-a0df-4e0f-9b3e-ccba6011c453/element&amp#27;[39m &amp#27;[90m{"using":"id","value":"com.androidsample.generalstore:id/spinnerCountry"}&amp#27;[39m
&amp#27;[38;5;145m[cba012df]&amp#27;[0m&amp#27;[38;5;-145m[AndroidUiautomator2Driver@62db]&amp#27;[0m Calling AppiumDriver.findElement() with args: ["id","com.androidsample.generalstore:id/spinnerCountry","cba012df-a0df-4e0f-9b3e-ccba6011c453"]
&amp#27;[38;5;145m[cba012df]&amp#27;[0m&amp#27;[38;5;-145m[AndroidUiautomator2Driver@62db]&amp#27;[0m Valid locator strategies for this request: xpath, id, class name, accessibility id, css selector, -android uiautomator
&amp#27;[38;5;145m[cba012df]&amp#27;[0m&amp#27;[38;5;-145m[AndroidUiautomator2Driver@62db]&amp#27;[0m Waiting up to 0 ms for condition
&amp#27;[38;5;145m[cba012df]&amp#27;[0m&amp#27;[38;5;-145m[AndroidUiautomator2Driver@62db]&amp#27;[0m Matched '/element' to command name 'findElement'
&amp#27;[38;5;145m[cba012df]&amp#27;[0m&amp#27;[38;5;-145m[AndroidUiautomator2Driver@62db]&amp#27;[0m Proxying [POST /element] to [POST http://127.0.0.1:8200/session/310c3366-96e3-429c-9599-52a7fa6c80a7/element] with body: {"strategy":"id","selector":"com.androidsample.generalstore:id/spinnerCountry","context":"","multiple":false}
&amp#27;[38;5;145m[cba012df]&amp#27;[0m&amp#27;[38;5;-145m[AndroidUiautomator2Driver@62db]&amp#27;[0m Got response with status 404: {"sessionId":"310c3366-96e3-429c-9599-52a7fa6c80a7","value":{"error":"no such element","message":"An element could not be located on the page using the given search parameters","stacktrace":"io.appium.uiautomator2.common.exceptions.ElementNotFoundException: An element could not be located on the page using the given search parameters\n\tat io.appium.uiautomator2.handler.FindElement.safeHandle(FindElement.java:63)\n\tat io.appium.uiautomator2.handler.request.SafeRequestHandler.handle(SafeRequestHandler.java:59)\n\tat io.appium.uiautomator2.server.AppiumServlet.handleRequest(AppiumServlet.java:259)\n\tat io.appium.uiautomator2.server.AppiumServlet.handleHttpRequest(AppiumServlet.java:253)\n\tat io.appium.uiautomator2.http.ServerHandler.channelRead(ServerHandler.java:77)\n\tat io.netty.channel.AbstractChannelHandlerContext.invokeChannelRead(AbstractChannelHandlerContext.java:374)\n\tat io.netty.channel.AbstractChannelHandlerContext.invokeChannelRead(AbstractChannelHandlerContext.java:360)\n\tat io.netty.chann...
&amp#27;[38;5;145m[cba012df]&amp#27;[0m&amp#27;[38;5;123m[W3C]&amp#27;[0m Matched W3C error code 'no such element' to NoSuchElementError
&amp#27;[38;5;145m[cba012df]&amp#27;[0m&amp#27;[38;5;-145m[AndroidUiautomator2Driver@62db]&amp#27;[0m Encountered internal error running command: NoSuchElementError: An element could not be located on the page using the given search parameters.
    at AndroidUiautomator2Driver.findElOrEls (/Users/alzahraa.mahmoud/.appium/node_modules/appium-uiautomator2-driver/node_modules/appium-android-driver/lib/commands/find.ts:86:11)
    at processTicksAndRejections (node:internal/process/task_queues:105:5)
    at AndroidUiautomator2Driver.findElOrElsWithProcessing (/usr/local/lib/node_modules/appium/node_modules/@appium/base-driver/lib/basedriver/commands/find.ts:60:12)
    at AndroidUiautomator2Driver.findElement (/usr/local/lib/node_modules/appium/node_modules/@appium/base-driver/lib/basedriver/commands/find.ts:75:12)
&amp#27;[38;5;145m[cba012df]&amp#27;[0m&amp#27;[38;5;86m[HTTP]&amp#27;[0m &amp#27;[37m<-- POST /session/cba012df-a0df-4e0f-9b3e-ccba6011c453/element &amp#27;[39m&amp#27;[33m404&amp#27;[39m &amp#27;[90m734 ms - 822&amp#27;[39m &amp#27;[90m&amp#27;[39m
&amp#27;[38;5;145m[cba012df]&amp#27;[0m&amp#27;[38;5;86m[HTTP]&amp#27;[0m &amp#27;[37m-->&amp#27;[39m &amp#27;[37mPOST&amp#27;[39m &amp#27;[37m/session/cba012df-a0df-4e0f-9b3e-ccba6011c453/element&amp#27;[39m &amp#27;[90m{"using":"id","value":"com.androidsample.generalstore:id/spinnerCountry"}&amp#27;[39m
&amp#27;[38;5;145m[cba012df]&amp#27;[0m&amp#27;[38;5;-145m[AndroidUiautomator2Driver@62db]&amp#27;[0m Calling AppiumDriver.findElement() with args: ["id","com.androidsample.generalstore:id/spinnerCountry","cba012df-a0df-4e0f-9b3e-ccba6011c453"]
&amp#27;[38;5;145m[cba012df]&amp#27;[0m&amp#27;[38;5;-145m[AndroidUiautomator2Driver@62db]&amp#27;[0m Valid locator strategies for this request: xpath, id, class name, accessibility id, css selector, -android uiautomator
&amp#27;[38;5;145m[cba012df]&amp#27;[0m&amp#27;[38;5;-145m[AndroidUiautomator2Driver@62db]&amp#27;[0m Waiting up to 0 ms for condition
&amp#27;[38;5;145m[cba012df]&amp#27;[0m&amp#27;[38;5;-145m[AndroidUiautomator2Driver@62db]&amp#27;[0m Matched '/element' to command name 'findElement'
&amp#27;[38;5;145m[cba012df]&amp#27;[0m&amp#27;[38;5;-145m[AndroidUiautomator2Driver@62db]&amp#27;[0m Proxying [POST /element] to [POST http://127.0.0.1:8200/session/310c3366-96e3-429c-9599-52a7fa6c80a7/element] with body: {"strategy":"id","selector":"com.androidsample.generalstore:id/spinnerCountry","context":"","multiple":false}
&amp#27;[38;5;145m[cba012df]&amp#27;[0m&amp#27;[38;5;-145m[AndroidUiautomator2Driver@62db]&amp#27;[0m Got response with status 404: {"sessionId":"310c3366-96e3-429c-9599-52a7fa6c80a7","value":{"error":"no such element","message":"An element could not be located on the page using the given search parameters","stacktrace":"io.appium.uiautomator2.common.exceptions.ElementNotFoundException: An element could not be located on the page using the given search parameters\n\tat io.appium.uiautomator2.handler.FindElement.safeHandle(FindElement.java:63)\n\tat io.appium.uiautomator2.handler.request.SafeRequestHandler.handle(SafeRequestHandler.java:59)\n\tat io.appium.uiautomator2.server.AppiumServlet.handleRequest(AppiumServlet.java:259)\n\tat io.appium.uiautomator2.server.AppiumServlet.handleHttpRequest(AppiumServlet.java:253)\n\tat io.appium.uiautomator2.http.ServerHandler.channelRead(ServerHandler.java:77)\n\tat io.netty.channel.AbstractChannelHandlerContext.invokeChannelRead(AbstractChannelHandlerContext.java:374)\n\tat io.netty.channel.AbstractChannelHandlerContext.invokeChannelRead(AbstractChannelHandlerContext.java:360)\n\tat io.netty.chann...
&amp#27;[38;5;145m[cba012df]&amp#27;[0m&amp#27;[38;5;123m[W3C]&amp#27;[0m Matched W3C error code 'no such element' to NoSuchElementError
&amp#27;[38;5;145m[cba012df]&amp#27;[0m&amp#27;[38;5;-145m[AndroidUiautomator2Driver@62db]&amp#27;[0m Encountered internal error running command: NoSuchElementError: An element could not be located on the page using the given search parameters.
    at AndroidUiautomator2Driver.findElOrEls (/Users/alzahraa.mahmoud/.appium/node_modules/appium-uiautomator2-driver/node_modules/appium-android-driver/lib/commands/find.ts:86:11)
    at processTicksAndRejections (node:internal/process/task_queues:105:5)
    at AndroidUiautomator2Driver.findElOrElsWithProcessing (/usr/local/lib/node_modules/appium/node_modules/@appium/base-driver/lib/basedriver/commands/find.ts:60:12)
    at AndroidUiautomator2Driver.findElement (/usr/local/lib/node_modules/appium/node_modules/@appium/base-driver/lib/basedriver/commands/find.ts:75:12)
&amp#27;[38;5;145m[cba012df]&amp#27;[0m&amp#27;[38;5;86m[HTTP]&amp#27;[0m &amp#27;[37m<-- POST /session/cba012df-a0df-4e0f-9b3e-ccba6011c453/element &amp#27;[39m&amp#27;[33m404&amp#27;[39m &amp#27;[90m8 ms - 822&amp#27;[39m &amp#27;[90m&amp#27;[39m
&amp#27;[38;5;145m[cba012df]&amp#27;[0m&amp#27;[38;5;86m[HTTP]&amp#27;[0m &amp#27;[37m-->&amp#27;[39m &amp#27;[37mPOST&amp#27;[39m &amp#27;[37m/session/cba012df-a0df-4e0f-9b3e-ccba6011c453/element&amp#27;[39m &amp#27;[90m{"using":"id","value":"com.androidsample.generalstore:id/spinnerCountry"}&amp#27;[39m
&amp#27;[38;5;145m[cba012df]&amp#27;[0m&amp#27;[38;5;-145m[AndroidUiautomator2Driver@62db]&amp#27;[0m Calling AppiumDriver.findElement() with args: ["id","com.androidsample.generalstore:id/spinnerCountry","cba012df-a0df-4e0f-9b3e-ccba6011c453"]
&amp#27;[38;5;145m[cba012df]&amp#27;[0m&amp#27;[38;5;-145m[AndroidUiautomator2Driver@62db]&amp#27;[0m Valid locator strategies for this request: xpath, id, class name, accessibility id, css selector, -android uiautomator
&amp#27;[38;5;145m[cba012df]&amp#27;[0m&amp#27;[38;5;-145m[AndroidUiautomator2Driver@62db]&amp#27;[0m Waiting up to 0 ms for condition
&amp#27;[38;5;145m[cba012df]&amp#27;[0m&amp#27;[38;5;-145m[AndroidUiautomator2Driver@62db]&amp#27;[0m Matched '/element' to command name 'findElement'
&amp#27;[38;5;145m[cba012df]&amp#27;[0m&amp#27;[38;5;-145m[AndroidUiautomator2Driver@62db]&amp#27;[0m Proxying [POST /element] to [POST http://127.0.0.1:8200/session/310c3366-96e3-429c-9599-52a7fa6c80a7/element] with body: {"strategy":"id","selector":"com.androidsample.generalstore:id/spinnerCountry","context":"","multiple":false}
&amp#27;[38;5;145m[cba012df]&amp#27;[0m&amp#27;[38;5;-145m[AndroidUiautomator2Driver@62db]&amp#27;[0m Got response with status 404: {"sessionId":"310c3366-96e3-429c-9599-52a7fa6c80a7","value":{"error":"no such element","message":"An element could not be located on the page using the given search parameters","stacktrace":"io.appium.uiautomator2.common.exceptions.ElementNotFoundException: An element could not be located on the page using the given search parameters\n\tat io.appium.uiautomator2.handler.FindElement.safeHandle(FindElement.java:63)\n\tat io.appium.uiautomator2.handler.request.SafeRequestHandler.handle(SafeRequestHandler.java:59)\n\tat io.appium.uiautomator2.server.AppiumServlet.handleRequest(AppiumServlet.java:259)\n\tat io.appium.uiautomator2.server.AppiumServlet.handleHttpRequest(AppiumServlet.java:253)\n\tat io.appium.uiautomator2.http.ServerHandler.channelRead(ServerHandler.java:77)\n\tat io.netty.channel.AbstractChannelHandlerContext.invokeChannelRead(AbstractChannelHandlerContext.java:374)\n\tat io.netty.channel.AbstractChannelHandlerContext.invokeChannelRead(AbstractChannelHandlerContext.java:360)\n\tat io.netty.chann...
&amp#27;[38;5;145m[cba012df]&amp#27;[0m&amp#27;[38;5;123m[W3C]&amp#27;[0m Matched W3C error code 'no such element' to NoSuchElementError
&amp#27;[38;5;145m[cba012df]&amp#27;[0m&amp#27;[38;5;-145m[AndroidUiautomator2Driver@62db]&amp#27;[0m Encountered internal error running command: NoSuchElementError: An element could not be located on the page using the given search parameters.
    at AndroidUiautomator2Driver.findElOrEls (/Users/alzahraa.mahmoud/.appium/node_modules/appium-uiautomator2-driver/node_modules/appium-android-driver/lib/commands/find.ts:86:11)
    at processTicksAndRejections (node:internal/process/task_queues:105:5)
    at AndroidUiautomator2Driver.findElOrElsWithProcessing (/usr/local/lib/node_modules/appium/node_modules/@appium/base-driver/lib/basedriver/commands/find.ts:60:12)
    at AndroidUiautomator2Driver.findElement (/usr/local/lib/node_modules/appium/node_modules/@appium/base-driver/lib/basedriver/commands/find.ts:75:12)
&amp#27;[38;5;145m[cba012df]&amp#27;[0m&amp#27;[38;5;86m[HTTP]&amp#27;[0m &amp#27;[37m<-- POST /session/cba012df-a0df-4e0f-9b3e-ccba6011c453/element &amp#27;[39m&amp#27;[33m404&amp#27;[39m &amp#27;[90m14 ms - 822&amp#27;[39m &amp#27;[90m&amp#27;[39m
&amp#27;[38;5;145m[cba012df]&amp#27;[0m&amp#27;[38;5;86m[HTTP]&amp#27;[0m &amp#27;[37m-->&amp#27;[39m &amp#27;[37mPOST&amp#27;[39m &amp#27;[37m/session/cba012df-a0df-4e0f-9b3e-ccba6011c453/element&amp#27;[39m &amp#27;[90m{"using":"id","value":"com.androidsample.generalstore:id/spinnerCountry"}&amp#27;[39m
&amp#27;[38;5;145m[cba012df]&amp#27;[0m&amp#27;[38;5;-145m[AndroidUiautomator2Driver@62db]&amp#27;[0m Calling AppiumDriver.findElement() with args: ["id","com.androidsample.generalstore:id/spinnerCountry","cba012df-a0df-4e0f-9b3e-ccba6011c453"]
&amp#27;[38;5;145m[cba012df]&amp#27;[0m&amp#27;[38;5;-145m[AndroidUiautomator2Driver@62db]&amp#27;[0m Valid locator strategies for this request: xpath, id, class name, accessibility id, css selector, -android uiautomator
&amp#27;[38;5;145m[cba012df]&amp#27;[0m&amp#27;[38;5;-145m[AndroidUiautomator2Driver@62db]&amp#27;[0m Waiting up to 0 ms for condition
&amp#27;[38;5;145m[cba012df]&amp#27;[0m&amp#27;[38;5;-145m[AndroidUiautomator2Driver@62db]&amp#27;[0m Matched '/element' to command name 'findElement'
&amp#27;[38;5;145m[cba012df]&amp#27;[0m&amp#27;[38;5;-145m[AndroidUiautomator2Driver@62db]&amp#27;[0m Proxying [POST /element] to [POST http://127.0.0.1:8200/session/310c3366-96e3-429c-9599-52a7fa6c80a7/element] with body: {"strategy":"id","selector":"com.androidsample.generalstore:id/spinnerCountry","context":"","multiple":false}
&amp#27;[38;5;145m[cba012df]&amp#27;[0m&amp#27;[38;5;-145m[AndroidUiautomator2Driver@62db]&amp#27;[0m Got response with status 404: {"sessionId":"310c3366-96e3-429c-9599-52a7fa6c80a7","value":{"error":"no such element","message":"An element could not be located on the page using the given search parameters","stacktrace":"io.appium.uiautomator2.common.exceptions.ElementNotFoundException: An element could not be located on the page using the given search parameters\n\tat io.appium.uiautomator2.handler.FindElement.safeHandle(FindElement.java:63)\n\tat io.appium.uiautomator2.handler.request.SafeRequestHandler.handle(SafeRequestHandler.java:59)\n\tat io.appium.uiautomator2.server.AppiumServlet.handleRequest(AppiumServlet.java:259)\n\tat io.appium.uiautomator2.server.AppiumServlet.handleHttpRequest(AppiumServlet.java:253)\n\tat io.appium.uiautomator2.http.ServerHandler.channelRead(ServerHandler.java:77)\n\tat io.netty.channel.AbstractChannelHandlerContext.invokeChannelRead(AbstractChannelHandlerContext.java:374)\n\tat io.netty.channel.AbstractChannelHandlerContext.invokeChannelRead(AbstractChannelHandlerContext.java:360)\n\tat io.netty.chann...
&amp#27;[38;5;145m[cba012df]&amp#27;[0m&amp#27;[38;5;123m[W3C]&amp#27;[0m Matched W3C error code 'no such element' to NoSuchElementError
&amp#27;[38;5;145m[cba012df]&amp#27;[0m&amp#27;[38;5;-145m[AndroidUiautomator2Driver@62db]&amp#27;[0m Encountered internal error running command: NoSuchElementError: An element could not be located on the page using the given search parameters.
    at AndroidUiautomator2Driver.findElOrEls (/Users/alzahraa.mahmoud/.appium/node_modules/appium-uiautomator2-driver/node_modules/appium-android-driver/lib/commands/find.ts:86:11)
    at processTicksAndRejections (node:internal/process/task_queues:105:5)
    at AndroidUiautomator2Driver.findElOrElsWithProcessing (/usr/local/lib/node_modules/appium/node_modules/@appium/base-driver/lib/basedriver/commands/find.ts:60:12)
    at AndroidUiautomator2Driver.findElement (/usr/local/lib/node_modules/appium/node_modules/@appium/base-driver/lib/basedriver/commands/find.ts:75:12)
&amp#27;[38;5;145m[cba012df]&amp#27;[0m&amp#27;[38;5;86m[HTTP]&amp#27;[0m &amp#27;[37m<-- POST /session/cba012df-a0df-4e0f-9b3e-ccba6011c453/element &amp#27;[39m&amp#27;[33m404&amp#27;[39m &amp#27;[90m32 ms - 822&amp#27;[39m &amp#27;[90m&amp#27;[39m
&amp#27;[38;5;145m[cba012df]&amp#27;[0m&amp#27;[38;5;86m[HTTP]&amp#27;[0m &amp#27;[37m-->&amp#27;[39m &amp#27;[37mPOST&amp#27;[39m &amp#27;[37m/session/cba012df-a0df-4e0f-9b3e-ccba6011c453/element&amp#27;[39m &amp#27;[90m{"using":"id","value":"com.androidsample.generalstore:id/spinnerCountry"}&amp#27;[39m
&amp#27;[38;5;145m[cba012df]&amp#27;[0m&amp#27;[38;5;-145m[AndroidUiautomator2Driver@62db]&amp#27;[0m Calling AppiumDriver.findElement() with args: ["id","com.androidsample.generalstore:id/spinnerCountry","cba012df-a0df-4e0f-9b3e-ccba6011c453"]
&amp#27;[38;5;145m[cba012df]&amp#27;[0m&amp#27;[38;5;-145m[AndroidUiautomator2Driver@62db]&amp#27;[0m Valid locator strategies for this request: xpath, id, class name, accessibility id, css selector, -android uiautomator
&amp#27;[38;5;145m[cba012df]&amp#27;[0m&amp#27;[38;5;-145m[AndroidUiautomator2Driver@62db]&amp#27;[0m Waiting up to 0 ms for condition
&amp#27;[38;5;145m[cba012df]&amp#27;[0m&amp#27;[38;5;-145m[AndroidUiautomator2Driver@62db]&amp#27;[0m Matched '/element' to command name 'findElement'
&amp#27;[38;5;145m[cba012df]&amp#27;[0m&amp#27;[38;5;-145m[AndroidUiautomator2Driver@62db]&amp#27;[0m Proxying [POST /element] to [POST http://127.0.0.1:8200/session/310c3366-96e3-429c-9599-52a7fa6c80a7/element] with body: {"strategy":"id","selector":"com.androidsample.generalstore:id/spinnerCountry","context":"","multiple":false}
&amp#27;[38;5;145m[cba012df]&amp#27;[0m&amp#27;[38;5;-145m[AndroidUiautomator2Driver@62db]&amp#27;[0m Got response with status 404: {"sessionId":"310c3366-96e3-429c-9599-52a7fa6c80a7","value":{"error":"no such element","message":"An element could not be located on the page using the given search parameters","stacktrace":"io.appium.uiautomator2.common.exceptions.ElementNotFoundException: An element could not be located on the page using the given search parameters\n\tat io.appium.uiautomator2.handler.FindElement.safeHandle(FindElement.java:63)\n\tat io.appium.uiautomator2.handler.request.SafeRequestHandler.handle(SafeRequestHandler.java:59)\n\tat io.appium.uiautomator2.server.AppiumServlet.handleRequest(AppiumServlet.java:259)\n\tat io.appium.uiautomator2.server.AppiumServlet.handleHttpRequest(AppiumServlet.java:253)\n\tat io.appium.uiautomator2.http.ServerHandler.channelRead(ServerHandler.java:77)\n\tat io.netty.channel.AbstractChannelHandlerContext.invokeChannelRead(AbstractChannelHandlerContext.java:374)\n\tat io.netty.channel.AbstractChannelHandlerContext.invokeChannelRead(AbstractChannelHandlerContext.java:360)\n\tat io.netty.chann...
&amp#27;[38;5;145m[cba012df]&amp#27;[0m&amp#27;[38;5;123m[W3C]&amp#27;[0m Matched W3C error code 'no such element' to NoSuchElementError
&amp#27;[38;5;145m[cba012df]&amp#27;[0m&amp#27;[38;5;-145m[AndroidUiautomator2Driver@62db]&amp#27;[0m Encountered internal error running command: NoSuchElementError: An element could not be located on the page using the given search parameters.
    at AndroidUiautomator2Driver.findElOrEls (/Users/alzahraa.mahmoud/.appium/node_modules/appium-uiautomator2-driver/node_modules/appium-android-driver/lib/commands/find.ts:86:11)
    at processTicksAndRejections (node:internal/process/task_queues:105:5)
    at AndroidUiautomator2Driver.findElOrElsWithProcessing (/usr/local/lib/node_modules/appium/node_modules/@appium/base-driver/lib/basedriver/commands/find.ts:60:12)
    at AndroidUiautomator2Driver.findElement (/usr/local/lib/node_modules/appium/node_modules/@appium/base-driver/lib/basedriver/commands/find.ts:75:12)
&amp#27;[38;5;145m[cba012df]&amp#27;[0m&amp#27;[38;5;86m[HTTP]&amp#27;[0m &amp#27;[37m<-- POST /session/cba012df-a0df-4e0f-9b3e-ccba6011c453/element &amp#27;[39m&amp#27;[33m404&amp#27;[39m &amp#27;[90m153 ms - 822&amp#27;[39m &amp#27;[90m&amp#27;[39m
&amp#27;[38;5;145m[cba012df]&amp#27;[0m&amp#27;[38;5;86m[HTTP]&amp#27;[0m &amp#27;[37m-->&amp#27;[39m &amp#27;[37mPOST&amp#27;[39m &amp#27;[37m/session/cba012df-a0df-4e0f-9b3e-ccba6011c453/element&amp#27;[39m &amp#27;[90m{"using":"id","value":"com.androidsample.generalstore:id/spinnerCountry"}&amp#27;[39m
&amp#27;[38;5;145m[cba012df]&amp#27;[0m&amp#27;[38;5;-145m[AndroidUiautomator2Driver@62db]&amp#27;[0m Calling AppiumDriver.findElement() with args: ["id","com.androidsample.generalstore:id/spinnerCountry","cba012df-a0df-4e0f-9b3e-ccba6011c453"]
&amp#27;[38;5;145m[cba012df]&amp#27;[0m&amp#27;[38;5;-145m[AndroidUiautomator2Driver@62db]&amp#27;[0m Valid locator strategies for this request: xpath, id, class name, accessibility id, css selector, -android uiautomator
&amp#27;[38;5;145m[cba012df]&amp#27;[0m&amp#27;[38;5;-145m[AndroidUiautomator2Driver@62db]&amp#27;[0m Waiting up to 0 ms for condition
&amp#27;[38;5;145m[cba012df]&amp#27;[0m&amp#27;[38;5;-145m[AndroidUiautomator2Driver@62db]&amp#27;[0m Matched '/element' to command name 'findElement'
&amp#27;[38;5;145m[cba012df]&amp#27;[0m&amp#27;[38;5;-145m[AndroidUiautomator2Driver@62db]&amp#27;[0m Proxying [POST /element] to [POST http://127.0.0.1:8200/session/310c3366-96e3-429c-9599-52a7fa6c80a7/element] with body: {"strategy":"id","selector":"com.androidsample.generalstore:id/spinnerCountry","context":"","multiple":false}
&amp#27;[38;5;145m[cba012df]&amp#27;[0m&amp#27;[38;5;-145m[AndroidUiautomator2Driver@62db]&amp#27;[0m Got response with status 200: {"sessionId":"310c3366-96e3-429c-9599-52a7fa6c80a7","value":{"ELEMENT":"00000000-0000-000a-ffff-ffff0000001a","element-6066-11e4-a52e-4f735466cecf":"00000000-0000-000a-ffff-ffff0000001a"}}
&amp#27;[38;5;145m[cba012df]&amp#27;[0m&amp#27;[38;5;-145m[AndroidUiautomator2Driver@62db]&amp#27;[0m Responding to client with driver.findElement() result: {"element-6066-11e4-a52e-4f735466cecf":"00000000-0000-000a-ffff-ffff0000001a","ELEMENT":"00000000-0000-000a-ffff-ffff0000001a"}
&amp#27;[38;5;145m[cba012df]&amp#27;[0m&amp#27;[38;5;86m[HTTP]&amp#27;[0m &amp#27;[37m<-- POST /session/cba012df-a0df-4e0f-9b3e-ccba6011c453/element &amp#27;[39m&amp#27;[32m200&amp#27;[39m &amp#27;[90m846 ms - 137&amp#27;[39m &amp#27;[90m&amp#27;[39m
&amp#27;[38;5;145m[cba012df]&amp#27;[0m&amp#27;[38;5;86m[HTTP]&amp#27;[0m &amp#27;[37m-->&amp#27;[39m &amp#27;[37mGET&amp#27;[39m &amp#27;[37m/session/cba012df-a0df-4e0f-9b3e-ccba6011c453/element/00000000-0000-000a-ffff-ffff0000001a/displayed&amp#27;[39m &amp#27;[90m&amp#27;[39m
&amp#27;[38;5;145m[cba012df]&amp#27;[0m&amp#27;[38;5;-145m[AndroidUiautomator2Driver@62db]&amp#27;[0m Calling AppiumDriver.elementDisplayed() with args: ["00000000-0000-000a-ffff-ffff0000001a","cba012df-a0df-4e0f-9b3e-ccba6011c453"]
&amp#27;[38;5;145m[cba012df]&amp#27;[0m&amp#27;[38;5;-145m[AndroidUiautomator2Driver@62db]&amp#27;[0m Matched '/element/00000000-0000-000a-ffff-ffff0000001a/attribute/displayed' to command name 'getAttribute'
&amp#27;[38;5;145m[cba012df]&amp#27;[0m&amp#27;[38;5;-145m[AndroidUiautomator2Driver@62db]&amp#27;[0m Proxying [GET /element/00000000-0000-000a-ffff-ffff0000001a/attribute/displayed] to [GET http://127.0.0.1:8200/session/310c3366-96e3-429c-9599-52a7fa6c80a7/element/00000000-0000-000a-ffff-ffff0000001a/attribute/displayed] with no body
&amp#27;[38;5;145m[cba012df]&amp#27;[0m&amp#27;[38;5;-145m[AndroidUiautomator2Driver@62db]&amp#27;[0m Got response with status 200: {"sessionId":"310c3366-96e3-429c-9599-52a7fa6c80a7","value":"true"}
&amp#27;[38;5;145m[cba012df]&amp#27;[0m&amp#27;[38;5;-145m[AndroidUiautomator2Driver@62db]&amp#27;[0m Responding to client with driver.elementDisplayed() result: true
&amp#27;[38;5;145m[cba012df]&amp#27;[0m&amp#27;[38;5;86m[HTTP]&amp#27;[0m &amp#27;[37m<-- GET /session/cba012df-a0df-4e0f-9b3e-ccba6011c453/element/00000000-0000-000a-ffff-ffff0000001a/displayed &amp#27;[39m&amp#27;[32m200&amp#27;[39m &amp#27;[90m7 ms - 14&amp#27;[39m &amp#27;[90m&amp#27;[39m
&amp#27;[38;5;145m[cba012df]&amp#27;[0m&amp#27;[38;5;86m[HTTP]&amp#27;[0m &amp#27;[37m-->&amp#27;[39m &amp#27;[37mGET&amp#27;[39m &amp#27;[37m/session/cba012df-a0df-4e0f-9b3e-ccba6011c453/element/00000000-0000-000a-ffff-ffff0000001a/enabled&amp#27;[39m &amp#27;[90m&amp#27;[39m
&amp#27;[38;5;145m[cba012df]&amp#27;[0m&amp#27;[38;5;-145m[AndroidUiautomator2Driver@62db]&amp#27;[0m Calling AppiumDriver.elementEnabled() with args: ["00000000-0000-000a-ffff-ffff0000001a","cba012df-a0df-4e0f-9b3e-ccba6011c453"]
&amp#27;[38;5;145m[cba012df]&amp#27;[0m&amp#27;[38;5;-145m[AndroidUiautomator2Driver@62db]&amp#27;[0m Matched '/element/00000000-0000-000a-ffff-ffff0000001a/attribute/enabled' to command name 'getAttribute'
&amp#27;[38;5;145m[cba012df]&amp#27;[0m&amp#27;[38;5;-145m[AndroidUiautomator2Driver@62db]&amp#27;[0m Proxying [GET /element/00000000-0000-000a-ffff-ffff0000001a/attribute/enabled] to [GET http://127.0.0.1:8200/session/310c3366-96e3-429c-9599-52a7fa6c80a7/element/00000000-0000-000a-ffff-ffff0000001a/attribute/enabled] with no body
&amp#27;[38;5;145m[cba012df]&amp#27;[0m&amp#27;[38;5;-145m[AndroidUiautomator2Driver@62db]&amp#27;[0m Got response with status 200: {"sessionId":"310c3366-96e3-429c-9599-52a7fa6c80a7","value":"true"}
&amp#27;[38;5;145m[cba012df]&amp#27;[0m&amp#27;[38;5;-145m[AndroidUiautomator2Driver@62db]&amp#27;[0m Responding to client with driver.elementEnabled() result: true
&amp#27;[38;5;145m[cba012df]&amp#27;[0m&amp#27;[38;5;86m[HTTP]&amp#27;[0m &amp#27;[37m<-- GET /session/cba012df-a0df-4e0f-9b3e-ccba6011c453/element/00000000-0000-000a-ffff-ffff0000001a/enabled &amp#27;[39m&amp#27;[32m200&amp#27;[39m &amp#27;[90m5 ms - 14&amp#27;[39m &amp#27;[90m&amp#27;[39m
&amp#27;[38;5;145m[cba012df]&amp#27;[0m&amp#27;[38;5;86m[HTTP]&amp#27;[0m &amp#27;[37m-->&amp#27;[39m &amp#27;[37mPOST&amp#27;[39m &amp#27;[37m/session/cba012df-a0df-4e0f-9b3e-ccba6011c453/element/00000000-0000-000a-ffff-ffff0000001a/click&amp#27;[39m &amp#27;[90m{"id":"00000000-0000-000a-ffff-ffff0000001a"}&amp#27;[39m
&amp#27;[38;5;145m[cba012df]&amp#27;[0m&amp#27;[38;5;-145m[AndroidUiautomator2Driver@62db]&amp#27;[0m Calling AppiumDriver.click() with args: ["00000000-0000-000a-ffff-ffff0000001a","cba012df-a0df-4e0f-9b3e-ccba6011c453"]
&amp#27;[38;5;145m[cba012df]&amp#27;[0m&amp#27;[38;5;-145m[AndroidUiautomator2Driver@62db]&amp#27;[0m Matched '/element/00000000-0000-000a-ffff-ffff0000001a/click' to command name 'click'
&amp#27;[38;5;145m[cba012df]&amp#27;[0m&amp#27;[38;5;-145m[AndroidUiautomator2Driver@62db]&amp#27;[0m Proxying [POST /element/00000000-0000-000a-ffff-ffff0000001a/click] to [POST http://127.0.0.1:8200/session/310c3366-96e3-429c-9599-52a7fa6c80a7/element/00000000-0000-000a-ffff-ffff0000001a/click] with body: {"element":"00000000-0000-000a-ffff-ffff0000001a"}
&amp#27;[38;5;145m[cba012df]&amp#27;[0m&amp#27;[38;5;-145m[AndroidUiautomator2Driver@62db]&amp#27;[0m Got response with status 200: {"sessionId":"310c3366-96e3-429c-9599-52a7fa6c80a7","value":null}
&amp#27;[38;5;145m[cba012df]&amp#27;[0m&amp#27;[38;5;-145m[AndroidUiautomator2Driver@62db]&amp#27;[0m Responding to client with driver.click() result: null
&amp#27;[38;5;145m[cba012df]&amp#27;[0m&amp#27;[38;5;86m[HTTP]&amp#27;[0m &amp#27;[37m<-- POST /session/cba012df-a0df-4e0f-9b3e-ccba6011c453/element/00000000-0000-000a-ffff-ffff0000001a/click &amp#27;[39m&amp#27;[32m200&amp#27;[39m &amp#27;[90m76 ms - 14&amp#27;[39m &amp#27;[90m&amp#27;[39m
&amp#27;[38;5;145m[cba012df]&amp#27;[0m&amp#27;[38;5;86m[HTTP]&amp#27;[0m &amp#27;[37m-->&amp#27;[39m &amp#27;[37mPOST&amp#27;[39m &amp#27;[37m/session/cba012df-a0df-4e0f-9b3e-ccba6011c453/element&amp#27;[39m &amp#27;[90m{"using":"-android uiautomator","value":"new UiScrollable(new UiSelector()).scrollIntoView(text(\"Egypt\"));"}&amp#27;[39m
&amp#27;[38;5;145m[cba012df]&amp#27;[0m&amp#27;[38;5;-145m[AndroidUiautomator2Driver@62db]&amp#27;[0m Calling AppiumDriver.findElement() with args: ["-android uiautomator","new UiScrollable(new UiSelector()).scrollIntoView(text(\"Egypt\"));","cba012df-a0df-4e0f-9b3e-ccba6011c453"]
&amp#27;[38;5;145m[cba012df]&amp#27;[0m&amp#27;[38;5;-145m[AndroidUiautomator2Driver@62db]&amp#27;[0m Valid locator strategies for this request: xpath, id, class name, accessibility id, css selector, -android uiautomator
&amp#27;[38;5;145m[cba012df]&amp#27;[0m&amp#27;[38;5;-145m[AndroidUiautomator2Driver@62db]&amp#27;[0m Waiting up to 0 ms for condition
&amp#27;[38;5;145m[cba012df]&amp#27;[0m&amp#27;[38;5;-145m[AndroidUiautomator2Driver@62db]&amp#27;[0m Matched '/element' to command name 'findElement'
&amp#27;[38;5;145m[cba012df]&amp#27;[0m&amp#27;[38;5;-145m[AndroidUiautomator2Driver@62db]&amp#27;[0m Proxying [POST /element] to [POST http://127.0.0.1:8200/session/310c3366-96e3-429c-9599-52a7fa6c80a7/element] with body: {"strategy":"-android uiautomator","selector":"new UiScrollable(new UiSelector()).scrollIntoView(text(\"Egypt\"));","context":"","multiple":false}
&amp#27;[38;5;145m[cba012df]&amp#27;[0m&amp#27;[38;5;-145m[AndroidUiautomator2Driver@62db]&amp#27;[0m Got response with status 200: {"sessionId":"310c3366-96e3-429c-9599-52a7fa6c80a7","value":{"ELEMENT":"00000000-0000-000b-ffff-ffff0000002d","element-6066-11e4-a52e-4f735466cecf":"00000000-0000-000b-ffff-ffff0000002d"}}
&amp#27;[38;5;145m[cba012df]&amp#27;[0m&amp#27;[38;5;-145m[AndroidUiautomator2Driver@62db]&amp#27;[0m Responding to client with driver.findElement() result: {"element-6066-11e4-a52e-4f735466cecf":"00000000-0000-000b-ffff-ffff0000002d","ELEMENT":"00000000-0000-000b-ffff-ffff0000002d"}
&amp#27;[38;5;145m[cba012df]&amp#27;[0m&amp#27;[38;5;86m[HTTP]&amp#27;[0m &amp#27;[37m<-- POST /session/cba012df-a0df-4e0f-9b3e-ccba6011c453/element &amp#27;[39m&amp#27;[32m200&amp#27;[39m &amp#27;[90m14041 ms - 137&amp#27;[39m &amp#27;[90m&amp#27;[39m
&amp#27;[38;5;145m[cba012df]&amp#27;[0m&amp#27;[38;5;86m[HTTP]&amp#27;[0m &amp#27;[37m-->&amp#27;[39m &amp#27;[37mPOST&amp#27;[39m &amp#27;[37m/session/cba012df-a0df-4e0f-9b3e-ccba6011c453/element&amp#27;[39m &amp#27;[90m{"using":"xpath","value":"//android.widget.TextView[@text='Egypt']"}&amp#27;[39m
&amp#27;[38;5;145m[cba012df]&amp#27;[0m&amp#27;[38;5;-145m[AndroidUiautomator2Driver@62db]&amp#27;[0m Calling AppiumDriver.findElement() with args: ["xpath","//android.widget.TextView[@text='Egypt']","cba012df-a0df-4e0f-9b3e-ccba6011c453"]
&amp#27;[38;5;145m[cba012df]&amp#27;[0m&amp#27;[38;5;-145m[AndroidUiautomator2Driver@62db]&amp#27;[0m Valid locator strategies for this request: xpath, id, class name, accessibility id, css selector, -android uiautomator
&amp#27;[38;5;145m[cba012df]&amp#27;[0m&amp#27;[38;5;-145m[AndroidUiautomator2Driver@62db]&amp#27;[0m Waiting up to 0 ms for condition
&amp#27;[38;5;145m[cba012df]&amp#27;[0m&amp#27;[38;5;-145m[AndroidUiautomator2Driver@62db]&amp#27;[0m Matched '/element' to command name 'findElement'
&amp#27;[38;5;145m[cba012df]&amp#27;[0m&amp#27;[38;5;-145m[AndroidUiautomator2Driver@62db]&amp#27;[0m Proxying [POST /element] to [POST http://127.0.0.1:8200/session/310c3366-96e3-429c-9599-52a7fa6c80a7/element] with body: {"strategy":"xpath","selector":"//android.widget.TextView[@text='Egypt']","context":"","multiple":false}
&amp#27;[38;5;145m[cba012df]&amp#27;[0m&amp#27;[38;5;-145m[AndroidUiautomator2Driver@62db]&amp#27;[0m Got response with status 200: {"sessionId":"310c3366-96e3-429c-9599-52a7fa6c80a7","value":{"ELEMENT":"00000000-0000-000b-ffff-ffff0000002d","element-6066-11e4-a52e-4f735466cecf":"00000000-0000-000b-ffff-ffff0000002d"}}
&amp#27;[38;5;145m[cba012df]&amp#27;[0m&amp#27;[38;5;-145m[AndroidUiautomator2Driver@62db]&amp#27;[0m Responding to client with driver.findElement() result: {"element-6066-11e4-a52e-4f735466cecf":"00000000-0000-000b-ffff-ffff0000002d","ELEMENT":"00000000-0000-000b-ffff-ffff0000002d"}
&amp#27;[38;5;145m[cba012df]&amp#27;[0m&amp#27;[38;5;86m[HTTP]&amp#27;[0m &amp#27;[37m<-- POST /session/cba012df-a0df-4e0f-9b3e-ccba6011c453/element &amp#27;[39m&amp#27;[32m200&amp#27;[39m &amp#27;[90m149 ms - 137&amp#27;[39m &amp#27;[90m&amp#27;[39m
&amp#27;[38;5;145m[cba012df]&amp#27;[0m&amp#27;[38;5;86m[HTTP]&amp#27;[0m &amp#27;[37m-->&amp#27;[39m &amp#27;[37mGET&amp#27;[39m &amp#27;[37m/session/cba012df-a0df-4e0f-9b3e-ccba6011c453/element/00000000-0000-000b-ffff-ffff0000002d/displayed&amp#27;[39m &amp#27;[90m&amp#27;[39m
&amp#27;[38;5;145m[cba012df]&amp#27;[0m&amp#27;[38;5;-145m[AndroidUiautomator2Driver@62db]&amp#27;[0m Calling AppiumDriver.elementDisplayed() with args: ["00000000-0000-000b-ffff-ffff0000002d","cba012df-a0df-4e0f-9b3e-ccba6011c453"]
&amp#27;[38;5;145m[cba012df]&amp#27;[0m&amp#27;[38;5;-145m[AndroidUiautomator2Driver@62db]&amp#27;[0m Matched '/element/00000000-0000-000b-ffff-ffff0000002d/attribute/displayed' to command name 'getAttribute'
&amp#27;[38;5;145m[cba012df]&amp#27;[0m&amp#27;[38;5;-145m[AndroidUiautomator2Driver@62db]&amp#27;[0m Proxying [GET /element/00000000-0000-000b-ffff-ffff0000002d/attribute/displayed] to [GET http://127.0.0.1:8200/session/310c3366-96e3-429c-9599-52a7fa6c80a7/element/00000000-0000-000b-ffff-ffff0000002d/attribute/displayed] with no body
&amp#27;[38;5;145m[cba012df]&amp#27;[0m&amp#27;[38;5;-145m[AndroidUiautomator2Driver@62db]&amp#27;[0m Got response with status 200: {"sessionId":"310c3366-96e3-429c-9599-52a7fa6c80a7","value":"true"}
&amp#27;[38;5;145m[cba012df]&amp#27;[0m&amp#27;[38;5;-145m[AndroidUiautomator2Driver@62db]&amp#27;[0m Responding to client with driver.elementDisplayed() result: true
&amp#27;[38;5;145m[cba012df]&amp#27;[0m&amp#27;[38;5;86m[HTTP]&amp#27;[0m &amp#27;[37m<-- GET /session/cba012df-a0df-4e0f-9b3e-ccba6011c453/element/00000000-0000-000b-ffff-ffff0000002d/displayed &amp#27;[39m&amp#27;[32m200&amp#27;[39m &amp#27;[90m5 ms - 14&amp#27;[39m &amp#27;[90m&amp#27;[39m
&amp#27;[38;5;145m[cba012df]&amp#27;[0m&amp#27;[38;5;86m[HTTP]&amp#27;[0m &amp#27;[37m-->&amp#27;[39m &amp#27;[37mGET&amp#27;[39m &amp#27;[37m/session/cba012df-a0df-4e0f-9b3e-ccba6011c453/element/00000000-0000-000b-ffff-ffff0000002d/enabled&amp#27;[39m &amp#27;[90m&amp#27;[39m
&amp#27;[38;5;145m[cba012df]&amp#27;[0m&amp#27;[38;5;-145m[AndroidUiautomator2Driver@62db]&amp#27;[0m Calling AppiumDriver.elementEnabled() with args: ["00000000-0000-000b-ffff-ffff0000002d","cba012df-a0df-4e0f-9b3e-ccba6011c453"]
&amp#27;[38;5;145m[cba012df]&amp#27;[0m&amp#27;[38;5;-145m[AndroidUiautomator2Driver@62db]&amp#27;[0m Matched '/element/00000000-0000-000b-ffff-ffff0000002d/attribute/enabled' to command name 'getAttribute'
&amp#27;[38;5;145m[cba012df]&amp#27;[0m&amp#27;[38;5;-145m[AndroidUiautomator2Driver@62db]&amp#27;[0m Proxying [GET /element/00000000-0000-000b-ffff-ffff0000002d/attribute/enabled] to [GET http://127.0.0.1:8200/session/310c3366-96e3-429c-9599-52a7fa6c80a7/element/00000000-0000-000b-ffff-ffff0000002d/attribute/enabled] with no body
&amp#27;[38;5;145m[cba012df]&amp#27;[0m&amp#27;[38;5;-145m[AndroidUiautomator2Driver@62db]&amp#27;[0m Got response with status 200: {"sessionId":"310c3366-96e3-429c-9599-52a7fa6c80a7","value":"true"}
&amp#27;[38;5;145m[cba012df]&amp#27;[0m&amp#27;[38;5;-145m[AndroidUiautomator2Driver@62db]&amp#27;[0m Responding to client with driver.elementEnabled() result: true
&amp#27;[38;5;145m[cba012df]&amp#27;[0m&amp#27;[38;5;86m[HTTP]&amp#27;[0m &amp#27;[37m<-- GET /session/cba012df-a0df-4e0f-9b3e-ccba6011c453/element/00000000-0000-000b-ffff-ffff0000002d/enabled &amp#27;[39m&amp#27;[32m200&amp#27;[39m &amp#27;[90m5 ms - 14&amp#27;[39m &amp#27;[90m&amp#27;[39m
&amp#27;[38;5;145m[cba012df]&amp#27;[0m&amp#27;[38;5;86m[HTTP]&amp#27;[0m &amp#27;[37m-->&amp#27;[39m &amp#27;[37mPOST&amp#27;[39m &amp#27;[37m/session/cba012df-a0df-4e0f-9b3e-ccba6011c453/element/00000000-0000-000b-ffff-ffff0000002d/click&amp#27;[39m &amp#27;[90m{"id":"00000000-0000-000b-ffff-ffff0000002d"}&amp#27;[39m
&amp#27;[38;5;145m[cba012df]&amp#27;[0m&amp#27;[38;5;-145m[AndroidUiautomator2Driver@62db]&amp#27;[0m Calling AppiumDriver.click() with args: ["00000000-0000-000b-ffff-ffff0000002d","cba012df-a0df-4e0f-9b3e-ccba6011c453"]
&amp#27;[38;5;145m[cba012df]&amp#27;[0m&amp#27;[38;5;-145m[AndroidUiautomator2Driver@62db]&amp#27;[0m Matched '/element/00000000-0000-000b-ffff-ffff0000002d/click' to command name 'click'
&amp#27;[38;5;145m[cba012df]&amp#27;[0m&amp#27;[38;5;-145m[AndroidUiautomator2Driver@62db]&amp#27;[0m Proxying [POST /element/00000000-0000-000b-ffff-ffff0000002d/click] to [POST http://127.0.0.1:8200/session/310c3366-96e3-429c-9599-52a7fa6c80a7/element/00000000-0000-000b-ffff-ffff0000002d/click] with body: {"element":"00000000-0000-000b-ffff-ffff0000002d"}
&amp#27;[38;5;145m[cba012df]&amp#27;[0m&amp#27;[38;5;-145m[AndroidUiautomator2Driver@62db]&amp#27;[0m Got response with status 200: {"sessionId":"310c3366-96e3-429c-9599-52a7fa6c80a7","value":null}
&amp#27;[38;5;145m[cba012df]&amp#27;[0m&amp#27;[38;5;-145m[AndroidUiautomator2Driver@62db]&amp#27;[0m Responding to client with driver.click() result: null
&amp#27;[38;5;145m[cba012df]&amp#27;[0m&amp#27;[38;5;86m[HTTP]&amp#27;[0m &amp#27;[37m<-- POST /session/cba012df-a0df-4e0f-9b3e-ccba6011c453/element/00000000-0000-000b-ffff-ffff0000002d/click &amp#27;[39m&amp#27;[32m200&amp#27;[39m &amp#27;[90m688 ms - 14&amp#27;[39m &amp#27;[90m&amp#27;[39m
&amp#27;[38;5;145m[cba012df]&amp#27;[0m&amp#27;[38;5;86m[HTTP]&amp#27;[0m &amp#27;[37m-->&amp#27;[39m &amp#27;[37mPOST&amp#27;[39m &amp#27;[37m/session/cba012df-a0df-4e0f-9b3e-ccba6011c453/element&amp#27;[39m &amp#27;[90m{"using":"xpath","value":"//android.widget.TextView[@resource-id=\"android:id/text1\"]"}&amp#27;[39m
&amp#27;[38;5;145m[cba012df]&amp#27;[0m&amp#27;[38;5;-145m[AndroidUiautomator2Driver@62db]&amp#27;[0m Calling AppiumDriver.findElement() with args: ["xpath","//android.widget.TextView[@resource-id=\"android:id/text1\"]","cba012df-a0df-4e0f-9b3e-ccba6011c453"]
&amp#27;[38;5;145m[cba012df]&amp#27;[0m&amp#27;[38;5;-145m[AndroidUiautomator2Driver@62db]&amp#27;[0m Valid locator strategies for this request: xpath, id, class name, accessibility id, css selector, -android uiautomator
&amp#27;[38;5;145m[cba012df]&amp#27;[0m&amp#27;[38;5;-145m[AndroidUiautomator2Driver@62db]&amp#27;[0m Waiting up to 0 ms for condition
&amp#27;[38;5;145m[cba012df]&amp#27;[0m&amp#27;[38;5;-145m[AndroidUiautomator2Driver@62db]&amp#27;[0m Matched '/element' to command name 'findElement'
&amp#27;[38;5;145m[cba012df]&amp#27;[0m&amp#27;[38;5;-145m[AndroidUiautomator2Driver@62db]&amp#27;[0m Proxying [POST /element] to [POST http://127.0.0.1:8200/session/310c3366-96e3-429c-9599-52a7fa6c80a7/element] with body: {"strategy":"xpath","selector":"//android.widget.TextView[@resource-id=\"android:id/text1\"]","context":"","multiple":false}
&amp#27;[38;5;145m[cba012df]&amp#27;[0m&amp#27;[38;5;-145m[AndroidUiautomator2Driver@62db]&amp#27;[0m Got response with status 200: {"sessionId":"310c3366-96e3-429c-9599-52a7fa6c80a7","value":{"ELEMENT":"00000000-0000-000a-ffff-ffff00000035","element-6066-11e4-a52e-4f735466cecf":"00000000-0000-000a-ffff-ffff00000035"}}
&amp#27;[38;5;145m[cba012df]&amp#27;[0m&amp#27;[38;5;-145m[AndroidUiautomator2Driver@62db]&amp#27;[0m Responding to client with driver.findElement() result: {"element-6066-11e4-a52e-4f735466cecf":"00000000-0000-000a-ffff-ffff00000035","ELEMENT":"00000000-0000-000a-ffff-ffff00000035"}
&amp#27;[38;5;145m[cba012df]&amp#27;[0m&amp#27;[38;5;86m[HTTP]&amp#27;[0m &amp#27;[37m<-- POST /session/cba012df-a0df-4e0f-9b3e-ccba6011c453/element &amp#27;[39m&amp#27;[32m200&amp#27;[39m &amp#27;[90m16 ms - 137&amp#27;[39m &amp#27;[90m&amp#27;[39m
&amp#27;[38;5;145m[cba012df]&amp#27;[0m&amp#27;[38;5;86m[HTTP]&amp#27;[0m &amp#27;[37m-->&amp#27;[39m &amp#27;[37mGET&amp#27;[39m &amp#27;[37m/session/cba012df-a0df-4e0f-9b3e-ccba6011c453/element/00000000-0000-000a-ffff-ffff00000035/displayed&amp#27;[39m &amp#27;[90m&amp#27;[39m
&amp#27;[38;5;145m[cba012df]&amp#27;[0m&amp#27;[38;5;-145m[AndroidUiautomator2Driver@62db]&amp#27;[0m Calling AppiumDriver.elementDisplayed() with args: ["00000000-0000-000a-ffff-ffff00000035","cba012df-a0df-4e0f-9b3e-ccba6011c453"]
&amp#27;[38;5;145m[cba012df]&amp#27;[0m&amp#27;[38;5;-145m[AndroidUiautomator2Driver@62db]&amp#27;[0m Matched '/element/00000000-0000-000a-ffff-ffff00000035/attribute/displayed' to command name 'getAttribute'
&amp#27;[38;5;145m[cba012df]&amp#27;[0m&amp#27;[38;5;-145m[AndroidUiautomator2Driver@62db]&amp#27;[0m Proxying [GET /element/00000000-0000-000a-ffff-ffff00000035/attribute/displayed] to [GET http://127.0.0.1:8200/session/310c3366-96e3-429c-9599-52a7fa6c80a7/element/00000000-0000-000a-ffff-ffff00000035/attribute/displayed] with no body
&amp#27;[38;5;145m[cba012df]&amp#27;[0m&amp#27;[38;5;-145m[AndroidUiautomator2Driver@62db]&amp#27;[0m Got response with status 200: {"sessionId":"310c3366-96e3-429c-9599-52a7fa6c80a7","value":"true"}
&amp#27;[38;5;145m[cba012df]&amp#27;[0m&amp#27;[38;5;-145m[AndroidUiautomator2Driver@62db]&amp#27;[0m Responding to client with driver.elementDisplayed() result: true
&amp#27;[38;5;145m[cba012df]&amp#27;[0m&amp#27;[38;5;86m[HTTP]&amp#27;[0m &amp#27;[37m<-- GET /session/cba012df-a0df-4e0f-9b3e-ccba6011c453/element/00000000-0000-000a-ffff-ffff00000035/displayed &amp#27;[39m&amp#27;[32m200&amp#27;[39m &amp#27;[90m5 ms - 14&amp#27;[39m &amp#27;[90m&amp#27;[39m
&amp#27;[38;5;145m[cba012df]&amp#27;[0m&amp#27;[38;5;86m[HTTP]&amp#27;[0m &amp#27;[37m-->&amp#27;[39m &amp#27;[37mGET&amp#27;[39m &amp#27;[37m/session/cba012df-a0df-4e0f-9b3e-ccba6011c453/element/00000000-0000-000a-ffff-ffff00000035/text&amp#27;[39m &amp#27;[90m&amp#27;[39m
&amp#27;[38;5;145m[cba012df]&amp#27;[0m&amp#27;[38;5;-145m[AndroidUiautomator2Driver@62db]&amp#27;[0m Driver proxy active, passing request on via HTTP proxy
&amp#27;[38;5;145m[cba012df]&amp#27;[0m&amp#27;[38;5;-145m[AndroidUiautomator2Driver@62db]&amp#27;[0m Matched '/session/cba012df-a0df-4e0f-9b3e-ccba6011c453/element/00000000-0000-000a-ffff-ffff00000035/text' to command name 'getText'
&amp#27;[38;5;145m[cba012df]&amp#27;[0m&amp#27;[38;5;-145m[AndroidUiautomator2Driver@62db]&amp#27;[0m Proxying [GET /session/cba012df-a0df-4e0f-9b3e-ccba6011c453/element/00000000-0000-000a-ffff-ffff00000035/text] to [GET http://127.0.0.1:8200/session/310c3366-96e3-429c-9599-52a7fa6c80a7/element/00000000-0000-000a-ffff-ffff00000035/text] with no body
&amp#27;[38;5;145m[cba012df]&amp#27;[0m&amp#27;[38;5;-145m[AndroidUiautomator2Driver@62db]&amp#27;[0m Got response with status 200: {"sessionId":"310c3366-96e3-429c-9599-52a7fa6c80a7","value":"Egypt"}
&amp#27;[38;5;145m[cba012df]&amp#27;[0m&amp#27;[38;5;-145m[AndroidUiautomator2Driver@62db]&amp#27;[0m Replacing sessionId 310c3366-96e3-429c-9599-52a7fa6c80a7 with cba012df-a0df-4e0f-9b3e-ccba6011c453
[...]
&amp#27;[38;5;145m[cba012df]&amp#27;[0m&amp#27;[38;5;-145m[AndroidUiautomator2Driver@62db]&amp#27;[0m Responding to client with driver.elementDisplayed() result: true
&amp#27;[38;5;145m[cba012df]&amp#27;[0m&amp#27;[38;5;86m[HTTP]&amp#27;[0m &amp#27;[37m<-- GET /session/cba012df-a0df-4e0f-9b3e-ccba6011c453/element/00000000-0000-000a-ffff-ffff0000001c/displayed &amp#27;[39m&amp#27;[32m200&amp#27;[39m &amp#27;[90m5 ms - 14&amp#27;[39m &amp#27;[90m&amp#27;[39m
&amp#27;[38;5;145m[cba012df]&amp#27;[0m&amp#27;[38;5;86m[HTTP]&amp#27;[0m &amp#27;[37m-->&amp#27;[39m &amp#27;[37mPOST&amp#27;[39m &amp#27;[37m/session/cba012df-a0df-4e0f-9b3e-ccba6011c453/element/00000000-0000-000a-ffff-ffff0000001c/value&amp#27;[39m &amp#27;[90m{"id":"00000000-0000-000a-ffff-ffff0000001c","text":"zahraa","value":["z","a","h","r","a","a"]}&amp#27;[39m
&amp#27;[38;5;145m[cba012df]&amp#27;[0m&amp#27;[38;5;123m[BaseDriver]&amp#27;[0m The following arguments are not known and will be ignored: value
&amp#27;[38;5;145m[cba012df]&amp#27;[0m&amp#27;[38;5;-145m[AndroidUiautomator2Driver@62db]&amp#27;[0m Calling AppiumDriver.setValue() with args: ["zahraa","00000000-0000-000a-ffff-ffff0000001c","cba012df-a0df-4e0f-9b3e-ccba6011c453"]
&amp#27;[38;5;145m[cba012df]&amp#27;[0m&amp#27;[38;5;-145m[AndroidUiautomator2Driver@62db]&amp#27;[0m Matched '/element/00000000-0000-000a-ffff-ffff0000001c/value' to command name 'setValue'
&amp#27;[38;5;145m[cba012df]&amp#27;[0m&amp#27;[38;5;-145m[AndroidUiautomator2Driver@62db]&amp#27;[0m Added 'value' property to 'setValue' request body
&amp#27;[38;5;145m[cba012df]&amp#27;[0m&amp#27;[38;5;-145m[AndroidUiautomator2Driver@62db]&amp#27;[0m Proxying [POST /element/00000000-0000-000a-ffff-ffff0000001c/value] to [POST http://127.0.0.1:8200/session/310c3366-96e3-429c-9599-52a7fa6c80a7/element/00000000-0000-000a-ffff-ffff0000001c/value] with body: {"elementId":"00000000-0000-000a-ffff-ffff0000001c","text":"zahraa","replace":false,"value":["z","a","h","r","a","a"]}
&amp#27;[38;5;145m[cba012df]&amp#27;[0m&amp#27;[38;5;-145m[AndroidUiautomator2Driver@62db]&amp#27;[0m Got response with status 200: {"sessionId":"310c3366-96e3-429c-9599-52a7fa6c80a7","value":null}
&amp#27;[38;5;145m[cba012df]&amp#27;[0m&amp#27;[38;5;-145m[AndroidUiautomator2Driver@62db]&amp#27;[0m Responding to client with driver.setValue() result: null
&amp#27;[38;5;145m[cba012df]&amp#27;[0m&amp#27;[38;5;86m[HTTP]&amp#27;[0m &amp#27;[37m<-- POST /session/cba012df-a0df-4e0f-9b3e-ccba6011c453/element/00000000-0000-000a-ffff-ffff0000001c/value &amp#27;[39m&amp#27;[32m200&amp#27;[39m &amp#27;[90m571 ms - 14&amp#27;[39m &amp#27;[90m&amp#27;[39m
&amp#27;[38;5;145m[cba012df]&amp#27;[0m&amp#27;[38;5;86m[HTTP]&amp#27;[0m &amp#27;[37m-->&amp#27;[39m &amp#27;[37mPOST&amp#27;[39m &amp#27;[37m/session/cba012df-a0df-4e0f-9b3e-ccba6011c453/element&amp#27;[39m &amp#27;[90m{"using":"id","value":"com.androidsample.generalstore:id/nameField"}&amp#27;[39m
&amp#27;[38;5;145m[cba012df]&amp#27;[0m&amp#27;[38;5;-145m[AndroidUiautomator2Driver@62db]&amp#27;[0m Calling AppiumDriver.findElement() with args: ["id","com.androidsample.generalstore:id/nameField","cba012df-a0df-4e0f-9b3e-ccba6011c453"]
&amp#27;[38;5;145m[cba012df]&amp#27;[0m&amp#27;[38;5;-145m[AndroidUiautomator2Driver@62db]&amp#27;[0m Valid locator strategies for this request: xpath, id, class name, accessibility id, css selector, -android uiautomator
&amp#27;[38;5;145m[cba012df]&amp#27;[0m&amp#27;[38;5;-145m[AndroidUiautomator2Driver@62db]&amp#27;[0m Waiting up to 0 ms for condition
&amp#27;[38;5;145m[cba012df]&amp#27;[0m&amp#27;[38;5;-145m[AndroidUiautomator2Driver@62db]&amp#27;[0m Matched '/element' to command name 'findElement'
&amp#27;[38;5;145m[cba012df]&amp#27;[0m&amp#27;[38;5;-145m[AndroidUiautomator2Driver@62db]&amp#27;[0m Proxying [POST /element] to [POST http://127.0.0.1:8200/session/310c3366-96e3-429c-9599-52a7fa6c80a7/element] with body: {"strategy":"id","selector":"com.androidsample.generalstore:id/nameField","context":"","multiple":false}
&amp#27;[38;5;145m[cba012df]&amp#27;[0m&amp#27;[38;5;-145m[AndroidUiautomator2Driver@62db]&amp#27;[0m Got response with status 200: {"sessionId":"310c3366-96e3-429c-9599-52a7fa6c80a7","value":{"ELEMENT":"00000000-0000-000a-ffff-ffff0000001c","element-6066-11e4-a52e-4f735466cecf":"00000000-0000-000a-ffff-ffff0000001c"}}
&amp#27;[38;5;145m[cba012df]&amp#27;[0m&amp#27;[38;5;-145m[AndroidUiautomator2Driver@62db]&amp#27;[0m Responding to client with driver.findElement() result: {"element-6066-11e4-a52e-4f735466cecf":"00000000-0000-000a-ffff-ffff0000001c","ELEMENT":"00000000-0000-000a-ffff-ffff0000001c"}
&amp#27;[38;5;145m[cba012df]&amp#27;[0m&amp#27;[38;5;86m[HTTP]&amp#27;[0m &amp#27;[37m<-- POST /session/cba012df-a0df-4e0f-9b3e-ccba6011c453/element &amp#27;[39m&amp#27;[32m200&amp#27;[39m &amp#27;[90m505 ms - 137&amp#27;[39m &amp#27;[90m&amp#27;[39m
&amp#27;[38;5;145m[cba012df]&amp#27;[0m&amp#27;[38;5;86m[HTTP]&amp#27;[0m &amp#27;[37m-->&amp#27;[39m &amp#27;[37mGET&amp#27;[39m &amp#27;[37m/session/cba012df-a0df-4e0f-9b3e-ccba6011c453/element/00000000-0000-000a-ffff-ffff0000001c/displayed&amp#27;[39m &amp#27;[90m&amp#27;[39m
&amp#27;[38;5;145m[cba012df]&amp#27;[0m&amp#27;[38;5;-145m[AndroidUiautomator2Driver@62db]&amp#27;[0m Calling AppiumDriver.elementDisplayed() with args: ["00000000-0000-000a-ffff-ffff0000001c","cba012df-a0df-4e0f-9b3e-ccba6011c453"]
&amp#27;[38;5;145m[cba012df]&amp#27;[0m&amp#27;[38;5;-145m[AndroidUiautomator2Driver@62db]&amp#27;[0m Matched '/element/00000000-0000-000a-ffff-ffff0000001c/attribute/displayed' to command name 'getAttribute'
&amp#27;[38;5;145m[cba012df]&amp#27;[0m&amp#27;[38;5;-145m[AndroidUiautomator2Driver@62db]&amp#27;[0m Proxying [GET /element/00000000-0000-000a-ffff-ffff0000001c/attribute/displayed] to [GET http://127.0.0.1:8200/session/310c3366-96e3-429c-9599-52a7fa6c80a7/element/00000000-0000-000a-ffff-ffff0000001c/attribute/displayed] with no body
&amp#27;[38;5;145m[cba012df]&amp#27;[0m&amp#27;[38;5;-145m[AndroidUiautomator2Driver@62db]&amp#27;[0m Got response with status 200: {"sessionId":"310c3366-96e3-429c-9599-52a7fa6c80a7","value":"true"}
&amp#27;[38;5;145m[cba012df]&amp#27;[0m&amp#27;[38;5;-145m[AndroidUiautomator2Driver@62db]&amp#27;[0m Responding to client with driver.elementDisplayed() result: true
&amp#27;[38;5;145m[cba012df]&amp#27;[0m&amp#27;[38;5;86m[HTTP]&amp#27;[0m &amp#27;[37m<-- GET /session/cba012df-a0df-4e0f-9b3e-ccba6011c453/element/00000000-0000-000a-ffff-ffff0000001c/displayed &amp#27;[39m&amp#27;[32m200&amp#27;[39m &amp#27;[90m8 ms - 14&amp#27;[39m &amp#27;[90m&amp#27;[39m
&amp#27;[38;5;145m[cba012df]&amp#27;[0m&amp#27;[38;5;86m[HTTP]&amp#27;[0m &amp#27;[37m-->&amp#27;[39m &amp#27;[37mGET&amp#27;[39m &amp#27;[37m/session/cba012df-a0df-4e0f-9b3e-ccba6011c453/element/00000000-0000-000a-ffff-ffff0000001c/text&amp#27;[39m &amp#27;[90m&amp#27;[39m
&amp#27;[38;5;145m[cba012df]&amp#27;[0m&amp#27;[38;5;-145m[AndroidUiautomator2Driver@62db]&amp#27;[0m Driver proxy active, passing request on via HTTP proxy
&amp#27;[38;5;145m[cba012df]&amp#27;[0m&amp#27;[38;5;-145m[AndroidUiautomator2Driver@62db]&amp#27;[0m Matched '/session/cba012df-a0df-4e0f-9b3e-ccba6011c453/element/00000000-0000-000a-ffff-ffff0000001c/text' to command name 'getText'
&amp#27;[38;5;145m[cba012df]&amp#27;[0m&amp#27;[38;5;-145m[AndroidUiautomator2Driver@62db]&amp#27;[0m Proxying [GET /session/cba012df-a0df-4e0f-9b3e-ccba6011c453/element/00000000-0000-000a-ffff-ffff0000001c/text] to [GET http://127.0.0.1:8200/session/310c3366-96e3-429c-9599-52a7fa6c80a7/element/00000000-0000-000a-ffff-ffff0000001c/text] with no body
&amp#27;[38;5;145m[cba012df]&amp#27;[0m&amp#27;[38;5;-145m[AndroidUiautomator2Driver@62db]&amp#27;[0m Got response with status 200: {"sessionId":"310c3366-96e3-429c-9599-52a7fa6c80a7","value":"zahraa"}
&amp#27;[38;5;145m[cba012df]&amp#27;[0m&amp#27;[38;5;-145m[AndroidUiautomator2Driver@62db]&amp#27;[0m Replacing sessionId 310c3366-96e3-429c-9599-52a7fa6c80a7 with cba012df-a0df-4e0f-9b3e-ccba6011c453
&amp#27;[38;5;145m[cba012df]&amp#27;[0m&amp#27;[38;5;86m[HTTP]&amp#27;[0m &amp#27;[37m<-- GET /session/cba012df-a0df-4e0f-9b3e-ccba6011c453/element/00000000-0000-000a-ffff-ffff0000001c/text &amp#27;[39m&amp#27;[32m200&amp#27;[39m &amp#27;[90m7 ms - 18&amp#27;[39m &amp#27;[90m&amp#27;[39m
&amp#27;[38;5;145m[cba012df]&amp#27;[0m&amp#27;[38;5;86m[HTTP]&amp#27;[0m &amp#27;[37m-->&amp#27;[39m &amp#27;[37mPOST&amp#27;[39m &amp#27;[37m/session/cba012df-a0df-4e0f-9b3e-ccba6011c453/element&amp#27;[39m &amp#27;[90m{"using":"xpath","value":"//android.widget.RadioButton[@text='Female']"}&amp#27;[39m
&amp#27;[38;5;145m[cba012df]&amp#27;[0m&amp#27;[38;5;-145m[AndroidUiautomator2Driver@62db]&amp#27;[0m Calling AppiumDriver.findElement() with args: ["xpath","//android.widget.RadioButton[@text='Female']","cba012df-a0df-4e0f-9b3e-ccba6011c453"]
&amp#27;[38;5;145m[cba012df]&amp#27;[0m&amp#27;[38;5;-145m[AndroidUiautomator2Driver@62db]&amp#27;[0m Valid locator strategies for this request: xpath, id, class name, accessibility id, css selector, -android uiautomator
&amp#27;[38;5;145m[cba012df]&amp#27;[0m&amp#27;[38;5;-145m[AndroidUiautomator2Driver@62db]&amp#27;[0m Waiting up to 0 ms for condition
&amp#27;[38;5;145m[cba012df]&amp#27;[0m&amp#27;[38;5;-145m[AndroidUiautomator2Driver@62db]&amp#27;[0m Matched '/element' to command name 'findElement'
&amp#27;[38;5;145m[cba012df]&amp#27;[0m&amp#27;[38;5;-145m[AndroidUiautomator2Driver@62db]&amp#27;[0m Proxying [POST /element] to [POST http://127.0.0.1:8200/session/310c3366-96e3-429c-9599-52a7fa6c80a7/element] with body: {"strategy":"xpath","selector":"//android.widget.RadioButton[@text='Female']","context":"","multiple":false}
&amp#27;[38;5;145m[cba012df]&amp#27;[0m&amp#27;[38;5;-145m[AndroidUiautomator2Driver@62db]&amp#27;[0m Got response with status 200: {"sessionId":"310c3366-96e3-429c-9599-52a7fa6c80a7","value":{"ELEMENT":"00000000-0000-000a-ffff-ffff00000020","element-6066-11e4-a52e-4f735466cecf":"00000000-0000-000a-ffff-ffff00000020"}}
&amp#27;[38;5;145m[cba012df]&amp#27;[0m&amp#27;[38;5;-145m[AndroidUiautomator2Driver@62db]&amp#27;[0m Responding to client with driver.findElement() result: {"element-6066-11e4-a52e-4f735466cecf":"00000000-0000-000a-ffff-ffff00000020","ELEMENT":"00000000-0000-000a-ffff-ffff00000020"}
&amp#27;[38;5;145m[cba012df]&amp#27;[0m&amp#27;[38;5;86m[HTTP]&amp#27;[0m &amp#27;[37m<-- POST /session/cba012df-a0df-4e0f-9b3e-ccba6011c453/element &amp#27;[39m&amp#27;[32m200&amp#27;[39m &amp#27;[90m19 ms - 137&amp#27;[39m &amp#27;[90m&amp#27;[39m
&amp#27;[38;5;145m[cba012df]&amp#27;[0m&amp#27;[38;5;86m[HTTP]&amp#27;[0m &amp#27;[37m-->&amp#27;[39m &amp#27;[37mGET&amp#27;[39m &amp#27;[37m/session/cba012df-a0df-4e0f-9b3e-ccba6011c453/element/00000000-0000-000a-ffff-ffff00000020/displayed&amp#27;[39m &amp#27;[90m&amp#27;[39m
&amp#27;[38;5;145m[cba012df]&amp#27;[0m&amp#27;[38;5;-145m[AndroidUiautomator2Driver@62db]&amp#27;[0m Calling AppiumDriver.elementDisplayed() with args: ["00000000-0000-000a-ffff-ffff00000020","cba012df-a0df-4e0f-9b3e-ccba6011c453"]
&amp#27;[38;5;145m[cba012df]&amp#27;[0m&amp#27;[38;5;-145m[AndroidUiautomator2Driver@62db]&amp#27;[0m Matched '/element/00000000-0000-000a-ffff-ffff00000020/attribute/displayed' to command name 'getAttribute'
&amp#27;[38;5;145m[cba012df]&amp#27;[0m&amp#27;[38;5;-145m[AndroidUiautomator2Driver@62db]&amp#27;[0m Proxying [GET /element/00000000-0000-000a-ffff-ffff00000020/attribute/displayed] to [GET http://127.0.0.1:8200/session/310c3366-96e3-429c-9599-52a7fa6c80a7/element/00000000-0000-000a-ffff-ffff00000020/attribute/displayed] with no body
&amp#27;[38;5;145m[cba012df]&amp#27;[0m&amp#27;[38;5;-145m[AndroidUiautomator2Driver@62db]&amp#27;[0m Got response with status 200: {"sessionId":"310c3366-96e3-429c-9599-52a7fa6c80a7","value":"true"}
&amp#27;[38;5;145m[cba012df]&amp#27;[0m&amp#27;[38;5;-145m[AndroidUiautomator2Driver@62db]&amp#27;[0m Responding to client with driver.elementDisplayed() result: true
&amp#27;[38;5;145m[cba012df]&amp#27;[0m&amp#27;[38;5;86m[HTTP]&amp#27;[0m &amp#27;[37m<-- GET /session/cba012df-a0df-4e0f-9b3e-ccba6011c453/element/00000000-0000-000a-ffff-ffff00000020/displayed &amp#27;[39m&amp#27;[32m200&amp#27;[39m &amp#27;[90m5 ms - 14&amp#27;[39m &amp#27;[90m&amp#27;[39m
&amp#27;[38;5;145m[cba012df]&amp#27;[0m&amp#27;[38;5;86m[HTTP]&amp#27;[0m &amp#27;[37m-->&amp#27;[39m &amp#27;[37mGET&amp#27;[39m &amp#27;[37m/session/cba012df-a0df-4e0f-9b3e-ccba6011c453/element/00000000-0000-000a-ffff-ffff00000020/enabled&amp#27;[39m &amp#27;[90m&amp#27;[39m
&amp#27;[38;5;145m[cba012df]&amp#27;[0m&amp#27;[38;5;-145m[AndroidUiautomator2Driver@62db]&amp#27;[0m Calling AppiumDriver.elementEnabled() with args: ["00000000-0000-000a-ffff-ffff00000020","cba012df-a0df-4e0f-9b3e-ccba6011c453"]
&amp#27;[38;5;145m[cba012df]&amp#27;[0m&amp#27;[38;5;-145m[AndroidUiautomator2Driver@62db]&amp#27;[0m Matched '/element/00000000-0000-000a-ffff-ffff00000020/attribute/enabled' to command name 'getAttribute'
&amp#27;[38;5;145m[cba012df]&amp#27;[0m&amp#27;[38;5;-145m[AndroidUiautomator2Driver@62db]&amp#27;[0m Proxying [GET /element/00000000-0000-000a-ffff-ffff00000020/attribute/enabled] to [GET http://127.0.0.1:8200/session/310c3366-96e3-429c-9599-52a7fa6c80a7/element/00000000-0000-000a-ffff-ffff00000020/attribute/enabled] with no body
&amp#27;[38;5;145m[cba012df]&amp#27;[0m&amp#27;[38;5;-145m[AndroidUiautomator2Driver@62db]&amp#27;[0m Got response with status 200: {"sessionId":"310c3366-96e3-429c-9599-52a7fa6c80a7","value":"true"}
&amp#27;[38;5;145m[cba012df]&amp#27;[0m&amp#27;[38;5;-145m[AndroidUiautomator2Driver@62db]&amp#27;[0m Responding to client with driver.elementEnabled() result: true
&amp#27;[38;5;145m[cba012df]&amp#27;[0m&amp#27;[38;5;86m[HTTP]&amp#27;[0m &amp#27;[37m<-- GET /session/cba012df-a0df-4e0f-9b3e-ccba6011c453/element/00000000-0000-000a-ffff-ffff00000020/enabled &amp#27;[39m&amp#27;[32m200&amp#27;[39m &amp#27;[90m5 ms - 14&amp#27;[39m &amp#27;[90m&amp#27;[39m
&amp#27;[38;5;145m[cba012df]&amp#27;[0m&amp#27;[38;5;86m[HTTP]&amp#27;[0m &amp#27;[37m-->&amp#27;[39m &amp#27;[37mPOST&amp#27;[39m &amp#27;[37m/session/cba012df-a0df-4e0f-9b3e-ccba6011c453/element/00000000-0000-000a-ffff-ffff00000020/click&amp#27;[39m &amp#27;[90m{"id":"00000000-0000-000a-ffff-ffff00000020"}&amp#27;[39m
&amp#27;[38;5;145m[cba012df]&amp#27;[0m&amp#27;[38;5;-145m[AndroidUiautomator2Driver@62db]&amp#27;[0m Calling AppiumDriver.click() with args: ["00000000-0000-000a-ffff-ffff00000020","cba012df-a0df-4e0f-9b3e-ccba6011c453"]
&amp#27;[38;5;145m[cba012df]&amp#27;[0m&amp#27;[38;5;-145m[AndroidUiautomator2Driver@62db]&amp#27;[0m Matched '/element/00000000-0000-000a-ffff-ffff00000020/click' to command name 'click'
&amp#27;[38;5;145m[cba012df]&amp#27;[0m&amp#27;[38;5;-145m[AndroidUiautomator2Driver@62db]&amp#27;[0m Proxying [POST /element/00000000-0000-000a-ffff-ffff00000020/click] to [POST http://127.0.0.1:8200/session/310c3366-96e3-429c-9599-52a7fa6c80a7/element/00000000-0000-000a-ffff-ffff00000020/click] with body: {"element":"00000000-0000-000a-ffff-ffff00000020"}
&amp#27;[38;5;145m[cba012df]&amp#27;[0m&amp#27;[38;5;-145m[AndroidUiautomator2Driver@62db]&amp#27;[0m Got response with status 200: {"sessionId":"310c3366-96e3-429c-9599-52a7fa6c80a7","value":null}
&amp#27;[38;5;145m[cba012df]&amp#27;[0m&amp#27;[38;5;-145m[AndroidUiautomator2Driver@62db]&amp#27;[0m Responding to client with driver.click() result: null
&amp#27;[38;5;145m[cba012df]&amp#27;[0m&amp#27;[38;5;86m[HTTP]&amp#27;[0m &amp#27;[37m<-- POST /session/cba012df-a0df-4e0f-9b3e-ccba6011c453/element/00000000-0000-000a-ffff-ffff00000020/click &amp#27;[39m&amp#27;[32m200&amp#27;[39m &amp#27;[90m49 ms - 14&amp#27;[39m &amp#27;[90m&amp#27;[39m
&amp#27;[38;5;145m[cba012df]&amp#27;[0m&amp#27;[38;5;86m[HTTP]&amp#27;[0m &amp#27;[37m-->&amp#27;[39m &amp#27;[37mPOST&amp#27;[39m &amp#27;[37m/session/cba012df-a0df-4e0f-9b3e-ccba6011c453/element&amp#27;[39m &amp#27;[90m{"using":"xpath","value":"//android.widget.RadioButton[@text='Female']"}&amp#27;[39m
&amp#27;[38;5;145m[cba012df]&amp#27;[0m&amp#27;[38;5;-145m[AndroidUiautomator2Driver@62db]&amp#27;[0m Calling AppiumDriver.findElement() with args: ["xpath","//android.widget.RadioButton[@text='Female']","cba012df-a0df-4e0f-9b3e-ccba6011c453"]
&amp#27;[38;5;145m[cba012df]&amp#27;[0m&amp#27;[38;5;-145m[AndroidUiautomator2Driver@62db]&amp#27;[0m Valid locator strategies for this request: xpath, id, class name, accessibility id, css selector, -android uiautomator
&amp#27;[38;5;145m[cba012df]&amp#27;[0m&amp#27;[38;5;-145m[AndroidUiautomator2Driver@62db]&amp#27;[0m Waiting up to 0 ms for condition
&amp#27;[38;5;145m[cba012df]&amp#27;[0m&amp#27;[38;5;-145m[AndroidUiautomator2Driver@62db]&amp#27;[0m Matched '/element' to command name 'findElement'
&amp#27;[38;5;145m[cba012df]&amp#27;[0m&amp#27;[38;5;-145m[AndroidUiautomator2Driver@62db]&amp#27;[0m Proxying [POST /element] to [POST http://127.0.0.1:8200/session/310c3366-96e3-429c-9599-52a7fa6c80a7/element] with body: {"strategy":"xpath","selector":"//android.widget.RadioButton[@text='Female']","context":"","multiple":false}
&amp#27;[38;5;145m[cba012df]&amp#27;[0m&amp#27;[38;5;-145m[AndroidUiautomator2Driver@62db]&amp#27;[0m Got response with status 200: {"sessionId":"310c3366-96e3-429c-9599-52a7fa6c80a7","value":{"ELEMENT":"00000000-0000-000a-ffff-ffff00000020","element-6066-11e4-a52e-4f735466cecf":"00000000-0000-000a-ffff-ffff00000020"}}
&amp#27;[38;5;145m[cba012df]&amp#27;[0m&amp#27;[38;5;-145m[AndroidUiautomator2Driver@62db]&amp#27;[0m Responding to client with driver.findElement() result: {"element-6066-11e4-a52e-4f735466cecf":"00000000-0000-000a-ffff-ffff00000020","ELEMENT":"00000000-0000-000a-ffff-ffff00000020"}
&amp#27;[38;5;145m[cba012df]&amp#27;[0m&amp#27;[38;5;86m[HTTP]&amp#27;[0m &amp#27;[37m<-- POST /session/cba012df-a0df-4e0f-9b3e-ccba6011c453/element &amp#27;[39m&amp#27;[32m200&amp#27;[39m &amp#27;[90m33 ms - 137&amp#27;[39m &amp#27;[90m&amp#27;[39m
&amp#27;[38;5;145m[cba012df]&amp#27;[0m&amp#27;[38;5;86m[HTTP]&amp#27;[0m &amp#27;[37m-->&amp#27;[39m &amp#27;[37mGET&amp#27;[39m &amp#27;[37m/session/cba012df-a0df-4e0f-9b3e-ccba6011c453/element/00000000-0000-000a-ffff-ffff00000020/attribute/checked&amp#27;[39m &amp#27;[90m&amp#27;[39m
&amp#27;[38;5;145m[cba012df]&amp#27;[0m&amp#27;[38;5;-145m[AndroidUiautomator2Driver@62db]&amp#27;[0m Calling AppiumDriver.getAttribute() with args: ["checked","00000000-0000-000a-ffff-ffff00000020","cba012df-a0df-4e0f-9b3e-ccba6011c453"]
&amp#27;[38;5;145m[cba012df]&amp#27;[0m&amp#27;[38;5;-145m[AndroidUiautomator2Driver@62db]&amp#27;[0m Matched '/element/00000000-0000-000a-ffff-ffff00000020/attribute/checked' to command name 'getAttribute'
&amp#27;[38;5;145m[cba012df]&amp#27;[0m&amp#27;[38;5;-145m[AndroidUiautomator2Driver@62db]&amp#27;[0m Proxying [GET /element/00000000-0000-000a-ffff-ffff00000020/attribute/checked] to [GET http://127.0.0.1:8200/session/310c3366-96e3-429c-9599-52a7fa6c80a7/element/00000000-0000-000a-ffff-ffff00000020/attribute/checked] with no body
&amp#27;[38;5;145m[cba012df]&amp#27;[0m&amp#27;[38;5;-145m[AndroidUiautomator2Driver@62db]&amp#27;[0m Got response with status 200: {"sessionId":"310c3366-96e3-429c-9599-52a7fa6c80a7","value":"true"}
&amp#27;[38;5;145m[cba012df]&amp#27;[0m&amp#27;[38;5;-145m[AndroidUiautomator2Driver@62db]&amp#27;[0m Responding to client with driver.getAttribute() result: "true"
&amp#27;[38;5;145m[cba012df]&amp#27;[0m&amp#27;[38;5;86m[HTTP]&amp#27;[0m &amp#27;[37m<-- GET /session/cba012df-a0df-4e0f-9b3e-ccba6011c453/element/00000000-0000-000a-ffff-ffff00000020/attribute/checked &amp#27;[39m&amp#27;[32m200&amp#27;[39m &amp#27;[90m562 ms - 16&amp#27;[39m &amp#27;[90m&amp#27;[39m
]]></system-out>
    <system-err><![CDATA[SLF4J: No SLF4J providers were found.
SLF4J: Defaulting to no-operation (NOP) logger implementation
SLF4J: See https://www.slf4j.org/codes.html#noProviders for further details.
]]></system-err>
  </testcase>
</testsuite>