<?xml version="1.0" encoding="UTF-8"?>
<testng-results ignored="0" total="1" passed="0" failed="1" skipped="0">
  <reporter-output>
    <line>
      <![CDATA[Screenshot for failed test: <br><a href='./mobilescreenshots/fillTheFormTest2025-12-23-16-09-53.png' target='_blank'><img src='mobilescreenshots/fillTheFormTest2025-12-23-16-09-53.png' height='400' width='300'/></a>]]>
    </line>
  </reporter-output>
  <suite started-at="2025-12-23T16:09:14 EET" name="Mobile Automation Suite" finished-at="2025-12-23T16:09:54 EET" duration-ms="40275">
    <groups>
    </groups>
    <test started-at="2025-12-23T16:09:14 EET" name="Mobile Tests" finished-at="2025-12-23T16:09:54 EET" duration-ms="40275">
      <class name="mobileTests.FillTheFormUsingFrameWork">
        <test-method is-config="true" signature="setup()[pri:0, instance:mobileTests.FillTheFormUsingFrameWork@41e36e46]" started-at="2025-12-23T16:09:14 EET" name="setup" finished-at="2025-12-23T16:09:32 EET" duration-ms="18052" status="PASS">
          <reporter-output>
          </reporter-output>
        </test-method> <!-- setup -->
        <test-method signature="fillTheFormTest()[pri:0, instance:mobileTests.FillTheFormUsingFrameWork@41e36e46]" started-at="2025-12-23T16:09:32 EET" name="fillTheFormTest" finished-at="2025-12-23T16:09:53 EET" duration-ms="21188" status="FAIL">
          <exception class="java.lang.AssertionError">
            <message>
              <![CDATA[expected [Female] but found [true]]]>
            </message>
            <full-stacktrace>
              <![CDATA[java.lang.AssertionError: expected [Female] but found [true]
at org.testng.Assert.fail(Assert.java:111)
at org.testng.Assert.failNotEquals(Assert.java:1578)
at org.testng.Assert.assertEqualsImpl(Assert.java:150)
at org.testng.Assert.assertEquals(Assert.java:132)
at org.testng.Assert.assertEquals(Assert.java:656)
at org.testng.Assert.assertEquals(Assert.java:666)
at mobileTests.FillTheFormUsingFrameWork.fillTheFormTest(FillTheFormUsingFrameWork.java:32)
at java.base/jdk.internal.reflect.DirectMethodHandleAccessor.invoke(DirectMethodHandleAccessor.java:104)
at java.base/java.lang.reflect.Method.invoke(Method.java:565)
at org.testng.internal.invokers.MethodInvocationHelper.invokeMethod(MethodInvocationHelper.java:141)
at org.testng.internal.invokers.TestInvoker.invokeMethod(TestInvoker.java:686)
at org.testng.internal.invokers.TestInvoker.invokeTestMethod(TestInvoker.java:230)
at org.testng.internal.invokers.MethodRunner.runInSequence(MethodRunner.java:63)
at org.testng.internal.invokers.TestInvoker$MethodInvocationAgent.invoke(TestInvoker.java:992)
at org.testng.internal.invokers.TestInvoker.invokeTestMethods(TestInvoker.java:203)
at org.testng.internal.invokers.TestMethodWorker.invokeTestMethods(TestMethodWorker.java:154)
at org.testng.internal.invokers.TestMethodWorker.run(TestMethodWorker.java:134)
at java.base/java.util.ArrayList.forEach(ArrayList.java:1604)
at org.testng.TestRunner.privateRun(TestRunner.java:739)
at org.testng.TestRunner.run(TestRunner.java:614)
at org.testng.SuiteRunner.runTest(SuiteRunner.java:421)
at org.testng.SuiteRunner$SuiteWorker.run(SuiteRunner.java:463)
at org.testng.internal.thread.ThreadUtil.lambda$execute$0(ThreadUtil.java:64)
at java.base/java.util.concurrent.FutureTask.run(FutureTask.java:328)
at java.base/java.util.concurrent.ThreadPoolExecutor.runWorker(ThreadPoolExecutor.java:1095)
at java.base/java.util.concurrent.ThreadPoolExecutor$Worker.run(ThreadPoolExecutor.java:619)
at java.base/java.lang.Thread.run(Thread.java:1447)
]]>
            </full-stacktrace>
          </exception> <!-- java.lang.AssertionError -->
          <reporter-output>
            <line>
              <![CDATA[Screenshot for failed test: <br><a href='./mobilescreenshots/fillTheFormTest2025-12-23-16-09-53.png' target='_blank'><img src='mobilescreenshots/fillTheFormTest2025-12-23-16-09-53.png' height='400' width='300'/></a>]]>
            </line>
          </reporter-output>
        </test-method> <!-- fillTheFormTest -->
        <test-method is-config="true" signature="tearDown()[pri:0, instance:mobileTests.FillTheFormUsingFrameWork@41e36e46]" started-at="2025-12-23T16:09:53 EET" name="tearDown" finished-at="2025-12-23T16:09:54 EET" duration-ms="590" status="PASS">
          <reporter-output>
          </reporter-output>
        </test-method> <!-- tearDown -->
      </class> <!-- mobileTests.FillTheFormUsingFrameWork -->
    </test> <!-- Mobile Tests -->
  </suite> <!-- Mobile Automation Suite -->
</testng-results>
