<?xml version="1.0" encoding="UTF-8"?>
<testsuite xmlns:xsi="http://www.w3.org/2001/XMLSchema-instance" xsi:noNamespaceSchemaLocation="https://maven.apache.org/surefire/maven-surefire-plugin/xsd/surefire-test-report-3.0.xsd" version="3.0" name="TestSuite" time="43.354" tests="1" errors="0" skipped="0" failures="1">
  <properties>
[...]
</properties>
  <testcase name="fillTheFormTest" classname="mobileTests.FillTheFormUsingFrameWork" time="22.324">
    <failure message="expected [country] but found [Egypt]" type="java.lang.AssertionError"><![CDATA[java.lang.AssertionError: expected [country] but found [Egypt]
	at org.testng.Assert.fail(Assert.java:111)
	at org.testng.Assert.failNotEquals(Assert.java:1578)
	at org.testng.Assert.assertEqualsImpl(Assert.java:150)
	at org.testng.Assert.assertEquals(Assert.java:132)
	at org.testng.Assert.assertEquals(Assert.java:656)
	at org.testng.Assert.assertEquals(Assert.java:666)
	at mobileTests.FillTheFormUsingFrameWork.fillTheFormTest(FillTheFormUsingFrameWork.java:28)
	at java.base/jdk.internal.reflect.DirectMethodHandleAccessor.invoke(DirectMethodHandleAccessor.java:103)
	at java.base/java.lang.reflect.Method.invoke(Method.java:580)
	at org.testng.internal.invokers.MethodInvocationHelper.invokeMethod(MethodInvocationHelper.java:141)
	at org.testng.internal.invokers.TestInvoker.invokeMethod(TestInvoker.java:686)
	at org.testng.internal.invokers.TestInvoker.invokeTestMethod(TestInvoker.java:230)
	at org.testng.internal.invokers.MethodRunner.runInSequence(MethodRunner.java:63)
	at org.testng.internal.invokers.TestInvoker$MethodInvocationAgent.invoke(TestInvoker.java:992)
	at org.testng.internal.invokers.TestInvoker.invokeTestMethods(TestInvoker.java:203)
	at org.testng.internal.invokers.TestMethodWorker.invokeTestMethods(TestMethodWorker.java:154)
	at org.testng.internal.invokers.TestMethodWorker.run(TestMethodWorker.java:134)
	at java.base/java.util.ArrayList.forEach(ArrayList.java:1596)
	at org.testng.TestRunner.privateRun(TestRunner.java:739)
	at org.testng.TestRunner.run(TestRunner.java:614)
	at org.testng.SuiteRunner.runTest(SuiteRunner.java:421)
	at org.testng.SuiteRunner$SuiteWorker.run(SuiteRunner.java:463)
	at org.testng.internal.thread.ThreadUtil.lambda$execute$0(ThreadUtil.java:64)
	at java.base/java.util.concurrent.FutureTask.run(FutureTask.java:317)
	at java.base/java.util.concurrent.ThreadPoolExecutor.runWorker(ThreadPoolExecutor.java:1144)
	at java.base/java.util.concurrent.ThreadPoolExecutor$Worker.run(ThreadPoolExecutor.java:642)
	at java.base/java.lang.Thread.run(Thread.java:1583)
]]></failure>
    <system-out><![CDATA[&amp#27;[38;5;112m[Appium]&amp#27;[0m Welcome to Appium v2.13.0
&amp#27;[38;5;112m[Appium]&amp#27;[0m Non-default server args:
&amp#27;[38;5;112m[Appium]&amp#27;[0m { address: &amp#27;[32m'127.0.0.1'&amp#27;[39m, port: &amp#27;[33m4724&amp#27;[39m }
&amp#27;[38;5;112m[Appium]&amp#27;[0m The autodetected Appium home path: C:\Users\zmahmoud\.appium
&amp#27;[38;5;112m[Appium]&amp#27;[0m Attempting to load driver uiautomator2...
&amp#27;[38;5;112m[Appium]&amp#27;[0m Requiring driver at C:\Users\zmahmoud\.appium\node_modules\appium-uiautomator2-driver\build\index.js
&amp#27;[38;5;112m[Appium]&amp#27;[0m AndroidUiautomator2Driver has been successfully loaded in 0.964s
&amp#27;[38;5;112m[Appium]&amp#27;[0m Appium REST http interface listener started on http://127.0.0.1:4724
&amp#27;[38;5;112m[Appium]&amp#27;[0m Available drivers:
&amp#27;[38;5;112m[Appium]&amp#27;[0m   - uiautomator2@3.9.1 (automationName 'UiAutomator2')
&amp#27;[38;5;112m[Appium]&amp#27;[0m Available plugins:
&amp#27;[38;5;112m[Appium]&amp#27;[0m   - images@3.0.23
&amp#27;[38;5;112m[Appium]&amp#27;[0m No plugins activated. Use the --use-plugins flag with names of plugins to activate
&amp#27;[38;5;86m[HTTP]&amp#27;[0m &amp#27;[37m-->&amp#27;[39m &amp#27;[37mGET&amp#27;[39m &amp#27;[37m/status&amp#27;[39m &amp#27;[90m{}&amp#27;[39m
&amp#27;[38;5;219m[AppiumDriver@ff16]&amp#27;[0m Calling AppiumDriver.getStatus() with args: []
&amp#27;[38;5;219m[AppiumDriver@ff16]&amp#27;[0m Responding to client with driver.getStatus() result: {"ready":true,"message":"The server is ready to accept new connections","build":{"version":"2.13.0"}}
&amp#27;[38;5;86m[HTTP]&amp#27;[0m &amp#27;[37m<-- GET /status &amp#27;[39m&amp#27;[32m200&amp#27;[39m &amp#27;[90m7 ms - 111&amp#27;[39m &amp#27;[90m&amp#27;[39m
http://127.0.0.1:4724
&amp#27;[38;5;86m[HTTP]&amp#27;[0m Request idempotency key: d0535b2c-7fc7-4952-85bd-fe109036fc8e
&amp#27;[38;5;86m[HTTP]&amp#27;[0m &amp#27;[37m-->&amp#27;[39m &amp#27;[37mPOST&amp#27;[39m &amp#27;[37m/session&amp#27;[39m &amp#27;[90m{"capabilities":{"firstMatch":[{"appium:deviceName":"P7","platformName":"ANDROID","appium:automationName":"UIAutomator2","appium:app":"C:\\Users\\zmahmoud\\Downloads\\private\\appium\\E-commerceWebsiteAppium\\src\\test\\resources\\Utils\\General-Store.apk"}]}}&amp#27;[39m
&amp#27;[38;5;219m[AppiumDriver@ff16]&amp#27;[0m Calling AppiumDriver.createSession() with args: [null,null,{"firstMatch":[{"appium:deviceName":"P7","platformName":"ANDROID","appium:automationName":"UIAutomator2","appium:app":"C:\\Users\\zmahmoud\\Downloads\\private\\appium\\E-commerceWebsiteAppium\\src\\test\\resources\\Utils\\General-Store.apk"}]}]
&amp#27;[38;5;219m[AppiumDriver@ff16]&amp#27;[0m Event 'newSessionRequested' logged at 1737035848213 (15:57:28 GMT+0200 (Eastern European Standard Time))
&amp#27;[38;5;112m[Appium]&amp#27;[0m Attempting to find matching driver for automationName 'UIAutomator2' and platformName 'ANDROID'
&amp#27;[38;5;112m[Appium]&amp#27;[0m The 'uiautomator2' driver was installed and matched caps.
&amp#27;[38;5;112m[Appium]&amp#27;[0m Will require it at C:\Users\zmahmoud\.appium\node_modules\appium-uiautomator2-driver
&amp#27;[38;5;112m[Appium]&amp#27;[0m Requiring driver at C:\Users\zmahmoud\.appium\node_modules\appium-uiautomator2-driver\build\index.js
&amp#27;[38;5;219m[AppiumDriver@ff16]&amp#27;[0m Appium v2.13.0 creating new AndroidUiautomator2Driver (v3.9.1) session
&amp#27;[38;5;219m[AppiumDriver@ff16]&amp#27;[0m Checking BaseDriver versions for Appium and AndroidUiautomator2Driver
&amp#27;[38;5;219m[AppiumDriver@ff16]&amp#27;[0m Appium's BaseDriver version is 9.13.0
&amp#27;[38;5;219m[AppiumDriver@ff16]&amp#27;[0m AndroidUiautomator2Driver's BaseDriver version is 9.13.0
&amp#27;[38;5;-146m[AndroidUiautomator2Driver@7cd5]&amp#27;[0m 
&amp#27;[38;5;-146m[AndroidUiautomator2Driver@7cd5]&amp#27;[0m Creating session with W3C capabilities: {
  "alwaysMatch": {
    "platformName": "ANDROID",
    "appium:deviceName": "P7",
    "appium:automationName": "UIAutomator2",
    "appium:app": "C:\\Users\\zmahmoud\\Downloads\\private\\appium\\E-commerceWebsiteAppium\\src\\test\\resources\\Utils\\General-Store.apk"
  },
  "firstMatch": [
    {}
  ]
}
&amp#27;[38;5;119m[f6248b92]&amp#27;[0m&amp#27;[38;5;-146m[AndroidUiautomator2Driver@7cd5]&amp#27;[0m Session created with session id: f6248b92-9fdc-470c-a016-3877a3b1b151
&amp#27;[38;5;119m[f6248b92]&amp#27;[0m&amp#27;[38;5;229m[ADB]&amp#27;[0m Found 1 'build-tools' folders under 'C:\Users\zmahmoud\AppData\Local\Android\Sdk' (newest first):
&amp#27;[38;5;119m[f6248b92]&amp#27;[0m&amp#27;[38;5;229m[ADB]&amp#27;[0m     C:\Users\zmahmoud\AppData\Local\Android\Sdk\build-tools\35.0.0
&amp#27;[38;5;119m[f6248b92]&amp#27;[0m&amp#27;[38;5;229m[ADB]&amp#27;[0m Using 'adb.exe' from 'C:\Users\zmahmoud\AppData\Local\Android\Sdk\platform-tools\adb.exe'
&amp#27;[38;5;119m[f6248b92]&amp#27;[0m&amp#27;[38;5;229m[ADB]&amp#27;[0m Running 'C:\Users\zmahmoud\AppData\Local\Android\Sdk\platform-tools\adb.exe -P 5037 start-server'
&amp#27;[38;5;119m[f6248b92]&amp#27;[0m&amp#27;[38;5;-146m[AndroidUiautomator2Driver@7cd5]&amp#27;[0m Retrieving device list
&amp#27;[38;5;119m[f6248b92]&amp#27;[0m&amp#27;[38;5;229m[ADB]&amp#27;[0m Trying to find connected Android devices
&amp#27;[38;5;119m[f6248b92]&amp#27;[0m&amp#27;[38;5;229m[ADB]&amp#27;[0m Getting connected devices
&amp#27;[38;5;119m[f6248b92]&amp#27;[0m&amp#27;[38;5;229m[ADB]&amp#27;[0m Connected devices: [{"udid":"emulator-5554","state":"device"}]
&amp#27;[38;5;119m[f6248b92]&amp#27;[0m&amp#27;[38;5;-146m[AndroidUiautomator2Driver@7cd5]&amp#27;[0m Using device: emulator-5554
&amp#27;[38;5;119m[f6248b92]&amp#27;[0m&amp#27;[38;5;229m[ADB]&amp#27;[0m Using 'adb.exe' from 'C:\Users\zmahmoud\AppData\Local\Android\Sdk\platform-tools\adb.exe'
&amp#27;[38;5;119m[f6248b92]&amp#27;[0m&amp#27;[38;5;229m[ADB]&amp#27;[0m Running 'C:\Users\zmahmoud\AppData\Local\Android\Sdk\platform-tools\adb.exe -P 5037 start-server'
&amp#27;[38;5;119m[f6248b92]&amp#27;[0m&amp#27;[38;5;229m[ADB]&amp#27;[0m Setting device id to emulator-5554
&amp#27;[38;5;119m[f6248b92]&amp#27;[0m&amp#27;[38;5;123m[BaseDriver]&amp#27;[0m Using local app 'C:\Users\zmahmoud\Downloads\private\appium\E-commerceWebsiteAppium\src\test\resources\Utils\General-Store.apk'
&amp#27;[38;5;119m[f6248b92]&amp#27;[0m&amp#27;[38;5;-146m[AndroidUiautomator2Driver@7cd5]&amp#27;[0m Checking whether app is actually present
&amp#27;[38;5;119m[f6248b92]&amp#27;[0m&amp#27;[38;5;229m[ADB]&amp#27;[0m Running 'C:\Users\zmahmoud\AppData\Local\Android\Sdk\platform-tools\adb.exe -P 5037 -s emulator-5554 shell getprop ro.build.version.sdk'
&amp#27;[38;5;119m[f6248b92]&amp#27;[0m&amp#27;[38;5;229m[ADB]&amp#27;[0m Current device property 'ro.build.version.sdk': 28
&amp#27;[38;5;119m[f6248b92]&amp#27;[0m&amp#27;[38;5;229m[ADB]&amp#27;[0m Getting device platform version
&amp#27;[38;5;119m[f6248b92]&amp#27;[0m&amp#27;[38;5;229m[ADB]&amp#27;[0m Running 'C:\Users\zmahmoud\AppData\Local\Android\Sdk\platform-tools\adb.exe -P 5037 -s emulator-5554 shell getprop ro.build.version.release'
&amp#27;[38;5;119m[f6248b92]&amp#27;[0m&amp#27;[38;5;229m[ADB]&amp#27;[0m Current device property 'ro.build.version.release': 9
&amp#27;[38;5;119m[f6248b92]&amp#27;[0m&amp#27;[38;5;229m[ADB]&amp#27;[0m Device API level: 28
&amp#27;[38;5;119m[f6248b92]&amp#27;[0m&amp#27;[38;5;-146m[AndroidUiautomator2Driver@7cd5]&amp#27;[0m Relaxing hidden api policy
&amp#27;[38;5;119m[f6248b92]&amp#27;[0m&amp#27;[38;5;229m[ADB]&amp#27;[0m Running 'C:\Users\zmahmoud\AppData\Local\Android\Sdk\platform-tools\adb.exe -P 5037 -s emulator-5554 shell 'settings put global hidden_api_policy_pre_p_apps 1;settings put global hidden_api_policy_p_apps 1;settings put global hidden_api_policy 1''
&amp#27;[38;5;119m[f6248b92]&amp#27;[0m&amp#27;[38;5;-146m[AndroidUiautomator2Driver@7cd5]&amp#27;[0m Parsing package and activity from app manifest
&amp#27;[38;5;119m[f6248b92]&amp#27;[0m&amp#27;[38;5;229m[ADB]&amp#27;[0m Running 'C:\Users\zmahmoud\AppData\Local\Android\Sdk\platform-tools\adb.exe -P 5037 -s emulator-5554 wait-for-device'
&amp#27;[38;5;119m[f6248b92]&amp#27;[0m&amp#27;[38;5;229m[ADB]&amp#27;[0m Using 'aapt2.exe' from 'C:\Users\zmahmoud\AppData\Local\Android\Sdk\build-tools\35.0.0\aapt2.exe'
&amp#27;[38;5;119m[f6248b92]&amp#27;[0m&amp#27;[38;5;229m[ADB]&amp#27;[0m Reading package manifest: 'C:\\Users\\zmahmoud\\AppData\\Local\\Android\\Sdk\\build-tools\\35.0.0\\aapt2.exe dump badging C:\\Users\\zmahmoud\\Downloads\\private\\appium\\E-commerceWebsiteAppium\\src\\test\\resources\\Utils\\General-Store.apk'
&amp#27;[38;5;119m[f6248b92]&amp#27;[0m&amp#27;[38;5;229m[ADB]&amp#27;[0m Running 'C:\Users\zmahmoud\AppData\Local\Android\Sdk\platform-tools\adb.exe -P 5037 -s emulator-5554 shell echo ping'
&amp#27;[38;5;119m[f6248b92]&amp#27;[0m&amp#27;[38;5;229m[ADB]&amp#27;[0m Package name: 'com.androidsample.generalstore'
&amp#27;[38;5;119m[f6248b92]&amp#27;[0m&amp#27;[38;5;229m[ADB]&amp#27;[0m Main activity name: 'com.androidsample.generalstore.SplashActivity'
&amp#27;[38;5;119m[f6248b92]&amp#27;[0m&amp#27;[38;5;-146m[AndroidUiautomator2Driver@7cd5]&amp#27;[0m Parsed package and activity are: com.androidsample.generalstore/com.androidsample.generalstore.SplashActivity
&amp#27;[38;5;119m[f6248b92]&amp#27;[0m&amp#27;[38;5;-146m[AndroidUiautomator2Driver@7cd5]&amp#27;[0m Pushing settings apk to the device...
&amp#27;[38;5;119m[f6248b92]&amp#27;[0m&amp#27;[38;5;229m[ADB]&amp#27;[0m Getting package info for 'io.appium.settings'
&amp#27;[38;5;119m[f6248b92]&amp#27;[0m&amp#27;[38;5;229m[ADB]&amp#27;[0m Running 'C:\Users\zmahmoud\AppData\Local\Android\Sdk\platform-tools\adb.exe -P 5037 -s emulator-5554 shell dumpsys package io.appium.settings'
&amp#27;[38;5;119m[f6248b92]&amp#27;[0m&amp#27;[38;5;229m[ADB]&amp#27;[0m Reading package manifest: 'C:\\Users\\zmahmoud\\AppData\\Local\\Android\\Sdk\\build-tools\\35.0.0\\aapt2.exe dump badging C:\\Users\\zmahmoud\\.appium\\node_modules\\appium-uiautomator2-driver\\node_modules\\io.appium.settings\\apks\\settings_apk-debug.apk'
&amp#27;[38;5;119m[f6248b92]&amp#27;[0m&amp#27;[38;5;229m[ADB]&amp#27;[0m The version name of the installed 'io.appium.settings' is greater or equal to the application version name ('5.12.17' >= '5.12.17')
&amp#27;[38;5;119m[f6248b92]&amp#27;[0m&amp#27;[38;5;229m[ADB]&amp#27;[0m There is no need to install/upgrade 'C:\Users\zmahmoud\.appium\node_modules\appium-uiautomator2-driver\node_modules\io.appium.settings\apks\settings_apk-debug.apk'
&amp#27;[38;5;119m[f6248b92]&amp#27;[0m&amp#27;[38;5;229m[ADB]&amp#27;[0m Running 'C:\Users\zmahmoud\AppData\Local\Android\Sdk\platform-tools\adb.exe -P 5037 -s emulator-5554 shell dumpsys activity services io.appium.settings'
&amp#27;[38;5;119m[f6248b92]&amp#27;[0m&amp#27;[38;5;-146m[AndroidUiautomator2Driver@7cd5]&amp#27;[0m io.appium.settings is already running. There is no need to reset its permissions.
&amp#27;[38;5;119m[f6248b92]&amp#27;[0m&amp#27;[38;5;160m[Logcat]&amp#27;[0m Starting logs capture with command: C:\\Users\\zmahmoud\\AppData\\Local\\Android\\Sdk\\platform-tools\\adb.exe -P 5037 -s emulator-5554 logcat -v threadtime
&amp#27;[38;5;119m[f6248b92]&amp#27;[0m&amp#27;[38;5;-146m[AndroidUiautomator2Driver@7cd5]&amp#27;[0m Forwarding UiAutomator2 Server port 6790 to local port 8200
&amp#27;[38;5;119m[f6248b92]&amp#27;[0m&amp#27;[38;5;229m[ADB]&amp#27;[0m Forwarding system: 8200 to device: 6790
&amp#27;[38;5;119m[f6248b92]&amp#27;[0m&amp#27;[38;5;229m[ADB]&amp#27;[0m Running 'C:\Users\zmahmoud\AppData\Local\Android\Sdk\platform-tools\adb.exe -P 5037 -s emulator-5554 forward tcp:8200 tcp:6790'
&amp#27;[38;5;119m[f6248b92]&amp#27;[0m&amp#27;[38;5;229m[ADB]&amp#27;[0m Getting package info for 'io.appium.uiautomator2.server'
&amp#27;[38;5;119m[f6248b92]&amp#27;[0m&amp#27;[38;5;229m[ADB]&amp#27;[0m Running 'C:\Users\zmahmoud\AppData\Local\Android\Sdk\platform-tools\adb.exe -P 5037 -s emulator-5554 shell dumpsys package io.appium.uiautomator2.server'
&amp#27;[38;5;119m[f6248b92]&amp#27;[0m&amp#27;[38;5;229m[ADB]&amp#27;[0m Getting install status for io.appium.uiautomator2.server.test
&amp#27;[38;5;119m[f6248b92]&amp#27;[0m&amp#27;[38;5;229m[ADB]&amp#27;[0m Checking app cert for C:\Users\zmahmoud\Downloads\private\appium\E-commerceWebsiteAppium\src\test\resources\Utils\General-Store.apk
&amp#27;[38;5;119m[f6248b92]&amp#27;[0m&amp#27;[38;5;229m[ADB]&amp#27;[0m Running 'C:\Users\zmahmoud\AppData\Local\Android\Sdk\platform-tools\adb.exe -P 5037 -s emulator-5554 shell cmd package list packages'
&amp#27;[38;5;119m[f6248b92]&amp#27;[0m&amp#27;[38;5;229m[ADB]&amp#27;[0m Using 'apksigner.jar' from 'C:\Users\zmahmoud\AppData\Local\Android\Sdk\build-tools\35.0.0\lib\apksigner.jar'
&amp#27;[38;5;119m[f6248b92]&amp#27;[0m&amp#27;[38;5;229m[ADB]&amp#27;[0m Starting apksigner: 'C:\\Program Files\\Java\\jdk-21\\bin\\java.exe' -Xmx1024M -Xss1m -jar C:\\Users\\zmahmoud\\AppData\\Local\\Android\\Sdk\\build-tools\\35.0.0\\lib\\apksigner.jar verify --print-certs C:\\Users\\zmahmoud\\Downloads\\private\\appium\\E-commerceWebsiteAppium\\src\\test\\resources\\Utils\\General-Store.apk
&amp#27;[38;5;119m[f6248b92]&amp#27;[0m&amp#27;[38;5;229m[ADB]&amp#27;[0m Reading package manifest: 'C:\\Users\\zmahmoud\\AppData\\Local\\Android\\Sdk\\build-tools\\35.0.0\\aapt2.exe dump badging C:\\Users\\zmahmoud\\.appium\\node_modules\\appium-uiautomator2-driver\\node_modules\\appium-uiautomator2-server\\apks\\appium-uiautomator2-server-v7.1.5.apk'
&amp#27;[38;5;119m[f6248b92]&amp#27;[0m&amp#27;[38;5;229m[ADB]&amp#27;[0m 'io.appium.uiautomator2.server.test' is installed
&amp#27;[38;5;119m[f6248b92]&amp#27;[0m&amp#27;[38;5;229m[ADB]&amp#27;[0m The version name of the installed 'io.appium.uiautomator2.server' is greater or equal to the application version name ('7.1.5' >= '7.1.5')
&amp#27;[38;5;119m[f6248b92]&amp#27;[0m&amp#27;[38;5;-146m[AndroidUiautomator2Driver@7cd5]&amp#27;[0m Server packages status: [{"installState":"sameVersionInstalled","appPath":"C:\\Users\\zmahmoud\\.appium\\node_modules\\appium-uiautomator2-driver\\node_modules\\appium-uiautomator2-server\\apks\\appium-uiautomator2-server-v7.1.5.apk","appId":"io.appium.uiautomator2.server"},{"installState":"sameVersionInstalled","appPath":"C:\\Users\\zmahmoud\\.appium\\node_modules\\appium-uiautomator2-driver\\node_modules\\appium-uiautomator2-server\\apks\\appium-uiautomator2-server-debug-androidTest.apk","appId":"io.appium.uiautomator2.server.test"}]
&amp#27;[38;5;119m[f6248b92]&amp#27;[0m&amp#27;[38;5;-146m[AndroidUiautomator2Driver@7cd5]&amp#27;[0m Server packages are not going to be (re)installed
&amp#27;[38;5;119m[f6248b92]&amp#27;[0m&amp#27;[38;5;-146m[AndroidUiautomator2Driver@7cd5]&amp#27;[0m Waiting up to 30000ms for services to be available
&amp#27;[38;5;119m[f6248b92]&amp#27;[0m&amp#27;[38;5;229m[ADB]&amp#27;[0m Running 'C:\Users\zmahmoud\AppData\Local\Android\Sdk\platform-tools\adb.exe -P 5037 -s emulator-5554 shell pm list instrumentation'
&amp#27;[38;5;119m[f6248b92]&amp#27;[0m&amp#27;[38;5;-146m[AndroidUiautomator2Driver@7cd5]&amp#27;[0m Instrumentation target 'io.appium.uiautomator2.server.test/androidx.test.runner.AndroidJUnitRunner' is available
&amp#27;[38;5;119m[f6248b92]&amp#27;[0m&amp#27;[38;5;229m[ADB]&amp#27;[0m Adding packages ["io.appium.settings","io.appium.uiautomator2.server","io.appium.uiautomator2.server.test"] to Doze whitelist
&amp#27;[38;5;119m[f6248b92]&amp#27;[0m&amp#27;[38;5;229m[ADB]&amp#27;[0m Got the following command chunks to execute: [["dumpsys","deviceidle","whitelist","+io.appium.settings",";","dumpsys","deviceidle","whitelist","+io.appium.uiautomator2.server",";","dumpsys","deviceidle","whitelist","+io.appium.uiautomator2.server.test",";"]]
&amp#27;[38;5;119m[f6248b92]&amp#27;[0m&amp#27;[38;5;229m[ADB]&amp#27;[0m Running 'C:\Users\zmahmoud\AppData\Local\Android\Sdk\platform-tools\adb.exe -P 5037 -s emulator-5554 shell dumpsys deviceidle whitelist +io.appium.settings ; dumpsys deviceidle whitelist +io.appium.uiautomator2.server ; dumpsys deviceidle whitelist +io.appium.uiautomator2.server.test ;'
&amp#27;[38;5;119m[f6248b92]&amp#27;[0m&amp#27;[38;5;229m[ADB]&amp#27;[0m apksigner stdout: Signer #1 certificate DN: C=US, O=Android, CN=Android Debug
Signer #1 certificate SHA-256 digest: f5f5931c019be6bff8a26255f76ae9ef8a8e631d2a702ec10e91110231549eef
Signer #1 certificate SHA-1 digest: b250161db8b5d0a1bd39154c9fd749bdad79c1a3
Signer #1 certificate MD5 digest: 7a5550323d84472ca25a0861c63e0a6c

&amp#27;[38;5;119m[f6248b92]&amp#27;[0m&amp#27;[38;5;229m[ADB]&amp#27;[0m 'C:\Users\zmahmoud\Downloads\private\appium\E-commerceWebsiteAppium\src\test\resources\Utils\General-Store.apk' is signed with a non-default certificate
&amp#27;[38;5;119m[f6248b92]&amp#27;[0m&amp#27;[38;5;229m[ADB]&amp#27;[0m Getting package info for 'com.androidsample.generalstore'
&amp#27;[38;5;119m[f6248b92]&amp#27;[0m&amp#27;[38;5;229m[ADB]&amp#27;[0m Running 'C:\Users\zmahmoud\AppData\Local\Android\Sdk\platform-tools\adb.exe -P 5037 -s emulator-5554 shell dumpsys package com.androidsample.generalstore'
&amp#27;[38;5;119m[f6248b92]&amp#27;[0m&amp#27;[38;5;229m[ADB]&amp#27;[0m Reading package manifest: 'C:\\Users\\zmahmoud\\AppData\\Local\\Android\\Sdk\\build-tools\\35.0.0\\aapt2.exe dump badging C:\\Users\\zmahmoud\\Downloads\\private\\appium\\E-commerceWebsiteAppium\\src\\test\\resources\\Utils\\General-Store.apk'
&amp#27;[38;5;119m[f6248b92]&amp#27;[0m&amp#27;[38;5;229m[ADB]&amp#27;[0m The version name of the installed 'com.androidsample.generalstore' is greater or equal to the application version name ('1.0.0' >= '1.0.0')
&amp#27;[38;5;119m[f6248b92]&amp#27;[0m&amp#27;[38;5;229m[ADB]&amp#27;[0m There is no need to install/upgrade 'C:\Users\zmahmoud\Downloads\private\appium\E-commerceWebsiteAppium\src\test\resources\Utils\General-Store.apk'
&amp#27;[38;5;119m[f6248b92]&amp#27;[0m&amp#27;[38;5;-146m[AndroidUiautomator2Driver@7cd5]&amp#27;[0m Performing fast reset on 'com.androidsample.generalstore'
&amp#27;[38;5;119m[f6248b92]&amp#27;[0m&amp#27;[38;5;229m[ADB]&amp#27;[0m Getting install status for com.androidsample.generalstore
&amp#27;[38;5;119m[f6248b92]&amp#27;[0m&amp#27;[38;5;229m[ADB]&amp#27;[0m Running 'C:\Users\zmahmoud\AppData\Local\Android\Sdk\platform-tools\adb.exe -P 5037 -s emulator-5554 shell cmd package list packages'
&amp#27;[38;5;119m[f6248b92]&amp#27;[0m&amp#27;[38;5;229m[ADB]&amp#27;[0m 'com.androidsample.generalstore' is installed
&amp#27;[38;5;119m[f6248b92]&amp#27;[0m&amp#27;[38;5;229m[ADB]&amp#27;[0m Running 'C:\Users\zmahmoud\AppData\Local\Android\Sdk\platform-tools\adb.exe -P 5037 -s emulator-5554 shell am force-stop com.androidsample.generalstore'
&amp#27;[38;5;119m[f6248b92]&amp#27;[0m&amp#27;[38;5;229m[ADB]&amp#27;[0m Running 'C:\Users\zmahmoud\AppData\Local\Android\Sdk\platform-tools\adb.exe -P 5037 -s emulator-5554 shell pm clear com.androidsample.generalstore'
&amp#27;[38;5;119m[f6248b92]&amp#27;[0m&amp#27;[38;5;-146m[AndroidUiautomator2Driver@7cd5]&amp#27;[0m Performed fast reset on the installed 'com.androidsample.generalstore' application (stop and clear)
&amp#27;[38;5;119m[f6248b92]&amp#27;[0m&amp#27;[38;5;-146m[AndroidUiautomator2Driver@7cd5]&amp#27;[0m Performing shallow cleanup of automation leftovers
&amp#27;[38;5;119m[f6248b92]&amp#27;[0m&amp#27;[38;5;-146m[AndroidUiautomator2Driver@7cd5]&amp#27;[0m No obsolete sessions have been detected (socket hang up)
&amp#27;[38;5;119m[f6248b92]&amp#27;[0m&amp#27;[38;5;229m[ADB]&amp#27;[0m Running 'C:\Users\zmahmoud\AppData\Local\Android\Sdk\platform-tools\adb.exe -P 5037 -s emulator-5554 shell am force-stop io.appium.uiautomator2.server'
&amp#27;[38;5;119m[f6248b92]&amp#27;[0m&amp#27;[38;5;229m[ADB]&amp#27;[0m Running 'C:\Users\zmahmoud\AppData\Local\Android\Sdk\platform-tools\adb.exe -P 5037 -s emulator-5554 shell am force-stop io.appium.uiautomator2.server.test'
&amp#27;[38;5;119m[f6248b92]&amp#27;[0m&amp#27;[38;5;-146m[AndroidUiautomator2Driver@7cd5]&amp#27;[0m Starting UIAutomator2 server 7.1.5
&amp#27;[38;5;119m[f6248b92]&amp#27;[0m&amp#27;[38;5;-146m[AndroidUiautomator2Driver@7cd5]&amp#27;[0m Using UIAutomator2 server from 'C:\Users\zmahmoud\.appium\node_modules\appium-uiautomator2-driver\node_modules\appium-uiautomator2-server\apks\appium-uiautomator2-server-v7.1.5.apk' and test from 'C:\Users\zmahmoud\.appium\node_modules\appium-uiautomator2-driver\node_modules\appium-uiautomator2-server\apks\appium-uiautomator2-server-debug-androidTest.apk'
&amp#27;[38;5;119m[f6248b92]&amp#27;[0m&amp#27;[38;5;-146m[AndroidUiautomator2Driver@7cd5]&amp#27;[0m Waiting up to 30000ms for UiAutomator2 to be online...
&amp#27;[38;5;119m[f6248b92]&amp#27;[0m&amp#27;[38;5;229m[ADB]&amp#27;[0m Creating ADB subprocess with args: ["-P","5037","-s","emulator-5554","shell","am","instrument","-w","-e","disableAnalytics","true","io.appium.uiautomator2.server.test/androidx.test.runner.AndroidJUnitRunner"]
&amp#27;[38;5;119m[f6248b92]&amp#27;[0m&amp#27;[38;5;-146m[AndroidUiautomator2Driver@7cd5]&amp#27;[0m Matched '/status' to command name 'getStatus'
&amp#27;[38;5;119m[f6248b92]&amp#27;[0m&amp#27;[38;5;-146m[AndroidUiautomator2Driver@7cd5]&amp#27;[0m Proxying [GET /status] to [GET http://127.0.0.1:8200/status] with no body
&amp#27;[38;5;119m[f6248b92]&amp#27;[0m&amp#27;[38;5;-146m[AndroidUiautomator2Driver@7cd5]&amp#27;[0m socket hang up
&amp#27;[38;5;119m[f6248b92]&amp#27;[0m&amp#27;[38;5;-146m[AndroidUiautomator2Driver@7cd5]&amp#27;[0m Matched '/status' to command name 'getStatus'
&amp#27;[38;5;119m[f6248b92]&amp#27;[0m&amp#27;[38;5;-146m[AndroidUiautomator2Driver@7cd5]&amp#27;[0m Proxying [GET /status] to [GET http://127.0.0.1:8200/status] with no body
&amp#27;[38;5;119m[f6248b92]&amp#27;[0m&amp#27;[38;5;-146m[AndroidUiautomator2Driver@7cd5]&amp#27;[0m socket hang up
&amp#27;[38;5;119m[f6248b92]&amp#27;[0m&amp#27;[38;5;-146m[AndroidUiautomator2Driver@7cd5]&amp#27;[0m Matched '/status' to command name 'getStatus'
&amp#27;[38;5;119m[f6248b92]&amp#27;[0m&amp#27;[38;5;-146m[AndroidUiautomator2Driver@7cd5]&amp#27;[0m Proxying [GET /status] to [GET http://127.0.0.1:8200/status] with no body
&amp#27;[38;5;119m[f6248b92]&amp#27;[0m&amp#27;[38;5;-146m[AndroidUiautomator2Driver@7cd5]&amp#27;[0m socket hang up
&amp#27;[38;5;119m[f6248b92]&amp#27;[0m&amp#27;[38;5;-146m[AndroidUiautomator2Driver@7cd5]&amp#27;[0m Matched '/status' to command name 'getStatus'
&amp#27;[38;5;119m[f6248b92]&amp#27;[0m&amp#27;[38;5;-146m[AndroidUiautomator2Driver@7cd5]&amp#27;[0m Proxying [GET /status] to [GET http://127.0.0.1:8200/status] with no body
&amp#27;[38;5;119m[f6248b92]&amp#27;[0m&amp#27;[38;5;-146m[AndroidUiautomator2Driver@7cd5]&amp#27;[0m socket hang up
&amp#27;[38;5;119m[f6248b92]&amp#27;[0m&amp#27;[38;5;-146m[AndroidUiautomator2Driver@7cd5]&amp#27;[0m [Instrumentation] 
&amp#27;[38;5;119m[f6248b92]&amp#27;[0m&amp#27;[38;5;-146m[AndroidUiautomator2Driver@7cd5]&amp#27;[0m Matched '/status' to command name 'getStatus'
&amp#27;[38;5;119m[f6248b92]&amp#27;[0m&amp#27;[38;5;-146m[AndroidUiautomator2Driver@7cd5]&amp#27;[0m Proxying [GET /status] to [GET http://127.0.0.1:8200/status] with no body
&amp#27;[38;5;119m[f6248b92]&amp#27;[0m&amp#27;[38;5;-146m[AndroidUiautomator2Driver@7cd5]&amp#27;[0m socket hang up
&amp#27;[38;5;119m[f6248b92]&amp#27;[0m&amp#27;[38;5;-146m[AndroidUiautomator2Driver@7cd5]&amp#27;[0m Matched '/status' to command name 'getStatus'
&amp#27;[38;5;119m[f6248b92]&amp#27;[0m&amp#27;[38;5;-146m[AndroidUiautomator2Driver@7cd5]&amp#27;[0m Proxying [GET /status] to [GET http://127.0.0.1:8200/status] with no body
&amp#27;[38;5;119m[f6248b92]&amp#27;[0m&amp#27;[38;5;-146m[AndroidUiautomator2Driver@7cd5]&amp#27;[0m Got response with status 200: {"sessionId":"None","value":{"message":"UiAutomator2 Server is ready to accept commands","ready":true}}
&amp#27;[38;5;119m[f6248b92]&amp#27;[0m&amp#27;[38;5;-146m[AndroidUiautomator2Driver@7cd5]&amp#27;[0m The initialization of the instrumentation process took 5255ms
&amp#27;[38;5;119m[f6248b92]&amp#27;[0m&amp#27;[38;5;-146m[AndroidUiautomator2Driver@7cd5]&amp#27;[0m Matched '/session' to command name 'createSession'
&amp#27;[38;5;119m[f6248b92]&amp#27;[0m&amp#27;[38;5;-146m[AndroidUiautomator2Driver@7cd5]&amp#27;[0m Proxying [POST /session] to [POST http://127.0.0.1:8200/session] with body: {"capabilities":{"firstMatch":[{"platformName":"ANDROID","deviceName":"emulator-5554","automationName":"UIAutomator2","app":"C:\\Users\\zmahmoud\\Downloads\\private\\appium\\E-commerceWebsiteAppium\\src\\test\\resources\\Utils\\General-Store.apk","platform":"LINUX","webStorageEnabled":false,"takesScreenshot":true,"javascriptEnabled":true,"databaseEnabled":false,"networkConnectionEnabled":true,"locationContextEnabled":false,"warnings":{},"desired":{"platformName":"ANDROID","deviceName":"P7","automationName":"UIAutomator2","app":"C:\\Users\\zmahmoud\\Downloads\\private\\appium\\E-commerceWebsiteAppium\\src\\test\\resources\\Utils\\General-Store.apk"},"deviceUDID":"emulator-5554","appPackage":"com.androidsample.generalstore"}],"alwaysMatch":{}}}
&amp#27;[38;5;119m[f6248b92]&amp#27;[0m&amp#27;[38;5;-146m[AndroidUiautomator2Driver@7cd5]&amp#27;[0m Got response with status 200: {"sessionId":"786106a2-dae1-42b8-82b8-9ae140162563","value":{"capabilities":{"firstMatch":[{"platformName":"ANDROID","deviceName":"emulator-5554","automationName":"UIAutomator2","app":"C:\\Users\\zmahmoud\\Downloads\\private\\appium\\E-commerceWebsiteAppium\\src\\test\\resources\\Utils\\General-Store.apk","platform":"LINUX","webStorageEnabled":false,"takesScreenshot":true,"javascriptEnabled":true,"databaseEnabled":false,"networkConnectionEnabled":true,"locationContextEnabled":false,"warnings":{},"desired":{"platformName":"ANDROID","deviceName":"P7","automationName":"UIAutomator2","app":"C:\\Users\\zmahmoud\\Downloads\\private\\appium\\E-commerceWebsiteAppium\\src\\test\\resources\\Utils\\General-Store.apk"},"deviceUDID":"emulator-5554","appPackage":"com.androidsample.generalstore"}],"alwaysMatch":{}},"sessionId":"786106a2-dae1-42b8-82b8-9ae140162563"}}
&amp#27;[38;5;119m[f6248b92]&amp#27;[0m&amp#27;[38;5;-146m[AndroidUiautomator2Driver@7cd5]&amp#27;[0m Determined the downstream protocol as 'W3C'
&amp#27;[38;5;119m[f6248b92]&amp#27;[0m&amp#27;[38;5;-146m[AndroidUiautomator2Driver@7cd5]&amp#27;[0m Proxying [GET /appium/device/pixel_ratio] to [GET http://127.0.0.1:8200/session/786106a2-dae1-42b8-82b8-9ae140162563/appium/device/pixel_ratio] with no body
&amp#27;[38;5;119m[f6248b92]&amp#27;[0m&amp#27;[38;5;-146m[AndroidUiautomator2Driver@7cd5]&amp#27;[0m Matched '/appium/device/system_bars' to command name 'getSystemBars'
&amp#27;[38;5;119m[f6248b92]&amp#27;[0m&amp#27;[38;5;-146m[AndroidUiautomator2Driver@7cd5]&amp#27;[0m Proxying [GET /appium/device/system_bars] to [GET http://127.0.0.1:8200/session/786106a2-dae1-42b8-82b8-9ae140162563/appium/device/system_bars] with no body
&amp#27;[38;5;119m[f6248b92]&amp#27;[0m&amp#27;[38;5;-146m[AndroidUiautomator2Driver@7cd5]&amp#27;[0m Matched '/window/current/size' to command name 'getWindowSize'
&amp#27;[38;5;119m[f6248b92]&amp#27;[0m&amp#27;[38;5;-146m[AndroidUiautomator2Driver@7cd5]&amp#27;[0m Proxying [GET /window/current/size] to [GET http://127.0.0.1:8200/session/786106a2-dae1-42b8-82b8-9ae140162563/window/current/size] with no body
&amp#27;[38;5;119m[f6248b92]&amp#27;[0m&amp#27;[38;5;-146m[AndroidUiautomator2Driver@7cd5]&amp#27;[0m Proxying [GET /appium/device/info] to [GET http://127.0.0.1:8200/session/786106a2-dae1-42b8-82b8-9ae140162563/appium/device/info] with no body
&amp#27;[38;5;119m[f6248b92]&amp#27;[0m&amp#27;[38;5;229m[ADB]&amp#27;[0m Running 'C:\Users\zmahmoud\AppData\Local\Android\Sdk\platform-tools\adb.exe -P 5037 -s emulator-5554 shell dumpsys window'
&amp#27;[38;5;119m[f6248b92]&amp#27;[0m&amp#27;[38;5;229m[ADB]&amp#27;[0m Running 'C:\Users\zmahmoud\AppData\Local\Android\Sdk\platform-tools\adb.exe -P 5037 -s emulator-5554 shell dumpsys power'
&amp#27;[38;5;119m[f6248b92]&amp#27;[0m&amp#27;[38;5;-146m[AndroidUiautomator2Driver@7cd5]&amp#27;[0m Got response with status 200: {"sessionId":"786106a2-dae1-42b8-82b8-9ae140162563","value":3.5}
&amp#27;[38;5;119m[f6248b92]&amp#27;[0m&amp#27;[38;5;-146m[AndroidUiautomator2Driver@7cd5]&amp#27;[0m Got response with status 200: {"sessionId":"786106a2-dae1-42b8-82b8-9ae140162563","value":{"height":3120,"width":1440}}
&amp#27;[38;5;119m[f6248b92]&amp#27;[0m&amp#27;[38;5;-146m[AndroidUiautomator2Driver@7cd5]&amp#27;[0m Got response with status 200: {"sessionId":"786106a2-dae1-42b8-82b8-9ae140162563","value":{"statusBar":84}}
&amp#27;[38;5;119m[f6248b92]&amp#27;[0m&amp#27;[38;5;-146m[AndroidUiautomator2Driver@7cd5]&amp#27;[0m Screen already unlocked, doing nothing
&amp#27;[38;5;119m[f6248b92]&amp#27;[0m&amp#27;[38;5;-146m[AndroidUiautomator2Driver@7cd5]&amp#27;[0m Starting 'com.androidsample.generalstore/com.androidsample.generalstore.SplashActivity and waiting for 'com.androidsample.generalstore/com.androidsample.generalstore.SplashActivity'
&amp#27;[38;5;119m[f6248b92]&amp#27;[0m&amp#27;[38;5;229m[ADB]&amp#27;[0m Running 'C:\Users\zmahmoud\AppData\Local\Android\Sdk\platform-tools\adb.exe -P 5037 -s emulator-5554 shell am start-activity -W -n com.androidsample.generalstore/com.androidsample.generalstore.SplashActivity -S -a android.intent.action.MAIN -c android.intent.category.LAUNCHER -f 0x10200000'
&amp#27;[38;5;119m[f6248b92]&amp#27;[0m&amp#27;[38;5;-146m[AndroidUiautomator2Driver@7cd5]&amp#27;[0m Got response with status 200: {"sessionId":"786106a2-dae1-42b8-82b8-9ae140162563","value":{"androidId":"931dd9df299d0e6c","apiVersion":"28","bluetooth":null,"brand":"google","carrierName":"Android","displayDensity":560,"locale":"en_US","manufacturer":"Google","model":"AOSP on IA Emulator","networks":[{"capabilities":{"SSID":null,"linkDownBandwidthKbps":1048576,"linkUpstreamBandwidthKbps":1048576,"networkCapabilities":"NET_CAPABILITY_NOT_METERED,NET_CAPABILITY_INTERNET,NET_CAPABILITY_NOT_RESTRICTED,NET_CAPABILITY_TRUSTED,NET_CAPABILITY_NOT_VPN,NET_CAPABILITY_VALIDATED,NET_CAPABILITY_NOT_ROAMING,NET_CAPABILITY_FOREGROUND,NET_CAPABILITY_NOT_CONGESTED,NET_CAPABILITY_NOT_SUSPENDED","signalStrength":-50,"transportTypes":"TRANSPORT_WIFI"},"detailedState":"CONNECTED","extraInfo":null,"isAvailable":true,"isConnected":true,"isFailover":false,"isRoaming":false,"state":"CONNECTED","subtype":0,"subtypeName":"","type":1,"typeName":"WIFI"},{"capabilities":{"SSID":null,"linkDownBandwidthKbps":102400,"linkUpstreamBandwidthKbps":51200,"networkCapabiliti...
&amp#27;[38;5;119m[f6248b92]&amp#27;[0m&amp#27;[38;5;229m[ADB]&amp#27;[0m Waiting up to 20000ms for activity matching pkg: 'com.androidsample.generalstore' and activity: 'com.androidsample.generalstore.SplashActivity' to be focused
&amp#27;[38;5;119m[f6248b92]&amp#27;[0m&amp#27;[38;5;229m[ADB]&amp#27;[0m Possible activities, to be checked: 'com.androidsample.generalstore.SplashActivity', 'com.androidsample.generalstore.com.androidsample.generalstore.SplashActivity'
&amp#27;[38;5;119m[f6248b92]&amp#27;[0m&amp#27;[38;5;229m[ADB]&amp#27;[0m Getting focused package and activity
&amp#27;[38;5;119m[f6248b92]&amp#27;[0m&amp#27;[38;5;229m[ADB]&amp#27;[0m Running 'C:\Users\zmahmoud\AppData\Local\Android\Sdk\platform-tools\adb.exe -P 5037 -s emulator-5554 shell dumpsys window windows'
&amp#27;[38;5;119m[f6248b92]&amp#27;[0m&amp#27;[38;5;229m[ADB]&amp#27;[0m Found package: 'com.androidsample.generalstore' and fully qualified activity name : 'com.androidsample.generalstore.SplashActivity'
&amp#27;[38;5;119m[f6248b92]&amp#27;[0m&amp#27;[38;5;219m[AppiumDriver@ff16]&amp#27;[0m New AndroidUiautomator2Driver session created successfully, session f6248b92-9fdc-470c-a016-3877a3b1b151 added to master session list
&amp#27;[38;5;119m[f6248b92]&amp#27;[0m&amp#27;[38;5;219m[AppiumDriver@ff16]&amp#27;[0m Event 'newSessionStarted' logged at 1737035857184 (15:57:37 GMT+0200 (Eastern European Standard Time))
&amp#27;[38;5;119m[f6248b92]&amp#27;[0m&amp#27;[38;5;-146m[AndroidUiautomator2Driver@7cd5]&amp#27;[0m Cached the protocol value 'W3C' for the new session f6248b92-9fdc-470c-a016-3877a3b1b151
&amp#27;[38;5;119m[f6248b92]&amp#27;[0m&amp#27;[38;5;-146m[AndroidUiautomator2Driver@7cd5]&amp#27;[0m Responding to client with driver.createSession() result: {"capabilities":{"platformName":"ANDROID","deviceName":"emulator-5554","automationName":"UIAutomator2","app":"C:\\Users\\zmahmoud\\Downloads\\private\\appium\\E-commerceWebsiteAppium\\src\\test\\resources\\Utils\\General-Store.apk","platform":"LINUX","webStorageEnabled":false,"takesScreenshot":true,"javascriptEnabled":true,"databaseEnabled":false,"networkConnectionEnabled":true,"locationContextEnabled":false,"warnings":{},"desired":{"platformName":"ANDROID","deviceName":"P7","automationName":"UIAutomator2","app":"C:\\Users\\zmahmoud\\Downloads\\private\\appium\\E-commerceWebsiteAppium\\src\\test\\resources\\Utils\\General-Store.apk"},"deviceUDID":"emulator-5554","appPackage":"com.androidsample.generalstore","pixelRatio":"3.5","statBarHeight":84,"viewportRect":{"left":0,"top":84,"width":1440,"height":3036},"deviceApiLevel":28,"platformVersion":"9","deviceManufacturer":"Google","deviceModel":"AOSP on IA Emulator","deviceScreenSize":"1440x3120","deviceScreenDensity":560}}
&amp#27;[38;5;119m[f6248b92]&amp#27;[0m&amp#27;[38;5;86m[HTTP]&amp#27;[0m &amp#27;[37m<-- POST /session &amp#27;[39m&amp#27;[32m200&amp#27;[39m &amp#27;[90m8973 ms - 1044&amp#27;[39m &amp#27;[90m&amp#27;[39m
&amp#27;[38;5;119m[f6248b92]&amp#27;[0m&amp#27;[38;5;86m[HTTP]&amp#27;[0m &amp#27;[37m-->&amp#27;[39m &amp#27;[37mPOST&amp#27;[39m &amp#27;[37m/session/f6248b92-9fdc-470c-a016-3877a3b1b151/element&amp#27;[39m &amp#27;[90m{"value":"com.androidsample.generalstore:id/spinnerCountry","using":"id"}&amp#27;[39m
&amp#27;[38;5;119m[f6248b92]&amp#27;[0m&amp#27;[38;5;-146m[AndroidUiautomator2Driver@7cd5]&amp#27;[0m Calling AppiumDriver.findElement() with args: ["id","com.androidsample.generalstore:id/spinnerCountry","f6248b92-9fdc-470c-a016-3877a3b1b151"]
&amp#27;[38;5;119m[f6248b92]&amp#27;[0m&amp#27;[38;5;-146m[AndroidUiautomator2Driver@7cd5]&amp#27;[0m Valid locator strategies for this request: xpath, id, class name, accessibility id, css selector, -android uiautomator
&amp#27;[38;5;119m[f6248b92]&amp#27;[0m&amp#27;[38;5;-146m[AndroidUiautomator2Driver@7cd5]&amp#27;[0m Waiting up to 0 ms for condition
&amp#27;[38;5;119m[f6248b92]&amp#27;[0m&amp#27;[38;5;-146m[AndroidUiautomator2Driver@7cd5]&amp#27;[0m Matched '/element' to command name 'findElement'
&amp#27;[38;5;119m[f6248b92]&amp#27;[0m&amp#27;[38;5;-146m[AndroidUiautomator2Driver@7cd5]&amp#27;[0m Proxying [POST /element] to [POST http://127.0.0.1:8200/session/786106a2-dae1-42b8-82b8-9ae140162563/element] with body: {"strategy":"id","selector":"com.androidsample.generalstore:id/spinnerCountry","context":"","multiple":false}
&amp#27;[38;5;119m[f6248b92]&amp#27;[0m&amp#27;[38;5;-146m[AndroidUiautomator2Driver@7cd5]&amp#27;[0m Got response with status 404: {"sessionId":"786106a2-dae1-42b8-82b8-9ae140162563","value":{"error":"no such element","message":"An element could not be located on the page using the given search parameters","stacktrace":"io.appium.uiautomator2.common.exceptions.ElementNotFoundException: An element could not be located on the page using the given search parameters\n\tat io.appium.uiautomator2.handler.FindElement.safeHandle(FindElement.java:63)\n\tat io.appium.uiautomator2.handler.request.SafeRequestHandler.handle(SafeRequestHandler.java:59)\n\tat io.appium.uiautomator2.server.AppiumServlet.handleRequest(AppiumServlet.java:259)\n\tat io.appium.uiautomator2.server.AppiumServlet.handleHttpRequest(AppiumServlet.java:253)\n\tat io.appium.uiautomator2.http.ServerHandler.channelRead(ServerHandler.java:77)\n\tat io.netty.channel.AbstractChannelHandlerContext.invokeChannelRead(AbstractChannelHandlerContext.java:366)\n\tat io.netty.channel.AbstractChannelHandlerContext.invokeChannelRead(AbstractChannelHandlerContext.java:352)\n\tat io.netty.chann...
&amp#27;[38;5;119m[f6248b92]&amp#27;[0m&amp#27;[38;5;123m[W3C]&amp#27;[0m Matched W3C error code 'no such element' to NoSuchElementError
&amp#27;[38;5;119m[f6248b92]&amp#27;[0m&amp#27;[38;5;-146m[AndroidUiautomator2Driver@7cd5]&amp#27;[0m Encountered internal error running command: NoSuchElementError: An element could not be located on the page using the given search parameters.
    at AndroidUiautomator2Driver.findElOrEls (C:\Users\zmahmoud\.appium\node_modules\appium-uiautomator2-driver\node_modules\appium-android-driver\lib\commands\find.ts:86:11)
    at processTicksAndRejections (node:internal/process/task_queues:105:5)
    at AndroidUiautomator2Driver.findElOrElsWithProcessing (C:\Users\zmahmoud\AppData\Roaming\npm\node_modules\appium\node_modules\@appium\base-driver\lib\basedriver\commands\find.ts:60:12)
    at AndroidUiautomator2Driver.findElement (C:\Users\zmahmoud\AppData\Roaming\npm\node_modules\appium\node_modules\@appium\base-driver\lib\basedriver\commands\find.ts:75:12)
&amp#27;[38;5;119m[f6248b92]&amp#27;[0m&amp#27;[38;5;86m[HTTP]&amp#27;[0m &amp#27;[37m<-- POST /session/f6248b92-9fdc-470c-a016-3877a3b1b151/element &amp#27;[39m&amp#27;[33m404&amp#27;[39m &amp#27;[90m866 ms - 900&amp#27;[39m &amp#27;[90m&amp#27;[39m
&amp#27;[38;5;119m[f6248b92]&amp#27;[0m&amp#27;[38;5;86m[HTTP]&amp#27;[0m &amp#27;[37m-->&amp#27;[39m &amp#27;[37mPOST&amp#27;[39m &amp#27;[37m/session/f6248b92-9fdc-470c-a016-3877a3b1b151/element&amp#27;[39m &amp#27;[90m{"value":"com.androidsample.generalstore:id/spinnerCountry","using":"id"}&amp#27;[39m
&amp#27;[38;5;119m[f6248b92]&amp#27;[0m&amp#27;[38;5;-146m[AndroidUiautomator2Driver@7cd5]&amp#27;[0m Calling AppiumDriver.findElement() with args: ["id","com.androidsample.generalstore:id/spinnerCountry","f6248b92-9fdc-470c-a016-3877a3b1b151"]
&amp#27;[38;5;119m[f6248b92]&amp#27;[0m&amp#27;[38;5;-146m[AndroidUiautomator2Driver@7cd5]&amp#27;[0m Valid locator strategies for this request: xpath, id, class name, accessibility id, css selector, -android uiautomator
&amp#27;[38;5;119m[f6248b92]&amp#27;[0m&amp#27;[38;5;-146m[AndroidUiautomator2Driver@7cd5]&amp#27;[0m Waiting up to 0 ms for condition
&amp#27;[38;5;119m[f6248b92]&amp#27;[0m&amp#27;[38;5;-146m[AndroidUiautomator2Driver@7cd5]&amp#27;[0m Matched '/element' to command name 'findElement'
&amp#27;[38;5;119m[f6248b92]&amp#27;[0m&amp#27;[38;5;-146m[AndroidUiautomator2Driver@7cd5]&amp#27;[0m Proxying [POST /element] to [POST http://127.0.0.1:8200/session/786106a2-dae1-42b8-82b8-9ae140162563/element] with body: {"strategy":"id","selector":"com.androidsample.generalstore:id/spinnerCountry","context":"","multiple":false}
&amp#27;[38;5;119m[f6248b92]&amp#27;[0m&amp#27;[38;5;-146m[AndroidUiautomator2Driver@7cd5]&amp#27;[0m Got response with status 404: {"sessionId":"786106a2-dae1-42b8-82b8-9ae140162563","value":{"error":"no such element","message":"An element could not be located on the page using the given search parameters","stacktrace":"io.appium.uiautomator2.common.exceptions.ElementNotFoundException: An element could not be located on the page using the given search parameters\n\tat io.appium.uiautomator2.handler.FindElement.safeHandle(FindElement.java:63)\n\tat io.appium.uiautomator2.handler.request.SafeRequestHandler.handle(SafeRequestHandler.java:59)\n\tat io.appium.uiautomator2.server.AppiumServlet.handleRequest(AppiumServlet.java:259)\n\tat io.appium.uiautomator2.server.AppiumServlet.handleHttpRequest(AppiumServlet.java:253)\n\tat io.appium.uiautomator2.http.ServerHandler.channelRead(ServerHandler.java:77)\n\tat io.netty.channel.AbstractChannelHandlerContext.invokeChannelRead(AbstractChannelHandlerContext.java:366)\n\tat io.netty.channel.AbstractChannelHandlerContext.invokeChannelRead(AbstractChannelHandlerContext.java:352)\n\tat io.netty.chann...
&amp#27;[38;5;119m[f6248b92]&amp#27;[0m&amp#27;[38;5;123m[W3C]&amp#27;[0m Matched W3C error code 'no such element' to NoSuchElementError
&amp#27;[38;5;119m[f6248b92]&amp#27;[0m&amp#27;[38;5;-146m[AndroidUiautomator2Driver@7cd5]&amp#27;[0m Encountered internal error running command: NoSuchElementError: An element could not be located on the page using the given search parameters.
    at AndroidUiautomator2Driver.findElOrEls (C:\Users\zmahmoud\.appium\node_modules\appium-uiautomator2-driver\node_modules\appium-android-driver\lib\commands\find.ts:86:11)
    at processTicksAndRejections (node:internal/process/task_queues:105:5)
    at AndroidUiautomator2Driver.findElOrElsWithProcessing (C:\Users\zmahmoud\AppData\Roaming\npm\node_modules\appium\node_modules\@appium\base-driver\lib\basedriver\commands\find.ts:60:12)
    at AndroidUiautomator2Driver.findElement (C:\Users\zmahmoud\AppData\Roaming\npm\node_modules\appium\node_modules\@appium\base-driver\lib\basedriver\commands\find.ts:75:12)
&amp#27;[38;5;119m[f6248b92]&amp#27;[0m&amp#27;[38;5;86m[HTTP]&amp#27;[0m &amp#27;[37m<-- POST /session/f6248b92-9fdc-470c-a016-3877a3b1b151/element &amp#27;[39m&amp#27;[33m404&amp#27;[39m &amp#27;[90m28 ms - 900&amp#27;[39m &amp#27;[90m&amp#27;[39m
&amp#27;[38;5;119m[f6248b92]&amp#27;[0m&amp#27;[38;5;86m[HTTP]&amp#27;[0m &amp#27;[37m-->&amp#27;[39m &amp#27;[37mPOST&amp#27;[39m &amp#27;[37m/session/f6248b92-9fdc-470c-a016-3877a3b1b151/element&amp#27;[39m &amp#27;[90m{"value":"com.androidsample.generalstore:id/spinnerCountry","using":"id"}&amp#27;[39m
&amp#27;[38;5;119m[f6248b92]&amp#27;[0m&amp#27;[38;5;-146m[AndroidUiautomator2Driver@7cd5]&amp#27;[0m Calling AppiumDriver.findElement() with args: ["id","com.androidsample.generalstore:id/spinnerCountry","f6248b92-9fdc-470c-a016-3877a3b1b151"]
&amp#27;[38;5;119m[f6248b92]&amp#27;[0m&amp#27;[38;5;-146m[AndroidUiautomator2Driver@7cd5]&amp#27;[0m Valid locator strategies for this request: xpath, id, class name, accessibility id, css selector, -android uiautomator
&amp#27;[38;5;119m[f6248b92]&amp#27;[0m&amp#27;[38;5;-146m[AndroidUiautomator2Driver@7cd5]&amp#27;[0m Waiting up to 0 ms for condition
&amp#27;[38;5;119m[f6248b92]&amp#27;[0m&amp#27;[38;5;-146m[AndroidUiautomator2Driver@7cd5]&amp#27;[0m Matched '/element' to command name 'findElement'
&amp#27;[38;5;119m[f6248b92]&amp#27;[0m&amp#27;[38;5;-146m[AndroidUiautomator2Driver@7cd5]&amp#27;[0m Proxying [POST /element] to [POST http://127.0.0.1:8200/session/786106a2-dae1-42b8-82b8-9ae140162563/element] with body: {"strategy":"id","selector":"com.androidsample.generalstore:id/spinnerCountry","context":"","multiple":false}
&amp#27;[38;5;119m[f6248b92]&amp#27;[0m&amp#27;[38;5;-146m[AndroidUiautomator2Driver@7cd5]&amp#27;[0m Got response with status 404: {"sessionId":"786106a2-dae1-42b8-82b8-9ae140162563","value":{"error":"no such element","message":"An element could not be located on the page using the given search parameters","stacktrace":"io.appium.uiautomator2.common.exceptions.ElementNotFoundException: An element could not be located on the page using the given search parameters\n\tat io.appium.uiautomator2.handler.FindElement.safeHandle(FindElement.java:63)\n\tat io.appium.uiautomator2.handler.request.SafeRequestHandler.handle(SafeRequestHandler.java:59)\n\tat io.appium.uiautomator2.server.AppiumServlet.handleRequest(AppiumServlet.java:259)\n\tat io.appium.uiautomator2.server.AppiumServlet.handleHttpRequest(AppiumServlet.java:253)\n\tat io.appium.uiautomator2.http.ServerHandler.channelRead(ServerHandler.java:77)\n\tat io.netty.channel.AbstractChannelHandlerContext.invokeChannelRead(AbstractChannelHandlerContext.java:366)\n\tat io.netty.channel.AbstractChannelHandlerContext.invokeChannelRead(AbstractChannelHandlerContext.java:352)\n\tat io.netty.chann...
&amp#27;[38;5;119m[f6248b92]&amp#27;[0m&amp#27;[38;5;123m[W3C]&amp#27;[0m Matched W3C error code 'no such element' to NoSuchElementError
&amp#27;[38;5;119m[f6248b92]&amp#27;[0m&amp#27;[38;5;-146m[AndroidUiautomator2Driver@7cd5]&amp#27;[0m Encountered internal error running command: NoSuchElementError: An element could not be located on the page using the given search parameters.
    at AndroidUiautomator2Driver.findElOrEls (C:\Users\zmahmoud\.appium\node_modules\appium-uiautomator2-driver\node_modules\appium-android-driver\lib\commands\find.ts:86:11)
    at processTicksAndRejections (node:internal/process/task_queues:105:5)
    at AndroidUiautomator2Driver.findElOrElsWithProcessing (C:\Users\zmahmoud\AppData\Roaming\npm\node_modules\appium\node_modules\@appium\base-driver\lib\basedriver\commands\find.ts:60:12)
    at AndroidUiautomator2Driver.findElement (C:\Users\zmahmoud\AppData\Roaming\npm\node_modules\appium\node_modules\@appium\base-driver\lib\basedriver\commands\find.ts:75:12)
&amp#27;[38;5;119m[f6248b92]&amp#27;[0m&amp#27;[38;5;86m[HTTP]&amp#27;[0m &amp#27;[37m<-- POST /session/f6248b92-9fdc-470c-a016-3877a3b1b151/element &amp#27;[39m&amp#27;[33m404&amp#27;[39m &amp#27;[90m28 ms - 900&amp#27;[39m &amp#27;[90m&amp#27;[39m
&amp#27;[38;5;119m[f6248b92]&amp#27;[0m&amp#27;[38;5;86m[HTTP]&amp#27;[0m &amp#27;[37m-->&amp#27;[39m &amp#27;[37mPOST&amp#27;[39m &amp#27;[37m/session/f6248b92-9fdc-470c-a016-3877a3b1b151/element&amp#27;[39m &amp#27;[90m{"value":"com.androidsample.generalstore:id/spinnerCountry","using":"id"}&amp#27;[39m
&amp#27;[38;5;119m[f6248b92]&amp#27;[0m&amp#27;[38;5;-146m[AndroidUiautomator2Driver@7cd5]&amp#27;[0m Calling AppiumDriver.findElement() with args: ["id","com.androidsample.generalstore:id/spinnerCountry","f6248b92-9fdc-470c-a016-3877a3b1b151"]
&amp#27;[38;5;119m[f6248b92]&amp#27;[0m&amp#27;[38;5;-146m[AndroidUiautomator2Driver@7cd5]&amp#27;[0m Valid locator strategies for this request: xpath, id, class name, accessibility id, css selector, -android uiautomator
&amp#27;[38;5;119m[f6248b92]&amp#27;[0m&amp#27;[38;5;-146m[AndroidUiautomator2Driver@7cd5]&amp#27;[0m Waiting up to 0 ms for condition
&amp#27;[38;5;119m[f6248b92]&amp#27;[0m&amp#27;[38;5;-146m[AndroidUiautomator2Driver@7cd5]&amp#27;[0m Matched '/element' to command name 'findElement'
&amp#27;[38;5;119m[f6248b92]&amp#27;[0m&amp#27;[38;5;-146m[AndroidUiautomator2Driver@7cd5]&amp#27;[0m Proxying [POST /element] to [POST http://127.0.0.1:8200/session/786106a2-dae1-42b8-82b8-9ae140162563/element] with body: {"strategy":"id","selector":"com.androidsample.generalstore:id/spinnerCountry","context":"","multiple":false}
&amp#27;[38;5;119m[f6248b92]&amp#27;[0m&amp#27;[38;5;-146m[AndroidUiautomator2Driver@7cd5]&amp#27;[0m Got response with status 404: {"sessionId":"786106a2-dae1-42b8-82b8-9ae140162563","value":{"error":"no such element","message":"An element could not be located on the page using the given search parameters","stacktrace":"io.appium.uiautomator2.common.exceptions.ElementNotFoundException: An element could not be located on the page using the given search parameters\n\tat io.appium.uiautomator2.handler.FindElement.safeHandle(FindElement.java:63)\n\tat io.appium.uiautomator2.handler.request.SafeRequestHandler.handle(SafeRequestHandler.java:59)\n\tat io.appium.uiautomator2.server.AppiumServlet.handleRequest(AppiumServlet.java:259)\n\tat io.appium.uiautomator2.server.AppiumServlet.handleHttpRequest(AppiumServlet.java:253)\n\tat io.appium.uiautomator2.http.ServerHandler.channelRead(ServerHandler.java:77)\n\tat io.netty.channel.AbstractChannelHandlerContext.invokeChannelRead(AbstractChannelHandlerContext.java:366)\n\tat io.netty.channel.AbstractChannelHandlerContext.invokeChannelRead(AbstractChannelHandlerContext.java:352)\n\tat io.netty.chann...
&amp#27;[38;5;119m[f6248b92]&amp#27;[0m&amp#27;[38;5;123m[W3C]&amp#27;[0m Matched W3C error code 'no such element' to NoSuchElementError
&amp#27;[38;5;119m[f6248b92]&amp#27;[0m&amp#27;[38;5;-146m[AndroidUiautomator2Driver@7cd5]&amp#27;[0m Encountered internal error running command: NoSuchElementError: An element could not be located on the page using the given search parameters.
    at AndroidUiautomator2Driver.findElOrEls (C:\Users\zmahmoud\.appium\node_modules\appium-uiautomator2-driver\node_modules\appium-android-driver\lib\commands\find.ts:86:11)
    at processTicksAndRejections (node:internal/process/task_queues:105:5)
    at AndroidUiautomator2Driver.findElOrElsWithProcessing (C:\Users\zmahmoud\AppData\Roaming\npm\node_modules\appium\node_modules\@appium\base-driver\lib\basedriver\commands\find.ts:60:12)
    at AndroidUiautomator2Driver.findElement (C:\Users\zmahmoud\AppData\Roaming\npm\node_modules\appium\node_modules\@appium\base-driver\lib\basedriver\commands\find.ts:75:12)
&amp#27;[38;5;119m[f6248b92]&amp#27;[0m&amp#27;[38;5;86m[HTTP]&amp#27;[0m &amp#27;[37m<-- POST /session/f6248b92-9fdc-470c-a016-3877a3b1b151/element &amp#27;[39m&amp#27;[33m404&amp#27;[39m &amp#27;[90m24 ms - 900&amp#27;[39m &amp#27;[90m&amp#27;[39m
&amp#27;[38;5;119m[f6248b92]&amp#27;[0m&amp#27;[38;5;86m[HTTP]&amp#27;[0m &amp#27;[37m-->&amp#27;[39m &amp#27;[37mPOST&amp#27;[39m &amp#27;[37m/session/f6248b92-9fdc-470c-a016-3877a3b1b151/element&amp#27;[39m &amp#27;[90m{"value":"com.androidsample.generalstore:id/spinnerCountry","using":"id"}&amp#27;[39m
&amp#27;[38;5;119m[f6248b92]&amp#27;[0m&amp#27;[38;5;-146m[AndroidUiautomator2Driver@7cd5]&amp#27;[0m Calling AppiumDriver.findElement() with args: ["id","com.androidsample.generalstore:id/spinnerCountry","f6248b92-9fdc-470c-a016-3877a3b1b151"]
&amp#27;[38;5;119m[f6248b92]&amp#27;[0m&amp#27;[38;5;-146m[AndroidUiautomator2Driver@7cd5]&amp#27;[0m Valid locator strategies for this request: xpath, id, class name, accessibility id, css selector, -android uiautomator
&amp#27;[38;5;119m[f6248b92]&amp#27;[0m&amp#27;[38;5;-146m[AndroidUiautomator2Driver@7cd5]&amp#27;[0m Waiting up to 0 ms for condition
&amp#27;[38;5;119m[f6248b92]&amp#27;[0m&amp#27;[38;5;-146m[AndroidUiautomator2Driver@7cd5]&amp#27;[0m Matched '/element' to command name 'findElement'
&amp#27;[38;5;119m[f6248b92]&amp#27;[0m&amp#27;[38;5;-146m[AndroidUiautomator2Driver@7cd5]&amp#27;[0m Proxying [POST /element] to [POST http://127.0.0.1:8200/session/786106a2-dae1-42b8-82b8-9ae140162563/element] with body: {"strategy":"id","selector":"com.androidsample.generalstore:id/spinnerCountry","context":"","multiple":false}
&amp#27;[38;5;119m[f6248b92]&amp#27;[0m&amp#27;[38;5;-146m[AndroidUiautomator2Driver@7cd5]&amp#27;[0m Got response with status 200: {"sessionId":"786106a2-dae1-42b8-82b8-9ae140162563","value":{"ELEMENT":"00000000-0000-0224-ffff-ffff00000007","element-6066-11e4-a52e-4f735466cecf":"00000000-0000-0224-ffff-ffff00000007"}}
&amp#27;[38;5;119m[f6248b92]&amp#27;[0m&amp#27;[38;5;-146m[AndroidUiautomator2Driver@7cd5]&amp#27;[0m Responding to client with driver.findElement() result: {"element-6066-11e4-a52e-4f735466cecf":"00000000-0000-0224-ffff-ffff00000007","ELEMENT":"00000000-0000-0224-ffff-ffff00000007"}
&amp#27;[38;5;119m[f6248b92]&amp#27;[0m&amp#27;[38;5;86m[HTTP]&amp#27;[0m &amp#27;[37m<-- POST /session/f6248b92-9fdc-470c-a016-3877a3b1b151/element &amp#27;[39m&amp#27;[32m200&amp#27;[39m &amp#27;[90m779 ms - 137&amp#27;[39m &amp#27;[90m&amp#27;[39m
&amp#27;[38;5;119m[f6248b92]&amp#27;[0m&amp#27;[38;5;86m[HTTP]&amp#27;[0m &amp#27;[37m-->&amp#27;[39m &amp#27;[37mGET&amp#27;[39m &amp#27;[37m/session/f6248b92-9fdc-470c-a016-3877a3b1b151/element/00000000-0000-0224-ffff-ffff00000007/displayed&amp#27;[39m &amp#27;[90m{}&amp#27;[39m
&amp#27;[38;5;119m[f6248b92]&amp#27;[0m&amp#27;[38;5;-146m[AndroidUiautomator2Driver@7cd5]&amp#27;[0m Calling AppiumDriver.elementDisplayed() with args: ["00000000-0000-0224-ffff-ffff00000007","f6248b92-9fdc-470c-a016-3877a3b1b151"]
&amp#27;[38;5;119m[f6248b92]&amp#27;[0m&amp#27;[38;5;-146m[AndroidUiautomator2Driver@7cd5]&amp#27;[0m Matched '/element/00000000-0000-0224-ffff-ffff00000007/attribute/displayed' to command name 'getAttribute'
&amp#27;[38;5;119m[f6248b92]&amp#27;[0m&amp#27;[38;5;-146m[AndroidUiautomator2Driver@7cd5]&amp#27;[0m Proxying [GET /element/00000000-0000-0224-ffff-ffff00000007/attribute/displayed] to [GET http://127.0.0.1:8200/session/786106a2-dae1-42b8-82b8-9ae140162563/element/00000000-0000-0224-ffff-ffff00000007/attribute/displayed] with no body
&amp#27;[38;5;119m[f6248b92]&amp#27;[0m&amp#27;[38;5;-146m[AndroidUiautomator2Driver@7cd5]&amp#27;[0m Got response with status 200: {"sessionId":"786106a2-dae1-42b8-82b8-9ae140162563","value":"true"}
&amp#27;[38;5;119m[f6248b92]&amp#27;[0m&amp#27;[38;5;-146m[AndroidUiautomator2Driver@7cd5]&amp#27;[0m Responding to client with driver.elementDisplayed() result: true
&amp#27;[38;5;119m[f6248b92]&amp#27;[0m&amp#27;[38;5;86m[HTTP]&amp#27;[0m &amp#27;[37m<-- GET /session/f6248b92-9fdc-470c-a016-3877a3b1b151/element/00000000-0000-0224-ffff-ffff00000007/displayed &amp#27;[39m&amp#27;[32m200&amp#27;[39m &amp#27;[90m17 ms - 14&amp#27;[39m &amp#27;[90m&amp#27;[39m
&amp#27;[38;5;119m[f6248b92]&amp#27;[0m&amp#27;[38;5;86m[HTTP]&amp#27;[0m &amp#27;[37m-->&amp#27;[39m &amp#27;[37mGET&amp#27;[39m &amp#27;[37m/session/f6248b92-9fdc-470c-a016-3877a3b1b151/element/00000000-0000-0224-ffff-ffff00000007/enabled&amp#27;[39m &amp#27;[90m{}&amp#27;[39m
&amp#27;[38;5;119m[f6248b92]&amp#27;[0m&amp#27;[38;5;-146m[AndroidUiautomator2Driver@7cd5]&amp#27;[0m Calling AppiumDriver.elementEnabled() with args: ["00000000-0000-0224-ffff-ffff00000007","f6248b92-9fdc-470c-a016-3877a3b1b151"]
&amp#27;[38;5;119m[f6248b92]&amp#27;[0m&amp#27;[38;5;-146m[AndroidUiautomator2Driver@7cd5]&amp#27;[0m Matched '/element/00000000-0000-0224-ffff-ffff00000007/attribute/enabled' to command name 'getAttribute'
&amp#27;[38;5;119m[f6248b92]&amp#27;[0m&amp#27;[38;5;-146m[AndroidUiautomator2Driver@7cd5]&amp#27;[0m Proxying [GET /element/00000000-0000-0224-ffff-ffff00000007/attribute/enabled] to [GET http://127.0.0.1:8200/session/786106a2-dae1-42b8-82b8-9ae140162563/element/00000000-0000-0224-ffff-ffff00000007/attribute/enabled] with no body
&amp#27;[38;5;119m[f6248b92]&amp#27;[0m&amp#27;[38;5;-146m[AndroidUiautomator2Driver@7cd5]&amp#27;[0m Got response with status 200: {"sessionId":"786106a2-dae1-42b8-82b8-9ae140162563","value":"true"}
&amp#27;[38;5;119m[f6248b92]&amp#27;[0m&amp#27;[38;5;-146m[AndroidUiautomator2Driver@7cd5]&amp#27;[0m Responding to client with driver.elementEnabled() result: true
&amp#27;[38;5;119m[f6248b92]&amp#27;[0m&amp#27;[38;5;86m[HTTP]&amp#27;[0m &amp#27;[37m<-- GET /session/f6248b92-9fdc-470c-a016-3877a3b1b151/element/00000000-0000-0224-ffff-ffff00000007/enabled &amp#27;[39m&amp#27;[32m200&amp#27;[39m &amp#27;[90m15 ms - 14&amp#27;[39m &amp#27;[90m&amp#27;[39m
&amp#27;[38;5;119m[f6248b92]&amp#27;[0m&amp#27;[38;5;86m[HTTP]&amp#27;[0m &amp#27;[37m-->&amp#27;[39m &amp#27;[37mPOST&amp#27;[39m &amp#27;[37m/session/f6248b92-9fdc-470c-a016-3877a3b1b151/element/00000000-0000-0224-ffff-ffff00000007/click&amp#27;[39m &amp#27;[90m{"id":"00000000-0000-0224-ffff-ffff00000007"}&amp#27;[39m
&amp#27;[38;5;119m[f6248b92]&amp#27;[0m&amp#27;[38;5;-146m[AndroidUiautomator2Driver@7cd5]&amp#27;[0m Calling AppiumDriver.click() with args: ["00000000-0000-0224-ffff-ffff00000007","f6248b92-9fdc-470c-a016-3877a3b1b151"]
&amp#27;[38;5;119m[f6248b92]&amp#27;[0m&amp#27;[38;5;-146m[AndroidUiautomator2Driver@7cd5]&amp#27;[0m Matched '/element/00000000-0000-0224-ffff-ffff00000007/click' to command name 'click'
&amp#27;[38;5;119m[f6248b92]&amp#27;[0m&amp#27;[38;5;-146m[AndroidUiautomator2Driver@7cd5]&amp#27;[0m Proxying [POST /element/00000000-0000-0224-ffff-ffff00000007/click] to [POST http://127.0.0.1:8200/session/786106a2-dae1-42b8-82b8-9ae140162563/element/00000000-0000-0224-ffff-ffff00000007/click] with body: {"element":"00000000-0000-0224-ffff-ffff00000007"}
&amp#27;[38;5;119m[f6248b92]&amp#27;[0m&amp#27;[38;5;-146m[AndroidUiautomator2Driver@7cd5]&amp#27;[0m Got response with status 200: {"sessionId":"786106a2-dae1-42b8-82b8-9ae140162563","value":null}
&amp#27;[38;5;119m[f6248b92]&amp#27;[0m&amp#27;[38;5;-146m[AndroidUiautomator2Driver@7cd5]&amp#27;[0m Responding to client with driver.click() result: null
&amp#27;[38;5;119m[f6248b92]&amp#27;[0m&amp#27;[38;5;86m[HTTP]&amp#27;[0m &amp#27;[37m<-- POST /session/f6248b92-9fdc-470c-a016-3877a3b1b151/element/00000000-0000-0224-ffff-ffff00000007/click &amp#27;[39m&amp#27;[32m200&amp#27;[39m &amp#27;[90m50 ms - 14&amp#27;[39m &amp#27;[90m&amp#27;[39m
&amp#27;[38;5;119m[f6248b92]&amp#27;[0m&amp#27;[38;5;86m[HTTP]&amp#27;[0m &amp#27;[37m-->&amp#27;[39m &amp#27;[37mPOST&amp#27;[39m &amp#27;[37m/session/f6248b92-9fdc-470c-a016-3877a3b1b151/element&amp#27;[39m &amp#27;[90m{"value":"new UiScrollable(new UiSelector()).scrollIntoView(text(\"Egypt\"));","using":"-android uiautomator"}&amp#27;[39m
&amp#27;[38;5;119m[f6248b92]&amp#27;[0m&amp#27;[38;5;-146m[AndroidUiautomator2Driver@7cd5]&amp#27;[0m Calling AppiumDriver.findElement() with args: ["-android uiautomator","new UiScrollable(new UiSelector()).scrollIntoView(text(\"Egypt\"));","f6248b92-9fdc-470c-a016-3877a3b1b151"]
&amp#27;[38;5;119m[f6248b92]&amp#27;[0m&amp#27;[38;5;-146m[AndroidUiautomator2Driver@7cd5]&amp#27;[0m Valid locator strategies for this request: xpath, id, class name, accessibility id, css selector, -android uiautomator
&amp#27;[38;5;119m[f6248b92]&amp#27;[0m&amp#27;[38;5;-146m[AndroidUiautomator2Driver@7cd5]&amp#27;[0m Waiting up to 0 ms for condition
&amp#27;[38;5;119m[f6248b92]&amp#27;[0m&amp#27;[38;5;-146m[AndroidUiautomator2Driver@7cd5]&amp#27;[0m Matched '/element' to command name 'findElement'
&amp#27;[38;5;119m[f6248b92]&amp#27;[0m&amp#27;[38;5;-146m[AndroidUiautomator2Driver@7cd5]&amp#27;[0m Proxying [POST /element] to [POST http://127.0.0.1:8200/session/786106a2-dae1-42b8-82b8-9ae140162563/element] with body: {"strategy":"-android uiautomator","selector":"new UiScrollable(new UiSelector()).scrollIntoView(text(\"Egypt\"));","context":"","multiple":false}
&amp#27;[38;5;119m[f6248b92]&amp#27;[0m&amp#27;[38;5;-146m[AndroidUiautomator2Driver@7cd5]&amp#27;[0m Got response with status 200: {"sessionId":"786106a2-dae1-42b8-82b8-9ae140162563","value":{"ELEMENT":"00000000-0000-0225-ffff-ffff0000002f","element-6066-11e4-a52e-4f735466cecf":"00000000-0000-0225-ffff-ffff0000002f"}}
&amp#27;[38;5;119m[f6248b92]&amp#27;[0m&amp#27;[38;5;-146m[AndroidUiautomator2Driver@7cd5]&amp#27;[0m Responding to client with driver.findElement() result: {"element-6066-11e4-a52e-4f735466cecf":"00000000-0000-0225-ffff-ffff0000002f","ELEMENT":"00000000-0000-0225-ffff-ffff0000002f"}
&amp#27;[38;5;119m[f6248b92]&amp#27;[0m&amp#27;[38;5;86m[HTTP]&amp#27;[0m &amp#27;[37m<-- POST /session/f6248b92-9fdc-470c-a016-3877a3b1b151/element &amp#27;[39m&amp#27;[32m200&amp#27;[39m &amp#27;[90m16804 ms - 137&amp#27;[39m &amp#27;[90m&amp#27;[39m
&amp#27;[38;5;119m[f6248b92]&amp#27;[0m&amp#27;[38;5;86m[HTTP]&amp#27;[0m &amp#27;[37m-->&amp#27;[39m &amp#27;[37mPOST&amp#27;[39m &amp#27;[37m/session/f6248b92-9fdc-470c-a016-3877a3b1b151/element&amp#27;[39m &amp#27;[90m{"value":"//android.widget.TextView[@text='Egypt']","using":"xpath"}&amp#27;[39m
&amp#27;[38;5;119m[f6248b92]&amp#27;[0m&amp#27;[38;5;-146m[AndroidUiautomator2Driver@7cd5]&amp#27;[0m Calling AppiumDriver.findElement() with args: ["xpath","//android.widget.TextView[@text='Egypt']","f6248b92-9fdc-470c-a016-3877a3b1b151"]
&amp#27;[38;5;119m[f6248b92]&amp#27;[0m&amp#27;[38;5;-146m[AndroidUiautomator2Driver@7cd5]&amp#27;[0m Valid locator strategies for this request: xpath, id, class name, accessibility id, css selector, -android uiautomator
&amp#27;[38;5;119m[f6248b92]&amp#27;[0m&amp#27;[38;5;-146m[AndroidUiautomator2Driver@7cd5]&amp#27;[0m Waiting up to 0 ms for condition
&amp#27;[38;5;119m[f6248b92]&amp#27;[0m&amp#27;[38;5;-146m[AndroidUiautomator2Driver@7cd5]&amp#27;[0m Matched '/element' to command name 'findElement'
&amp#27;[38;5;119m[f6248b92]&amp#27;[0m&amp#27;[38;5;-146m[AndroidUiautomator2Driver@7cd5]&amp#27;[0m Proxying [POST /element] to [POST http://127.0.0.1:8200/session/786106a2-dae1-42b8-82b8-9ae140162563/element] with body: {"strategy":"xpath","selector":"//android.widget.TextView[@text='Egypt']","context":"","multiple":false}
&amp#27;[38;5;119m[f6248b92]&amp#27;[0m&amp#27;[38;5;-146m[AndroidUiautomator2Driver@7cd5]&amp#27;[0m Got response with status 200: {"sessionId":"786106a2-dae1-42b8-82b8-9ae140162563","value":{"ELEMENT":"00000000-0000-0225-ffff-ffff0000002f","element-6066-11e4-a52e-4f735466cecf":"00000000-0000-0225-ffff-ffff0000002f"}}
&amp#27;[38;5;119m[f6248b92]&amp#27;[0m&amp#27;[38;5;-146m[AndroidUiautomator2Driver@7cd5]&amp#27;[0m Responding to client with driver.findElement() result: {"element-6066-11e4-a52e-4f735466cecf":"00000000-0000-0225-ffff-ffff0000002f","ELEMENT":"00000000-0000-0225-ffff-ffff0000002f"}
&amp#27;[38;5;119m[f6248b92]&amp#27;[0m&amp#27;[38;5;86m[HTTP]&amp#27;[0m &amp#27;[37m<-- POST /session/f6248b92-9fdc-470c-a016-3877a3b1b151/element &amp#27;[39m&amp#27;[32m200&amp#27;[39m &amp#27;[90m653 ms - 137&amp#27;[39m &amp#27;[90m&amp#27;[39m
&amp#27;[38;5;119m[f6248b92]&amp#27;[0m&amp#27;[38;5;86m[HTTP]&amp#27;[0m &amp#27;[37m-->&amp#27;[39m &amp#27;[37mGET&amp#27;[39m &amp#27;[37m/session/f6248b92-9fdc-470c-a016-3877a3b1b151/element/00000000-0000-0225-ffff-ffff0000002f/displayed&amp#27;[39m &amp#27;[90m{}&amp#27;[39m
&amp#27;[38;5;119m[f6248b92]&amp#27;[0m&amp#27;[38;5;-146m[AndroidUiautomator2Driver@7cd5]&amp#27;[0m Calling AppiumDriver.elementDisplayed() with args: ["00000000-0000-0225-ffff-ffff0000002f","f6248b92-9fdc-470c-a016-3877a3b1b151"]
&amp#27;[38;5;119m[f6248b92]&amp#27;[0m&amp#27;[38;5;-146m[AndroidUiautomator2Driver@7cd5]&amp#27;[0m Matched '/element/00000000-0000-0225-ffff-ffff0000002f/attribute/displayed' to command name 'getAttribute'
&amp#27;[38;5;119m[f6248b92]&amp#27;[0m&amp#27;[38;5;-146m[AndroidUiautomator2Driver@7cd5]&amp#27;[0m Proxying [GET /element/00000000-0000-0225-ffff-ffff0000002f/attribute/displayed] to [GET http://127.0.0.1:8200/session/786106a2-dae1-42b8-82b8-9ae140162563/element/00000000-0000-0225-ffff-ffff0000002f/attribute/displayed] with no body
&amp#27;[38;5;119m[f6248b92]&amp#27;[0m&amp#27;[38;5;-146m[AndroidUiautomator2Driver@7cd5]&amp#27;[0m Got response with status 200: {"sessionId":"786106a2-dae1-42b8-82b8-9ae140162563","value":"true"}
&amp#27;[38;5;119m[f6248b92]&amp#27;[0m&amp#27;[38;5;-146m[AndroidUiautomator2Driver@7cd5]&amp#27;[0m Responding to client with driver.elementDisplayed() result: true
&amp#27;[38;5;119m[f6248b92]&amp#27;[0m&amp#27;[38;5;86m[HTTP]&amp#27;[0m &amp#27;[37m<-- GET /session/f6248b92-9fdc-470c-a016-3877a3b1b151/element/00000000-0000-0225-ffff-ffff0000002f/displayed &amp#27;[39m&amp#27;[32m200&amp#27;[39m &amp#27;[90m14 ms - 14&amp#27;[39m &amp#27;[90m&amp#27;[39m
&amp#27;[38;5;119m[f6248b92]&amp#27;[0m&amp#27;[38;5;86m[HTTP]&amp#27;[0m &amp#27;[37m-->&amp#27;[39m &amp#27;[37mGET&amp#27;[39m &amp#27;[37m/session/f6248b92-9fdc-470c-a016-3877a3b1b151/element/00000000-0000-0225-ffff-ffff0000002f/enabled&amp#27;[39m &amp#27;[90m{}&amp#27;[39m
&amp#27;[38;5;119m[f6248b92]&amp#27;[0m&amp#27;[38;5;-146m[AndroidUiautomator2Driver@7cd5]&amp#27;[0m Calling AppiumDriver.elementEnabled() with args: ["00000000-0000-0225-ffff-ffff0000002f","f6248b92-9fdc-470c-a016-3877a3b1b151"]
&amp#27;[38;5;119m[f6248b92]&amp#27;[0m&amp#27;[38;5;-146m[AndroidUiautomator2Driver@7cd5]&amp#27;[0m Matched '/element/00000000-0000-0225-ffff-ffff0000002f/attribute/enabled' to command name 'getAttribute'
&amp#27;[38;5;119m[f6248b92]&amp#27;[0m&amp#27;[38;5;-146m[AndroidUiautomator2Driver@7cd5]&amp#27;[0m Proxying [GET /element/00000000-0000-0225-ffff-ffff0000002f/attribute/enabled] to [GET http://127.0.0.1:8200/session/786106a2-dae1-42b8-82b8-9ae140162563/element/00000000-0000-0225-ffff-ffff0000002f/attribute/enabled] with no body
&amp#27;[38;5;119m[f6248b92]&amp#27;[0m&amp#27;[38;5;-146m[AndroidUiautomator2Driver@7cd5]&amp#27;[0m Got response with status 200: {"sessionId":"786106a2-dae1-42b8-82b8-9ae140162563","value":"true"}
&amp#27;[38;5;119m[f6248b92]&amp#27;[0m&amp#27;[38;5;-146m[AndroidUiautomator2Driver@7cd5]&amp#27;[0m Responding to client with driver.elementEnabled() result: true
&amp#27;[38;5;119m[f6248b92]&amp#27;[0m&amp#27;[38;5;86m[HTTP]&amp#27;[0m &amp#27;[37m<-- GET /session/f6248b92-9fdc-470c-a016-3877a3b1b151/element/00000000-0000-0225-ffff-ffff0000002f/enabled &amp#27;[39m&amp#27;[32m200&amp#27;[39m &amp#27;[90m22 ms - 14&amp#27;[39m &amp#27;[90m&amp#27;[39m
&amp#27;[38;5;119m[f6248b92]&amp#27;[0m&amp#27;[38;5;86m[HTTP]&amp#27;[0m &amp#27;[37m-->&amp#27;[39m &amp#27;[37mPOST&amp#27;[39m &amp#27;[37m/session/f6248b92-9fdc-470c-a016-3877a3b1b151/element/00000000-0000-0225-ffff-ffff0000002f/click&amp#27;[39m &amp#27;[90m{"id":"00000000-0000-0225-ffff-ffff0000002f"}&amp#27;[39m
&amp#27;[38;5;119m[f6248b92]&amp#27;[0m&amp#27;[38;5;-146m[AndroidUiautomator2Driver@7cd5]&amp#27;[0m Calling AppiumDriver.click() with args: ["00000000-0000-0225-ffff-ffff0000002f","f6248b92-9fdc-470c-a016-3877a3b1b151"]
&amp#27;[38;5;119m[f6248b92]&amp#27;[0m&amp#27;[38;5;-146m[AndroidUiautomator2Driver@7cd5]&amp#27;[0m Matched '/element/00000000-0000-0225-ffff-ffff0000002f/click' to command name 'click'
&amp#27;[38;5;119m[f6248b92]&amp#27;[0m&amp#27;[38;5;-146m[AndroidUiautomator2Driver@7cd5]&amp#27;[0m Proxying [POST /element/00000000-0000-0225-ffff-ffff0000002f/click] to [POST http://127.0.0.1:8200/session/786106a2-dae1-42b8-82b8-9ae140162563/element/00000000-0000-0225-ffff-ffff0000002f/click] with body: {"element":"00000000-0000-0225-ffff-ffff0000002f"}
&amp#27;[38;5;119m[f6248b92]&amp#27;[0m&amp#27;[38;5;-146m[AndroidUiautomator2Driver@7cd5]&amp#27;[0m Got response with status 200: {"sessionId":"786106a2-dae1-42b8-82b8-9ae140162563","value":null}
&amp#27;[38;5;119m[f6248b92]&amp#27;[0m&amp#27;[38;5;-146m[AndroidUiautomator2Driver@7cd5]&amp#27;[0m Responding to client with driver.click() result: null
&amp#27;[38;5;119m[f6248b92]&amp#27;[0m&amp#27;[38;5;86m[HTTP]&amp#27;[0m &amp#27;[37m<-- POST /session/f6248b92-9fdc-470c-a016-3877a3b1b151/element/00000000-0000-0225-ffff-ffff0000002f/click &amp#27;[39m&amp#27;[32m200&amp#27;[39m &amp#27;[90m787 ms - 14&amp#27;[39m &amp#27;[90m&amp#27;[39m
&amp#27;[38;5;119m[f6248b92]&amp#27;[0m&amp#27;[38;5;86m[HTTP]&amp#27;[0m &amp#27;[37m-->&amp#27;[39m &amp#27;[37mPOST&amp#27;[39m &amp#27;[37m/session/f6248b92-9fdc-470c-a016-3877a3b1b151/element&amp#27;[39m &amp#27;[90m{"value":"//android.widget.TextView[@resource-id=\"android:id/text1\"]","using":"xpath"}&amp#27;[39m
&amp#27;[38;5;119m[f6248b92]&amp#27;[0m&amp#27;[38;5;-146m[AndroidUiautomator2Driver@7cd5]&amp#27;[0m Calling AppiumDriver.findElement() with args: ["xpath","//android.widget.TextView[@resource-id=\"android:id/text1\"]","f6248b92-9fdc-470c-a016-3877a3b1b151"]
&amp#27;[38;5;119m[f6248b92]&amp#27;[0m&amp#27;[38;5;-146m[AndroidUiautomator2Driver@7cd5]&amp#27;[0m Valid locator strategies for this request: xpath, id, class name, accessibility id, css selector, -android uiautomator
&amp#27;[38;5;119m[f6248b92]&amp#27;[0m&amp#27;[38;5;-146m[AndroidUiautomator2Driver@7cd5]&amp#27;[0m Waiting up to 0 ms for condition
&amp#27;[38;5;119m[f6248b92]&amp#27;[0m&amp#27;[38;5;-146m[AndroidUiautomator2Driver@7cd5]&amp#27;[0m Matched '/element' to command name 'findElement'
&amp#27;[38;5;119m[f6248b92]&amp#27;[0m&amp#27;[38;5;-146m[AndroidUiautomator2Driver@7cd5]&amp#27;[0m Proxying [POST /element] to [POST http://127.0.0.1:8200/session/786106a2-dae1-42b8-82b8-9ae140162563/element] with body: {"strategy":"xpath","selector":"//android.widget.TextView[@resource-id=\"android:id/text1\"]","context":"","multiple":false}
&amp#27;[38;5;119m[f6248b92]&amp#27;[0m&amp#27;[38;5;-146m[AndroidUiautomator2Driver@7cd5]&amp#27;[0m Got response with status 200: {"sessionId":"786106a2-dae1-42b8-82b8-9ae140162563","value":{"ELEMENT":"00000000-0000-0224-ffff-ffff00000032","element-6066-11e4-a52e-4f735466cecf":"00000000-0000-0224-ffff-ffff00000032"}}
&amp#27;[38;5;119m[f6248b92]&amp#27;[0m&amp#27;[38;5;-146m[AndroidUiautomator2Driver@7cd5]&amp#27;[0m Responding to client with driver.findElement() result: {"element-6066-11e4-a52e-4f735466cecf":"00000000-0000-0224-ffff-ffff00000032","ELEMENT":"00000000-0000-0224-ffff-ffff00000032"}
&amp#27;[38;5;119m[f6248b92]&amp#27;[0m&amp#27;[38;5;86m[HTTP]&amp#27;[0m &amp#27;[37m<-- POST /session/f6248b92-9fdc-470c-a016-3877a3b1b151/element &amp#27;[39m&amp#27;[32m200&amp#27;[39m &amp#27;[90m67 ms - 137&amp#27;[39m &amp#27;[90m&amp#27;[39m
&amp#27;[38;5;119m[f6248b92]&amp#27;[0m&amp#27;[38;5;86m[HTTP]&amp#27;[0m &amp#27;[37m-->&amp#27;[39m &amp#27;[37mGET&amp#27;[39m &amp#27;[37m/session/f6248b92-9fdc-470c-a016-3877a3b1b151/element/00000000-0000-0224-ffff-ffff00000032/displayed&amp#27;[39m &amp#27;[90m{}&amp#27;[39m
&amp#27;[38;5;119m[f6248b92]&amp#27;[0m&amp#27;[38;5;-146m[AndroidUiautomator2Driver@7cd5]&amp#27;[0m Calling AppiumDriver.elementDisplayed() with args: ["00000000-0000-0224-ffff-ffff00000032","f6248b92-9fdc-470c-a016-3877a3b1b151"]
&amp#27;[38;5;119m[f6248b92]&amp#27;[0m&amp#27;[38;5;-146m[AndroidUiautomator2Driver@7cd5]&amp#27;[0m Matched '/element/00000000-0000-0224-ffff-ffff00000032/attribute/displayed' to command name 'getAttribute'
&amp#27;[38;5;119m[f6248b92]&amp#27;[0m&amp#27;[38;5;-146m[AndroidUiautomator2Driver@7cd5]&amp#27;[0m Proxying [GET /element/00000000-0000-0224-ffff-ffff00000032/attribute/displayed] to [GET http://127.0.0.1:8200/session/786106a2-dae1-42b8-82b8-9ae140162563/element/00000000-0000-0224-ffff-ffff00000032/attribute/displayed] with no body
&amp#27;[38;5;119m[f6248b92]&amp#27;[0m&amp#27;[38;5;-146m[AndroidUiautomator2Driver@7cd5]&amp#27;[0m Got response with status 200: {"sessionId":"786106a2-dae1-42b8-82b8-9ae140162563","value":"true"}
&amp#27;[38;5;119m[f6248b92]&amp#27;[0m&amp#27;[38;5;-146m[AndroidUiautomator2Driver@7cd5]&amp#27;[0m Responding to client with driver.elementDisplayed() result: true
&amp#27;[38;5;119m[f6248b92]&amp#27;[0m&amp#27;[38;5;86m[HTTP]&amp#27;[0m &amp#27;[37m<-- GET /session/f6248b92-9fdc-470c-a016-3877a3b1b151/element/00000000-0000-0224-ffff-ffff00000032/displayed &amp#27;[39m&amp#27;[32m200&amp#27;[39m &amp#27;[90m24 ms - 14&amp#27;[39m &amp#27;[90m&amp#27;[39m
&amp#27;[38;5;119m[f6248b92]&amp#27;[0m&amp#27;[38;5;86m[HTTP]&amp#27;[0m &amp#27;[37m-->&amp#27;[39m &amp#27;[37mGET&amp#27;[39m &amp#27;[37m/session/f6248b92-9fdc-470c-a016-3877a3b1b151/element/00000000-0000-0224-ffff-ffff00000032/text&amp#27;[39m &amp#27;[90m{}&amp#27;[39m
&amp#27;[38;5;119m[f6248b92]&amp#27;[0m&amp#27;[38;5;-146m[AndroidUiautomator2Driver@7cd5]&amp#27;[0m Driver proxy active, passing request on via HTTP proxy
&amp#27;[38;5;119m[f6248b92]&amp#27;[0m&amp#27;[38;5;-146m[AndroidUiautomator2Driver@7cd5]&amp#27;[0m Matched '/session/f6248b92-9fdc-470c-a016-3877a3b1b151/element/00000000-0000-0224-ffff-ffff00000032/text' to command name 'getText'
&amp#27;[38;5;119m[f6248b92]&amp#27;[0m&amp#27;[38;5;-146m[AndroidUiautomator2Driver@7cd5]&amp#27;[0m Proxying [GET /session/f6248b92-9fdc-470c-a016-3877a3b1b151/element/00000000-0000-0224-ffff-ffff00000032/text] to [GET http://127.0.0.1:8200/session/786106a2-dae1-42b8-82b8-9ae140162563/element/00000000-0000-0224-ffff-ffff00000032/text] with no body
&amp#27;[38;5;119m[f6248b92]&amp#27;[0m&amp#27;[38;5;-146m[AndroidUiautomator2Driver@7cd5]&amp#27;[0m Got response with status 200: {"sessionId":"786106a2-dae1-42b8-82b8-9ae140162563","value":"Egypt"}
&amp#27;[38;5;119m[f6248b92]&amp#27;[0m&amp#27;[38;5;-146m[AndroidUiautomator2Driver@7cd5]&amp#27;[0m Replacing sessionId 786106a2-dae1-42b8-82b8-9ae140162563 with f6248b92-9fdc-470c-a016-3877a3b1b151
&amp#27;[38;5;119m[f6248b92]&amp#27;[0m&amp#27;[38;5;86m[HTTP]&amp#27;[0m &amp#27;[37m<-- GET /session/f6248b92-9fdc-470c-a016-3877a3b1b151/element/00000000-0000-0224-ffff-ffff00000032/text &amp#27;[39m&amp#27;[32m200&amp#27;[39m &amp#27;[90m12 ms - 68&amp#27;[39m &amp#27;[90m&amp#27;[39m
]]></system-out>
    <system-err><![CDATA[SLF4J(W): No SLF4J providers were found.
SLF4J(W): Defaulting to no-operation (NOP) logger implementation
SLF4J(W): See https://www.slf4j.org/codes.html#noProviders for further details.
]]></system-err>
  </testcase>
</testsuite>